[rosmaster.main][INFO] 2012-12-18 20:51:53,240: initialization complete, waiting for shutdown
[rosmaster.main][INFO] 2012-12-18 20:51:53,241: Starting ROS Master Node
[xmlrpc][INFO] 2012-12-18 20:51:53,246: XML-RPC server binding to 0.0.0.0
[rosmaster.master][INFO] 2012-12-18 20:51:53,250: Master initialized: port[11311], uri[http://linaro-alip:11311/]
[xmlrpc][INFO] 2012-12-18 20:51:53,249: Started XML-RPC server [http://linaro-alip:11311/]
[xmlrpc][INFO] 2012-12-18 20:51:53,251: xml rpc node: starting XML-RPC server
[rosmaster.master][INFO] 2012-12-18 20:51:53,324: +PARAM [/run_id] by /roslaunch
[rosmaster.master][INFO] 2012-12-18 20:51:53,335: +PARAM [/roslaunch/uris/host_linaro_alip__42895] by /roslaunch
[rosmaster.master][INFO] 2012-12-18 20:51:53,726: +PARAM [/rosversion] by /roslaunch
[rosmaster.master][INFO] 2012-12-18 20:51:53,728: +PARAM [/rosdistro] by /roslaunch
[rosmaster.master][INFO] 2012-12-18 20:51:54,237: +SERVICE [/rosout/get_loggers] /rosout http://linaro-alip:38050/
[rosmaster.master][INFO] 2012-12-18 20:51:54,258: +SERVICE [/rosout/set_logger_level] /rosout http://linaro-alip:38050/
[rosmaster.master][INFO] 2012-12-18 20:51:54,305: +PUB [/rosout_agg] /rosout http://linaro-alip:38050/
[rosmaster.master][INFO] 2012-12-18 20:51:54,330: +SUB [/rosout] /rosout http://linaro-alip:38050/
[rosmaster.master][INFO] 2012-12-18 20:54:13,553: +PUB [/rosout] /create http://linaro-alip:48805/
[rosmaster.master][INFO] 2012-12-18 20:54:13,571: publisherUpdate[/rosout] -> http://linaro-alip:38050/
[rosmaster.master][INFO] 2012-12-18 20:54:13,636: -PUB [/rosout] /create http://linaro-alip:48805/
[rosmaster.master][INFO] 2012-12-18 20:54:13,679: publisherUpdate[/rosout] -> http://linaro-alip:38050/
[rosmaster.master][INFO] 2012-12-18 20:59:12,209: +PARAM [/brown/irobot_create_2_1/port] by /rosparam-13476
[rosmaster.master][INFO] 2012-12-18 20:59:55,903: +PARAM [/brown/irobot_create_2_1/port] by /rosparam-13480
[rosmaster.master][INFO] 2012-12-18 21:00:01,896: +PUB [/rosout] /create http://linaro-alip:45274/
[rosmaster.master][INFO] 2012-12-18 21:00:01,921: publisherUpdate[/rosout] -> http://linaro-alip:38050/
[rosmaster.master][INFO] 2012-12-18 21:00:05,283: +PUB [/sensorPacket] /create http://linaro-alip:45274/
[rosmaster.master][INFO] 2012-12-18 21:00:05,318: +PUB [/odom] /create http://linaro-alip:45274/
[rosmaster.master][INFO] 2012-12-18 21:00:05,352: +PUB [/tf] /create http://linaro-alip:45274/
[rosmaster.master][INFO] 2012-12-18 21:00:05,388: +SERVICE [/brake] /create http://linaro-alip:45274/
[rosmaster.master][INFO] 2012-12-18 21:00:05,420: +SERVICE [/circle] /create http://linaro-alip:45274/
[rosmaster.master][INFO] 2012-12-18 21:00:05,453: +SERVICE [/demo] /create http://linaro-alip:45274/
[rosmaster.master][INFO] 2012-12-18 21:00:05,485: +SERVICE [/leds] /create http://linaro-alip:45274/
[rosmaster.master][INFO] 2012-12-18 21:00:05,517: +SERVICE [/tank] /create http://linaro-alip:45274/
[rosmaster.master][INFO] 2012-12-18 21:00:05,550: +SERVICE [/turn] /create http://linaro-alip:45274/
[rosmaster.master][INFO] 2012-12-18 21:00:05,583: +SERVICE [/dock] /create http://linaro-alip:45274/
[rosmaster.master][INFO] 2012-12-18 21:00:05,615: +SUB [/cmd_vel] /create http://linaro-alip:45274/
[rosmaster.master][INFO] 2012-12-18 21:01:58,764: +PUB [/rosout] /rosservice_13526_1355864518255 http://linaro-alip:43820/
[rosmaster.master][INFO] 2012-12-18 21:01:58,793: publisherUpdate[/rosout] -> http://linaro-alip:38050/
[rosmaster.master][INFO] 2012-12-18 21:01:58,921: -PUB [/rosout] /rosservice_13526_1355864518255 http://linaro-alip:43820/
[rosmaster.master][INFO] 2012-12-18 21:01:58,928: publisherUpdate[/rosout] -> http://linaro-alip:38050/
[rosmaster.master][INFO] 2012-12-18 21:02:02,720: +PUB [/rosout] /rosservice_13542_1355864522212 http://linaro-alip:44566/
[rosmaster.master][INFO] 2012-12-18 21:02:02,749: publisherUpdate[/rosout] -> http://linaro-alip:38050/
[rosmaster.master][INFO] 2012-12-18 21:02:02,871: -PUB [/rosout] /rosservice_13542_1355864522212 http://linaro-alip:44566/
[rosmaster.master][INFO] 2012-12-18 21:02:02,917: publisherUpdate[/rosout] -> http://linaro-alip:38050/
[rosmaster.master][INFO] 2012-12-18 21:02:29,210: -SUB [/cmd_vel] /create http://linaro-alip:45274/
[rosmaster.master][INFO] 2012-12-18 21:02:29,213: -PUB [/sensorPacket] /create http://linaro-alip:45274/
[rosmaster.master][INFO] 2012-12-18 21:02:29,217: -PUB [/odom] /create http://linaro-alip:45274/
[rosmaster.master][INFO] 2012-12-18 21:02:29,221: -PUB [/rosout] /create http://linaro-alip:45274/
[rosmaster.master][INFO] 2012-12-18 21:02:29,224: -PUB [/tf] /create http://linaro-alip:45274/
[rosmaster.master][INFO] 2012-12-18 21:02:29,227: -SERVICE [/circle] /create rosrpc://linaro-alip:46021
[rosmaster.master][INFO] 2012-12-18 21:02:29,230: -SERVICE [/demo] /create rosrpc://linaro-alip:46021
[rosmaster.master][INFO] 2012-12-18 21:02:29,233: -SERVICE [/turn] /create rosrpc://linaro-alip:46021
[rosmaster.master][INFO] 2012-12-18 21:02:29,236: -SERVICE [/leds] /create rosrpc://linaro-alip:46021
[rosmaster.master][INFO] 2012-12-18 21:02:29,241: -SERVICE [/brake] /create rosrpc://linaro-alip:46021
[rosmaster.master][INFO] 2012-12-18 21:02:29,244: -SERVICE [/tank] /create rosrpc://linaro-alip:46021
[rosmaster.master][INFO] 2012-12-18 21:02:29,256: -SERVICE [/dock] /create rosrpc://linaro-alip:46021
[rosmaster.master][INFO] 2012-12-18 21:02:29,295: publisherUpdate[/rosout] -> http://linaro-alip:38050/
[rosmaster.master][INFO] 2012-12-18 21:02:35,339: +PUB [/rosout] /create http://linaro-alip:48172/
[rosmaster.master][INFO] 2012-12-18 21:02:35,360: publisherUpdate[/rosout] -> http://linaro-alip:38050/
[rosmaster.master][INFO] 2012-12-18 21:02:38,718: +PUB [/sensorPacket] /create http://linaro-alip:48172/
[rosmaster.master][INFO] 2012-12-18 21:02:38,751: +PUB [/odom] /create http://linaro-alip:48172/
[rosmaster.master][INFO] 2012-12-18 21:02:38,785: +PUB [/tf] /create http://linaro-alip:48172/
[rosmaster.master][INFO] 2012-12-18 21:02:38,822: +SERVICE [/brake] /create http://linaro-alip:48172/
[rosmaster.master][INFO] 2012-12-18 21:02:38,854: +SERVICE [/circle] /create http://linaro-alip:48172/
[rosmaster.master][INFO] 2012-12-18 21:02:38,887: +SERVICE [/demo] /create http://linaro-alip:48172/
[rosmaster.master][INFO] 2012-12-18 21:02:38,925: +SERVICE [/leds] /create http://linaro-alip:48172/
[rosmaster.master][INFO] 2012-12-18 21:02:38,959: +SERVICE [/tank] /create http://linaro-alip:48172/
[rosmaster.master][INFO] 2012-12-18 21:02:38,993: +SERVICE [/turn] /create http://linaro-alip:48172/
[rosmaster.master][INFO] 2012-12-18 21:02:39,027: +SERVICE [/dock] /create http://linaro-alip:48172/
[rosmaster.master][INFO] 2012-12-18 21:02:39,058: +SUB [/cmd_vel] /create http://linaro-alip:48172/
[rosmaster.master][INFO] 2012-12-18 21:02:48,578: +PUB [/rosout] /rosservice_13593_1355864568071 http://linaro-alip:45048/
[rosmaster.master][INFO] 2012-12-18 21:02:48,637: publisherUpdate[/rosout] -> http://linaro-alip:38050/
[rosmaster.master][INFO] 2012-12-18 21:02:48,660: -PUB [/rosout] /rosservice_13593_1355864568071 http://linaro-alip:45048/
[rosmaster.master][INFO] 2012-12-18 21:02:48,742: publisherUpdate[/rosout] -> http://linaro-alip:38050/
[rosmaster.master][INFO] 2012-12-18 21:02:52,292: +PUB [/rosout] /rosservice_13608_1355864571786 http://linaro-alip:35643/
[rosmaster.master][INFO] 2012-12-18 21:02:52,358: -PUB [/rosout] /rosservice_13608_1355864571786 http://linaro-alip:35643/
[rosmaster.master][INFO] 2012-12-18 21:02:52,369: publisherUpdate[/rosout] -> http://linaro-alip:38050/
[rosmaster.master][INFO] 2012-12-18 21:02:52,377: publisherUpdate[/rosout] -> http://linaro-alip:38050/
[rosmaster.master][INFO] 2012-12-18 21:05:13,202: +PUB [/rosout] /rosservice_13621_1355864712706 http://linaro-alip:38693/
[rosmaster.master][INFO] 2012-12-18 21:05:13,266: -PUB [/rosout] /rosservice_13621_1355864712706 http://linaro-alip:38693/
[rosmaster.master][INFO] 2012-12-18 21:05:13,295: publisherUpdate[/rosout] -> http://linaro-alip:38050/
[rosmaster.master][INFO] 2012-12-18 21:05:13,302: publisherUpdate[/rosout] -> http://linaro-alip:38050/
[rosmaster.master][INFO] 2012-12-18 21:05:16,931: +PUB [/rosout] /rosservice_13635_1355864716433 http://linaro-alip:39873/
[rosmaster.master][INFO] 2012-12-18 21:05:16,994: -PUB [/rosout] /rosservice_13635_1355864716433 http://linaro-alip:39873/
[rosmaster.master][INFO] 2012-12-18 21:05:17,014: publisherUpdate[/rosout] -> http://linaro-alip:38050/
[rosmaster.master][INFO] 2012-12-18 21:05:17,021: publisherUpdate[/rosout] -> http://linaro-alip:38050/
[rosmaster.master][INFO] 2012-12-18 21:18:04,667: +PUB [/rosout] /rosservice_13653_1355865484164 http://linaro-alip:56386/
[rosmaster.master][INFO] 2012-12-18 21:18:04,693: publisherUpdate[/rosout] -> http://linaro-alip:38050/
[rosmaster.master][INFO] 2012-12-18 21:18:04,821: -PUB [/rosout] /rosservice_13653_1355865484164 http://linaro-alip:56386/
[rosmaster.master][INFO] 2012-12-18 21:18:04,898: publisherUpdate[/rosout] -> http://linaro-alip:38050/
[rosmaster.master][INFO] 2012-12-18 21:18:07,806: +PUB [/rosout] /rosservice_13669_1355865487306 http://linaro-alip:57532/
[rosmaster.master][INFO] 2012-12-18 21:18:07,814: publisherUpdate[/rosout] -> http://linaro-alip:38050/
[rosmaster.master][INFO] 2012-12-18 21:18:08,272: -PUB [/rosout] /rosservice_13669_1355865487306 http://linaro-alip:57532/
[rosmaster.master][INFO] 2012-12-18 21:18:08,318: publisherUpdate[/rosout] -> http://linaro-alip:38050/
[rosmaster.master][INFO] 2012-12-18 21:21:01,391: +PUB [/rosout] /rosservice_13684_1355865660890 http://linaro-alip:59490/
[rosmaster.master][INFO] 2012-12-18 21:21:01,430: publisherUpdate[/rosout] -> http://linaro-alip:38050/
[rosmaster.master][INFO] 2012-12-18 21:21:01,560: -PUB [/rosout] /rosservice_13684_1355865660890 http://linaro-alip:59490/
[rosmaster.master][INFO] 2012-12-18 21:21:01,632: publisherUpdate[/rosout] -> http://linaro-alip:38050/
[rosmaster.master][INFO] 2012-12-18 21:21:05,203: +PUB [/rosout] /rosservice_13700_1355865664704 http://linaro-alip:59040/
[rosmaster.master][INFO] 2012-12-18 21:21:05,253: publisherUpdate[/rosout] -> http://linaro-alip:38050/
[rosmaster.master][INFO] 2012-12-18 21:21:05,675: -PUB [/rosout] /rosservice_13700_1355865664704 http://linaro-alip:59040/
[rosmaster.master][INFO] 2012-12-18 21:21:05,757: publisherUpdate[/rosout] -> http://linaro-alip:38050/
[rosmaster.master][INFO] 2012-12-18 21:21:28,723: -SUB [/cmd_vel] /create http://linaro-alip:48172/
[rosmaster.master][INFO] 2012-12-18 21:21:28,727: -PUB [/sensorPacket] /create http://linaro-alip:48172/
[rosmaster.master][INFO] 2012-12-18 21:21:28,730: -PUB [/odom] /create http://linaro-alip:48172/
[rosmaster.master][INFO] 2012-12-18 21:21:28,733: -PUB [/rosout] /create http://linaro-alip:48172/
[rosmaster.master][INFO] 2012-12-18 21:21:28,736: -PUB [/tf] /create http://linaro-alip:48172/
[rosmaster.master][INFO] 2012-12-18 21:21:28,740: -SERVICE [/circle] /create rosrpc://linaro-alip:38845
[rosmaster.master][INFO] 2012-12-18 21:21:28,743: -SERVICE [/demo] /create rosrpc://linaro-alip:38845
[rosmaster.master][INFO] 2012-12-18 21:21:28,746: -SERVICE [/turn] /create rosrpc://linaro-alip:38845
[rosmaster.master][INFO] 2012-12-18 21:21:28,754: -SERVICE [/leds] /create rosrpc://linaro-alip:38845
[rosmaster.master][INFO] 2012-12-18 21:21:28,758: -SERVICE [/brake] /create rosrpc://linaro-alip:38845
[rosmaster.master][INFO] 2012-12-18 21:21:28,761: -SERVICE [/tank] /create rosrpc://linaro-alip:38845
[rosmaster.master][INFO] 2012-12-18 21:21:28,770: -SERVICE [/dock] /create rosrpc://linaro-alip:38845
[rosmaster.master][INFO] 2012-12-18 21:21:28,807: publisherUpdate[/rosout] -> http://linaro-alip:38050/
[rosmaster.master][INFO] 2012-12-18 21:21:35,976: +PUB [/rosout] /create http://linaro-alip:47416/
[rosmaster.master][INFO] 2012-12-18 21:21:36,045: publisherUpdate[/rosout] -> http://linaro-alip:38050/
[rosmaster.master][INFO] 2012-12-18 21:21:39,346: +PUB [/sensorPacket] /create http://linaro-alip:47416/
[rosmaster.master][INFO] 2012-12-18 21:21:39,380: +PUB [/odom] /create http://linaro-alip:47416/
[rosmaster.master][INFO] 2012-12-18 21:21:39,414: +PUB [/tf] /create http://linaro-alip:47416/
[rosmaster.master][INFO] 2012-12-18 21:21:39,451: +SERVICE [/brake] /create http://linaro-alip:47416/
[rosmaster.master][INFO] 2012-12-18 21:21:39,483: +SERVICE [/circle] /create http://linaro-alip:47416/
[rosmaster.master][INFO] 2012-12-18 21:21:39,516: +SERVICE [/demo] /create http://linaro-alip:47416/
[rosmaster.master][INFO] 2012-12-18 21:21:39,550: +SERVICE [/leds] /create http://linaro-alip:47416/
[rosmaster.master][INFO] 2012-12-18 21:21:39,582: +SERVICE [/tank] /create http://linaro-alip:47416/
[rosmaster.master][INFO] 2012-12-18 21:21:39,616: +SERVICE [/turn] /create http://linaro-alip:47416/
[rosmaster.master][INFO] 2012-12-18 21:21:39,648: +SERVICE [/dock] /create http://linaro-alip:47416/
[rosmaster.master][INFO] 2012-12-18 21:21:39,680: +SUB [/cmd_vel] /create http://linaro-alip:47416/
[rosmaster.master][INFO] 2012-12-18 21:23:09,037: -SUB [/cmd_vel] /create http://linaro-alip:47416/
[rosmaster.master][INFO] 2012-12-18 21:23:09,041: -PUB [/sensorPacket] /create http://linaro-alip:47416/
[rosmaster.master][INFO] 2012-12-18 21:23:09,045: -PUB [/odom] /create http://linaro-alip:47416/
[rosmaster.master][INFO] 2012-12-18 21:23:09,048: -PUB [/rosout] /create http://linaro-alip:47416/
[rosmaster.master][INFO] 2012-12-18 21:23:09,051: -PUB [/tf] /create http://linaro-alip:47416/
[rosmaster.master][INFO] 2012-12-18 21:23:09,054: -SERVICE [/circle] /create rosrpc://linaro-alip:44002
[rosmaster.master][INFO] 2012-12-18 21:23:09,057: -SERVICE [/demo] /create rosrpc://linaro-alip:44002
[rosmaster.master][INFO] 2012-12-18 21:23:09,060: -SERVICE [/turn] /create rosrpc://linaro-alip:44002
[rosmaster.master][INFO] 2012-12-18 21:23:09,063: -SERVICE [/leds] /create rosrpc://linaro-alip:44002
[rosmaster.master][INFO] 2012-12-18 21:23:09,065: -SERVICE [/brake] /create rosrpc://linaro-alip:44002
[rosmaster.master][INFO] 2012-12-18 21:23:09,068: -SERVICE [/tank] /create rosrpc://linaro-alip:44002
[rosmaster.master][INFO] 2012-12-18 21:23:09,073: -SERVICE [/dock] /create rosrpc://linaro-alip:44002
[rosmaster.master][INFO] 2012-12-18 21:23:09,075: publisherUpdate[/rosout] -> http://linaro-alip:38050/
[rosmaster.master][INFO] 2012-12-18 21:23:15,094: +PUB [/rosout] /create http://linaro-alip:46510/
[rosmaster.master][INFO] 2012-12-18 21:23:15,105: publisherUpdate[/rosout] -> http://linaro-alip:38050/
[rosmaster.master][INFO] 2012-12-18 21:23:18,472: +PUB [/sensorPacket] /create http://linaro-alip:46510/
[rosmaster.master][INFO] 2012-12-18 21:23:18,508: +PUB [/odom] /create http://linaro-alip:46510/
[rosmaster.master][INFO] 2012-12-18 21:23:18,541: +PUB [/tf] /create http://linaro-alip:46510/
[rosmaster.master][INFO] 2012-12-18 21:23:18,576: +SERVICE [/brake] /create http://linaro-alip:46510/
[rosmaster.master][INFO] 2012-12-18 21:23:18,610: +SERVICE [/circle] /create http://linaro-alip:46510/
[rosmaster.master][INFO] 2012-12-18 21:23:18,642: +SERVICE [/demo] /create http://linaro-alip:46510/
[rosmaster.master][INFO] 2012-12-18 21:23:18,674: +SERVICE [/leds] /create http://linaro-alip:46510/
[rosmaster.master][INFO] 2012-12-18 21:23:18,707: +SERVICE [/tank] /create http://linaro-alip:46510/
[rosmaster.master][INFO] 2012-12-18 21:23:18,738: +SERVICE [/turn] /create http://linaro-alip:46510/
[rosmaster.master][INFO] 2012-12-18 21:23:18,771: +SERVICE [/dock] /create http://linaro-alip:46510/
[rosmaster.master][INFO] 2012-12-18 21:23:18,807: +SUB [/cmd_vel] /create http://linaro-alip:46510/
[rosmaster.master][INFO] 2012-12-18 21:27:50,423: +PUB [/rosout] /rosservice_13790_1355866069922 http://linaro-alip:33301/
[rosmaster.master][INFO] 2012-12-18 21:27:50,471: publisherUpdate[/rosout] -> http://linaro-alip:38050/
[rosmaster.master][INFO] 2012-12-18 21:27:50,592: -PUB [/rosout] /rosservice_13790_1355866069922 http://linaro-alip:33301/
[rosmaster.master][INFO] 2012-12-18 21:27:50,606: publisherUpdate[/rosout] -> http://linaro-alip:38050/
[rosmaster.master][INFO] 2012-12-18 21:28:37,177: -SUB [/cmd_vel] /create http://linaro-alip:46510/
[rosmaster.master][INFO] 2012-12-18 21:28:37,180: -PUB [/sensorPacket] /create http://linaro-alip:46510/
[rosmaster.master][INFO] 2012-12-18 21:28:37,183: -PUB [/odom] /create http://linaro-alip:46510/
[rosmaster.master][INFO] 2012-12-18 21:28:37,187: -PUB [/rosout] /create http://linaro-alip:46510/
[rosmaster.master][INFO] 2012-12-18 21:28:37,192: publisherUpdate[/rosout] -> http://linaro-alip:38050/
[rosmaster.master][INFO] 2012-12-18 21:28:37,190: -PUB [/tf] /create http://linaro-alip:46510/
[rosmaster.master][INFO] 2012-12-18 21:28:37,205: -SERVICE [/circle] /create rosrpc://linaro-alip:38894
[rosmaster.master][INFO] 2012-12-18 21:28:37,226: -SERVICE [/demo] /create rosrpc://linaro-alip:38894
[rosmaster.master][INFO] 2012-12-18 21:28:37,229: -SERVICE [/turn] /create rosrpc://linaro-alip:38894
[rosmaster.master][INFO] 2012-12-18 21:28:37,234: -SERVICE [/leds] /create rosrpc://linaro-alip:38894
[rosmaster.master][INFO] 2012-12-18 21:28:37,238: -SERVICE [/brake] /create rosrpc://linaro-alip:38894
[rosmaster.master][INFO] 2012-12-18 21:28:37,241: -SERVICE [/tank] /create rosrpc://linaro-alip:38894
[rosmaster.master][INFO] 2012-12-18 21:28:37,244: -SERVICE [/dock] /create rosrpc://linaro-alip:38894
[rosmaster.master][INFO] 2012-12-18 21:30:03,317: +PUB [/rosout] /create http://linaro-alip:33627/
[rosmaster.master][INFO] 2012-12-18 21:30:03,369: publisherUpdate[/rosout] -> http://linaro-alip:38050/
[rosmaster.master][INFO] 2012-12-18 21:30:06,683: +PUB [/sensorPacket] /create http://linaro-alip:33627/
[rosmaster.master][INFO] 2012-12-18 21:30:06,718: +PUB [/odom] /create http://linaro-alip:33627/
[rosmaster.master][INFO] 2012-12-18 21:30:06,756: +PUB [/tf] /create http://linaro-alip:33627/
[rosmaster.master][INFO] 2012-12-18 21:30:06,790: +SERVICE [/brake] /create http://linaro-alip:33627/
[rosmaster.master][INFO] 2012-12-18 21:30:06,822: +SERVICE [/circle] /create http://linaro-alip:33627/
[rosmaster.master][INFO] 2012-12-18 21:30:06,857: +SERVICE [/demo] /create http://linaro-alip:33627/
[rosmaster.master][INFO] 2012-12-18 21:30:06,888: +SERVICE [/leds] /create http://linaro-alip:33627/
[rosmaster.master][INFO] 2012-12-18 21:30:06,920: +SERVICE [/tank] /create http://linaro-alip:33627/
[rosmaster.master][INFO] 2012-12-18 21:30:06,953: +SERVICE [/turn] /create http://linaro-alip:33627/
[rosmaster.master][INFO] 2012-12-18 21:30:06,985: +SERVICE [/dock] /create http://linaro-alip:33627/
[rosmaster.master][INFO] 2012-12-18 21:30:07,010: +SUB [/cmd_vel] /create http://linaro-alip:33627/
