[roslaunch][INFO] 2012-12-18 20:51:50,818: Checking log directory for disk usage. This may take awhile.
Press Ctrl-C to interrupt
[roslaunch][INFO] 2012-12-18 20:51:50,844: Done checking log file disk usage. Usage is <1GB.
[roslaunch][INFO] 2012-12-18 20:51:50,846: roslaunch starting with args ['roscore', '--core']
[roslaunch][INFO] 2012-12-18 20:51:50,848: roslaunch env is {'ROS_DISTRO': 'groovy', 'LESSOPEN': '| /usr/bin/lesspipe %s', 'HUSHLOGIN': 'FALSE', 'CPATH': '/root/ros_core_ws/install/include', 'LOGNAME': 'root', 'USER': 'root', 'HOME': '/root', 'PATH': '/root/ros_core_ws/install/bin:/usr/local/sbin:/usr/local/bin:/usr/sbin:/usr/bin:/sbin:/bin:/usr/games', 'CMAKE_PREFIX_PATH': '/root/ros_core_ws/install', 'LD_LIBRARY_PATH': '/root/ros_core_ws/install/lib', 'LANG': 'C.UTF-8', 'TERM': 'screen', 'SHELL': '/bin/bash', 'XDG_SESSION_COOKIE': 'e4084059916f6c6f2627d7c100000008-946684941.866638-609120259', 'SHLVL': '2', 'ROS_LOG_FILENAME': '/root/.ros/log/beea927e-4954-11e2-919f-00198815b08c/roslaunch-linaro-alip-13404.log', 'ROS_ETC_DIR': '/root/ros_core_ws/install/etc/roslib', 'PYTHONPATH': '/root/ros_core_ws/install/lib/python2.7/dist-packages', 'TMUX': '/tmp/tmux-0/default,13392,0', 'ROS_ROOT': '/root/ros_core_ws/install/share/ros', 'PKG_CONFIG_PATH': '/root/ros_core_ws/install/lib/pkgconfig', 'ROS_PACKAGE_PATH': '/root/ros/irobot_create_2_1:/root/ros/geometry:/root/ros/bullet:/root/ros/orocos_kinematics_dynamics:/root/ros_core_ws/install/share:/root/ros_core_ws/install/stacks', 'ROS_WORKSPACE': '/root/ros', '_': '/root/ros_core_ws/install/bin/roscore', 'LESSCLOSE': '/usr/bin/lesspipe %s %s', 'PWD': '/root/ros', 'ROS_MASTER_URI': 'http://localhost:11311', 'MAIL': '/var/mail/root', 'LS_COLORS': 'rs=0:di=01;34:ln=01;36:mh=00:pi=40;33:so=01;35:do=01;35:bd=40;33;01:cd=40;33;01:or=40;31;01:su=37;41:sg=30;43:ca=30;41:tw=30;42:ow=34;42:st=37;44:ex=01;32:*.tar=01;31:*.tgz=01;31:*.arj=01;31:*.taz=01;31:*.lzh=01;31:*.lzma=01;31:*.tlz=01;31:*.txz=01;31:*.zip=01;31:*.z=01;31:*.Z=01;31:*.dz=01;31:*.gz=01;31:*.lz=01;31:*.xz=01;31:*.bz2=01;31:*.bz=01;31:*.tbz=01;31:*.tbz2=01;31:*.tz=01;31:*.deb=01;31:*.rpm=01;31:*.jar=01;31:*.war=01;31:*.ear=01;31:*.sar=01;31:*.rar=01;31:*.ace=01;31:*.zoo=01;31:*.cpio=01;31:*.7z=01;31:*.rz=01;31:*.jpg=01;35:*.jpeg=01;35:*.gif=01;35:*.bmp=01;35:*.pbm=01;35:*.pgm=01;35:*.ppm=01;35:*.tga=01;35:*.xbm=01;35:*.xpm=01;35:*.tif=01;35:*.tiff=01;35:*.png=01;35:*.svg=01;35:*.svgz=01;35:*.mng=01;35:*.pcx=01;35:*.mov=01;35:*.mpg=01;35:*.mpeg=01;35:*.m2v=01;35:*.mkv=01;35:*.webm=01;35:*.ogm=01;35:*.mp4=01;35:*.m4v=01;35:*.mp4v=01;35:*.vob=01;35:*.qt=01;35:*.nuv=01;35:*.wmv=01;35:*.asf=01;35:*.rm=01;35:*.rmvb=01;35:*.flc=01;35:*.avi=01;35:*.fli=01;35:*.flv=01;35:*.gl=01;35:*.dl=01;35:*.xcf=01;35:*.xwd=01;35:*.yuv=01;35:*.cgm=01;35:*.emf=01;35:*.axv=01;35:*.anx=01;35:*.ogv=01;35:*.ogx=01;35:*.aac=00;36:*.au=00;36:*.flac=00;36:*.mid=00;36:*.midi=00;36:*.mka=00;36:*.mp3=00;36:*.mpc=00;36:*.ogg=00;36:*.ra=00;36:*.wav=00;36:*.axa=00;36:*.oga=00;36:*.spx=00;36:*.xspf=00;36:', 'TMUX_PANE': '%0'}
[roslaunch][INFO] 2012-12-18 20:51:50,849: starting in server mode
[roslaunch.parent][INFO] 2012-12-18 20:51:50,851: starting roslaunch parent run
[roslaunch][INFO] 2012-12-18 20:51:51,160: loading roscore config file /root/ros_core_ws/install/share/roslaunch/resources/roscore.xml
[roslaunch][INFO] 2012-12-18 20:51:52,230: Added core node of type [rosout/rosout] in namespace [/]
[roslaunch.pmon][INFO] 2012-12-18 20:51:52,231: start_process_monitor: creating ProcessMonitor
[roslaunch.pmon][INFO] 2012-12-18 20:51:52,233: created process monitor <ProcessMonitor(ProcessMonitor-1, initial daemon)>
[roslaunch.pmon][INFO] 2012-12-18 20:51:52,235: start_process_monitor: ProcessMonitor started
[roslaunch.parent][INFO] 2012-12-18 20:51:52,235: starting parent XML-RPC server
[roslaunch.server][INFO] 2012-12-18 20:51:52,236: starting roslaunch XML-RPC server
[roslaunch.server][INFO] 2012-12-18 20:51:52,237: waiting for roslaunch XML-RPC server to initialize
[xmlrpc][INFO] 2012-12-18 20:51:52,239: XML-RPC server binding to 0.0.0.0
[xmlrpc][INFO] 2012-12-18 20:51:52,243: Started XML-RPC server [http://linaro-alip:42895/]
[xmlrpc][INFO] 2012-12-18 20:51:52,244: xml rpc node: starting XML-RPC server
[roslaunch][INFO] 2012-12-18 20:51:52,257: started roslaunch server http://linaro-alip:42895/
[roslaunch.parent][INFO] 2012-12-18 20:51:52,260: ... parent XML-RPC server started
[roslaunch][INFO] 2012-12-18 20:51:52,266: master.is_running[http://linaro-alip:11311/]
[roslaunch][INFO] 2012-12-18 20:51:52,322: auto-starting new master
[roslaunch][INFO] 2012-12-18 20:51:52,324: create_master_process: rosmaster, /root/ros_core_ws/install/share/ros, 11311
[roslaunch][INFO] 2012-12-18 20:51:52,326: process[master]: launching with args [['rosmaster', '--core', '-p', '11311']]
[roslaunch.pmon][INFO] 2012-12-18 20:51:52,327: ProcessMonitor.register[master]
[roslaunch.pmon][INFO] 2012-12-18 20:51:52,327: ProcessMonitor.register[master] complete
[roslaunch][INFO] 2012-12-18 20:51:52,328: process[master]: starting os process
[roslaunch][INFO] 2012-12-18 20:51:52,329: process[master]: start w/ args [['rosmaster', '--core', '-p', '11311', '__log:=/root/.ros/log/beea927e-4954-11e2-919f-00198815b08c/master.log']]
[roslaunch][INFO] 2012-12-18 20:51:52,330: process[master]: cwd will be [/root/.ros]
[roslaunch][INFO] 2012-12-18 20:51:52,349: process[master]: started with pid [13419]
[roslaunch][INFO] 2012-12-18 20:51:52,352: master.is_running[http://linaro-alip:11311/]
[roslaunch][INFO] 2012-12-18 20:51:52,455: master.is_running[http://linaro-alip:11311/]
[roslaunch][INFO] 2012-12-18 20:51:52,559: master.is_running[http://linaro-alip:11311/]
[roslaunch][INFO] 2012-12-18 20:51:52,662: master.is_running[http://linaro-alip:11311/]
[roslaunch][INFO] 2012-12-18 20:51:52,766: master.is_running[http://linaro-alip:11311/]
[roslaunch][INFO] 2012-12-18 20:51:52,869: master.is_running[http://linaro-alip:11311/]
[roslaunch][INFO] 2012-12-18 20:51:52,972: master.is_running[http://linaro-alip:11311/]
[roslaunch][INFO] 2012-12-18 20:51:53,076: master.is_running[http://linaro-alip:11311/]
[roslaunch][INFO] 2012-12-18 20:51:53,180: master.is_running[http://linaro-alip:11311/]
[roslaunch][INFO] 2012-12-18 20:51:53,283: master.is_running[http://linaro-alip:11311/]
[roslaunch][INFO] 2012-12-18 20:51:53,294: master.is_running[http://linaro-alip:11311/]
[roslaunch][INFO] 2012-12-18 20:51:53,303: ROS_MASTER_URI=http://linaro-alip:11311/
[roslaunch][INFO] 2012-12-18 20:51:53,316: setting /run_id to beea927e-4954-11e2-919f-00198815b08c
[roslaunch][INFO] 2012-12-18 20:51:53,328: setting /roslaunch/uris/host_linaro_alip__42895' to http://linaro-alip:42895/
[roslaunch][INFO] 2012-12-18 20:51:53,349: ... preparing to launch node of type [rosout/rosout]
[roslaunch][INFO] 2012-12-18 20:51:53,350: create_node_process: package[rosout] type[rosout] machine[Machine(name[] env_loader[None] address[localhost] ssh_port[22] user[None] assignable[True] timeout[10.0])] master_uri[http://linaro-alip:11311/]
[roslaunch][INFO] 2012-12-18 20:51:53,353: process[rosout-1]: env[{'ROS_DISTRO': 'groovy', 'LESSOPEN': '| /usr/bin/lesspipe %s', 'HUSHLOGIN': 'FALSE', 'CPATH': '/root/ros_core_ws/install/include', 'LOGNAME': 'root', 'USER': 'root', 'HOME': '/root', 'PATH': '/root/ros_core_ws/install/bin:/usr/local/sbin:/usr/local/bin:/usr/sbin:/usr/bin:/sbin:/bin:/usr/games', 'CMAKE_PREFIX_PATH': '/root/ros_core_ws/install', 'ROS_LOG_FILENAME': '/root/.ros/log/beea927e-4954-11e2-919f-00198815b08c/roslaunch-linaro-alip-13404.log', 'LANG': 'C.UTF-8', 'TERM': 'screen', 'SHELL': '/bin/bash', 'XDG_SESSION_COOKIE': 'e4084059916f6c6f2627d7c100000008-946684941.866638-609120259', 'SHLVL': '2', 'LD_LIBRARY_PATH': '/root/ros_core_ws/install/lib', 'ROS_MASTER_URI': 'http://linaro-alip:11311/', 'PYTHONPATH': '/root/ros_core_ws/install/lib/python2.7/dist-packages', 'TMUX': '/tmp/tmux-0/default,13392,0', 'ROS_ROOT': '/root/ros_core_ws/install/share/ros', 'PKG_CONFIG_PATH': '/root/ros_core_ws/install/lib/pkgconfig', 'ROS_PACKAGE_PATH': '/root/ros/irobot_create_2_1:/root/ros/geometry:/root/ros/bullet:/root/ros/orocos_kinematics_dynamics:/root/ros_core_ws/install/share:/root/ros_core_ws/install/stacks', 'ROS_WORKSPACE': '/root/ros', '_': '/root/ros_core_ws/install/bin/roscore', 'LESSCLOSE': '/usr/bin/lesspipe %s %s', 'PWD': '/root/ros', 'ROS_ETC_DIR': '/root/ros_core_ws/install/etc/roslib', 'MAIL': '/var/mail/root', 'LS_COLORS': 'rs=0:di=01;34:ln=01;36:mh=00:pi=40;33:so=01;35:do=01;35:bd=40;33;01:cd=40;33;01:or=40;31;01:su=37;41:sg=30;43:ca=30;41:tw=30;42:ow=34;42:st=37;44:ex=01;32:*.tar=01;31:*.tgz=01;31:*.arj=01;31:*.taz=01;31:*.lzh=01;31:*.lzma=01;31:*.tlz=01;31:*.txz=01;31:*.zip=01;31:*.z=01;31:*.Z=01;31:*.dz=01;31:*.gz=01;31:*.lz=01;31:*.xz=01;31:*.bz2=01;31:*.bz=01;31:*.tbz=01;31:*.tbz2=01;31:*.tz=01;31:*.deb=01;31:*.rpm=01;31:*.jar=01;31:*.war=01;31:*.ear=01;31:*.sar=01;31:*.rar=01;31:*.ace=01;31:*.zoo=01;31:*.cpio=01;31:*.7z=01;31:*.rz=01;31:*.jpg=01;35:*.jpeg=01;35:*.gif=01;35:*.bmp=01;35:*.pbm=01;35:*.pgm=01;35:*.ppm=01;35:*.tga=01;35:*.xbm=01;35:*.xpm=01;35:*.tif=01;35:*.tiff=01;35:*.png=01;35:*.svg=01;35:*.svgz=01;35:*.mng=01;35:*.pcx=01;35:*.mov=01;35:*.mpg=01;35:*.mpeg=01;35:*.m2v=01;35:*.mkv=01;35:*.webm=01;35:*.ogm=01;35:*.mp4=01;35:*.m4v=01;35:*.mp4v=01;35:*.vob=01;35:*.qt=01;35:*.nuv=01;35:*.wmv=01;35:*.asf=01;35:*.rm=01;35:*.rmvb=01;35:*.flc=01;35:*.avi=01;35:*.fli=01;35:*.flv=01;35:*.gl=01;35:*.dl=01;35:*.xcf=01;35:*.xwd=01;35:*.yuv=01;35:*.cgm=01;35:*.emf=01;35:*.axv=01;35:*.anx=01;35:*.ogv=01;35:*.ogx=01;35:*.aac=00;36:*.au=00;36:*.flac=00;36:*.mid=00;36:*.midi=00;36:*.mka=00;36:*.mp3=00;36:*.mpc=00;36:*.ogg=00;36:*.ra=00;36:*.wav=00;36:*.axa=00;36:*.oga=00;36:*.spx=00;36:*.xspf=00;36:', 'TMUX_PANE': '%0'}]
[roslaunch][INFO] 2012-12-18 20:51:53,666: process[rosout-1]: args[[u'/root/ros_core_ws/install/lib/rosout/rosout', u'__name:=rosout']]
[roslaunch][INFO] 2012-12-18 20:51:53,667: ... created process [rosout-1]
[roslaunch.pmon][INFO] 2012-12-18 20:51:53,668: ProcessMonitor.register[rosout-1]
[roslaunch.pmon][INFO] 2012-12-18 20:51:53,669: ProcessMonitor.register[rosout-1] complete
[roslaunch][INFO] 2012-12-18 20:51:53,670: ... registered process [rosout-1]
[roslaunch][INFO] 2012-12-18 20:51:53,671: process[rosout-1]: starting os process
[roslaunch][INFO] 2012-12-18 20:51:53,672: process[rosout-1]: start w/ args [[u'/root/ros_core_ws/install/lib/rosout/rosout', u'__name:=rosout', u'__log:=/root/.ros/log/beea927e-4954-11e2-919f-00198815b08c/rosout-1.log']]
[roslaunch][INFO] 2012-12-18 20:51:53,673: process[rosout-1]: cwd will be [/root/.ros]
[roslaunch][INFO] 2012-12-18 20:51:53,687: process[rosout-1]: started with pid [13443]
[roslaunch][INFO] 2012-12-18 20:51:53,694: ... successfully launched [rosout-1]
[roslaunch][INFO] 2012-12-18 20:51:53,696: load_parameters starting ...
[roslaunch][INFO] 2012-12-18 20:51:53,734: ... load_parameters complete
[roslaunch][INFO] 2012-12-18 20:51:53,735: launch_nodes: launching local nodes ...
[roslaunch][INFO] 2012-12-18 20:51:53,736: ... launch_nodes complete
[roslaunch.pmon][INFO] 2012-12-18 20:51:53,736: registrations completed <ProcessMonitor(ProcessMonitor-1, started daemon -1233324944)>
[roslaunch.parent][INFO] 2012-12-18 20:51:53,737: ... roslaunch parent running, waiting for process exit
[roslaunch][INFO] 2012-12-18 20:51:53,738: spin
[roslaunch.pmon][INFO] 2012-12-18 22:06:03,715: ProcessMonitor.shutdown <ProcessMonitor(ProcessMonitor-1, started daemon -1233324944)>
[roslaunch.pmon][INFO] 2012-12-18 22:06:03,727: ProcessMonitor._post_run <ProcessMonitor(ProcessMonitor-1, started daemon -1233324944)>
[roslaunch.pmon][INFO] 2012-12-18 22:06:03,728: ProcessMonitor._post_run <ProcessMonitor(ProcessMonitor-1, started daemon -1233324944)>: remaining procs are [<roslaunch.nodeprocess.LocalProcess object at 0x1d05d90>, <roslaunch.nodeprocess.LocalProcess object at 0x1d148b0>]
[roslaunch.pmon][INFO] 2012-12-18 22:06:03,792: ProcessMonitor exit: killing rosout-1
[roslaunch][INFO] 2012-12-18 22:06:03,802: [rosout-1] killing on exit
[roslaunch.pmon][INFO] 2012-12-18 22:06:03,804: ProcessMonitor exit: killing master
[roslaunch][INFO] 2012-12-18 22:06:03,804: [master] killing on exit
[roslaunch.pmon][INFO] 2012-12-18 22:06:03,805: ProcessMonitor exit: cleaning up data structures and signals
[roslaunch.pmon][INFO] 2012-12-18 22:06:03,806: ProcessMonitor exit: pmon has shutdown
[roslaunch][INFO] 2012-12-18 22:06:03,876: process monitor is done spinning, initiating full shutdown
[roslaunch][INFO] 2012-12-18 22:06:03,877: runner.stop()
[roslaunch][INFO] 2012-12-18 22:06:03,877: shutting down processing monitor...
[roslaunch][INFO] 2012-12-18 22:06:03,878: shutting down processing monitor <ProcessMonitor(ProcessMonitor-1, stopped daemon -1233324944)>
[roslaunch.pmon][INFO] 2012-12-18 22:06:03,879: ProcessMonitor.shutdown <ProcessMonitor(ProcessMonitor-1, stopped daemon -1233324944)>
[roslaunch][INFO] 2012-12-18 22:06:03,888: ... shutting down processing monitor complete
[roslaunch][INFO] 2012-12-18 22:06:03,889: done
[roslaunch.pmon][INFO] 2012-12-18 22:06:03,890: ProcessMonitor.shutdown <ProcessMonitor(ProcessMonitor-1, stopped daemon -1233324944)>
