mkdir -p bin
cd build && cmake -Wdev -DCMAKE_TOOLCHAIN_FILE=/root/ros_core_ws/install/share/ros/core/rosbuild/rostoolchain.cmake -DCMAKE_INSTALL_PREFIX=/root/ros/orocos_kinematics_dynamics/orocos_kdl/install_dir -DBUILD_MODELS=ON -DCMAKE_OSX_ARCHITECTURES="i386;x86_64" -DCMAKE_BUILD_TYPE="Release" -DENABLE_TESTS=ON ..
Orocos KDL version  (1.1.99)
Build type set to 'Release' by user.
-- -- Looking for Eigen3 - found
-- Looking for Cppunit - found
-- Configuring done
-- Generating done
CMake Warning:
  Manually-specified variables were not used by the project:

    CMAKE_TOOLCHAIN_FILE


-- Build files have been written to: /root/ros/orocos_kinematics_dynamics/orocos_kdl/build
cd build && make -j -l1
make[1]: Entering directory `/root/ros/orocos_kinematics_dynamics/orocos_kdl/build'
make[2]: Entering directory `/root/ros/orocos_kinematics_dynamics/orocos_kdl/build'
make[3]: Entering directory `/root/ros/orocos_kinematics_dynamics/orocos_kdl/build'
make[3]: Leaving directory `/root/ros/orocos_kinematics_dynamics/orocos_kdl/build'
[ 82%] Built target orocos-kdl
make[3]: Entering directory `/root/ros/orocos_kinematics_dynamics/orocos_kdl/build'
make[3]: Entering directory `/root/ros/orocos_kinematics_dynamics/orocos_kdl/build'
make[3]: Entering directory `/root/ros/orocos_kinematics_dynamics/orocos_kdl/build'
make[3]: Entering directory `/root/ros/orocos_kinematics_dynamics/orocos_kdl/build'
make[3]: Leaving directory `/root/ros/orocos_kinematics_dynamics/orocos_kdl/build'
make[3]: Leaving directory `/root/ros/orocos_kinematics_dynamics/orocos_kdl/build'
make[3]: Leaving directory `/root/ros/orocos_kinematics_dynamics/orocos_kdl/build'
make[3]: Leaving directory `/root/ros/orocos_kinematics_dynamics/orocos_kdl/build'
[ 86%] [ 88%] Built target jacobiantest
Built target framestest
[ 92%] [ 94%] Built target inertiatest
make[3]: Entering directory `/root/ros/orocos_kinematics_dynamics/orocos_kdl/build'
Built target kinfamtest
make[3]: Entering directory `/root/ros/orocos_kinematics_dynamics/orocos_kdl/build'
make[3]: Leaving directory `/root/ros/orocos_kinematics_dynamics/orocos_kdl/build'
make[3]: Leaving directory `/root/ros/orocos_kinematics_dynamics/orocos_kdl/build'
[ 97%] Built target orocos-kdl-models
[100%] Built target solvertest
make[2]: Leaving directory `/root/ros/orocos_kinematics_dynamics/orocos_kdl/build'
make[1]: Leaving directory `/root/ros/orocos_kinematics_dynamics/orocos_kdl/build'
cd build; make install
make[1]: Entering directory `/root/ros/orocos_kinematics_dynamics/orocos_kdl/build'
make[2]: Entering directory `/root/ros/orocos_kinematics_dynamics/orocos_kdl/build'
make[3]: Entering directory `/root/ros/orocos_kinematics_dynamics/orocos_kdl/build'
make[3]: Leaving directory `/root/ros/orocos_kinematics_dynamics/orocos_kdl/build'
[ 82%] Built target orocos-kdl
make[3]: Entering directory `/root/ros/orocos_kinematics_dynamics/orocos_kdl/build'
make[3]: Leaving directory `/root/ros/orocos_kinematics_dynamics/orocos_kdl/build'
[ 85%] Built target framestest
make[3]: Entering directory `/root/ros/orocos_kinematics_dynamics/orocos_kdl/build'
make[3]: Leaving directory `/root/ros/orocos_kinematics_dynamics/orocos_kdl/build'
[ 88%] Built target inertiatest
make[3]: Entering directory `/root/ros/orocos_kinematics_dynamics/orocos_kdl/build'
make[3]: Leaving directory `/root/ros/orocos_kinematics_dynamics/orocos_kdl/build'
[ 91%] Built target jacobiantest
make[3]: Entering directory `/root/ros/orocos_kinematics_dynamics/orocos_kdl/build'
make[3]: Leaving directory `/root/ros/orocos_kinematics_dynamics/orocos_kdl/build'
[ 94%] Built target kinfamtest
make[3]: Entering directory `/root/ros/orocos_kinematics_dynamics/orocos_kdl/build'
make[3]: Leaving directory `/root/ros/orocos_kinematics_dynamics/orocos_kdl/build'
[ 97%] Built target solvertest
make[3]: Entering directory `/root/ros/orocos_kinematics_dynamics/orocos_kdl/build'
make[3]: Leaving directory `/root/ros/orocos_kinematics_dynamics/orocos_kdl/build'
[100%] Built target orocos-kdl-models
make[2]: Leaving directory `/root/ros/orocos_kinematics_dynamics/orocos_kdl/build'
Install the project...
-- Install configuration: "Release"
-- Up-to-date: /root/ros/orocos_kinematics_dynamics/orocos_kdl/install_dir/share/orocos-kdl/orocos-kdl-config.cmake
-- Up-to-date: /root/ros/orocos_kinematics_dynamics/orocos_kdl/install_dir/include/kdl/velocityprofile_traphalf.hpp
-- Up-to-date: /root/ros/orocos_kinematics_dynamics/orocos_kdl/install_dir/include/kdl/chainiksolvervel_pinv.hpp
-- Up-to-date: /root/ros/orocos_kinematics_dynamics/orocos_kdl/install_dir/include/kdl/treejnttojacsolver.hpp
-- Up-to-date: /root/ros/orocos_kinematics_dynamics/orocos_kdl/install_dir/include/kdl/frameacc.hpp
-- Up-to-date: /root/ros/orocos_kinematics_dynamics/orocos_kdl/install_dir/include/kdl/rotational_interpolation_sa.hpp
-- Up-to-date: /root/ros/orocos_kinematics_dynamics/orocos_kdl/install_dir/include/kdl/trajectory_stationary.hpp
-- Up-to-date: /root/ros/orocos_kinematics_dynamics/orocos_kdl/install_dir/include/kdl/treeiksolvervel_wdls.hpp
-- Up-to-date: /root/ros/orocos_kinematics_dynamics/orocos_kdl/install_dir/include/kdl/rotationalinertia.hpp
-- Up-to-date: /root/ros/orocos_kinematics_dynamics/orocos_kdl/install_dir/include/kdl/path_composite.hpp
-- Up-to-date: /root/ros/orocos_kinematics_dynamics/orocos_kdl/install_dir/include/kdl/tree.hpp
-- Up-to-date: /root/ros/orocos_kinematics_dynamics/orocos_kdl/install_dir/include/kdl/frames.hpp
-- Up-to-date: /root/ros/orocos_kinematics_dynamics/orocos_kdl/install_dir/include/kdl/chainfksolvervel_recursive.hpp
-- Up-to-date: /root/ros/orocos_kinematics_dynamics/orocos_kdl/install_dir/include/kdl/treeiksolverpos_nr_jl.hpp
-- Up-to-date: /root/ros/orocos_kinematics_dynamics/orocos_kdl/install_dir/include/kdl/chainiksolverpos_nr_jl.hpp
-- Up-to-date: /root/ros/orocos_kinematics_dynamics/orocos_kdl/install_dir/include/kdl/chainiksolverpos_nr.hpp
-- Up-to-date: /root/ros/orocos_kinematics_dynamics/orocos_kdl/install_dir/include/kdl/trajectory_composite.hpp
-- Up-to-date: /root/ros/orocos_kinematics_dynamics/orocos_kdl/install_dir/include/kdl/jntarray.hpp
-- Up-to-date: /root/ros/orocos_kinematics_dynamics/orocos_kdl/install_dir/include/kdl/velocityprofile_dirac.hpp
-- Up-to-date: /root/ros/orocos_kinematics_dynamics/orocos_kdl/install_dir/include/kdl/jntarrayvel.hpp
-- Up-to-date: /root/ros/orocos_kinematics_dynamics/orocos_kdl/install_dir/include/kdl/treefksolver.hpp
-- Up-to-date: /root/ros/orocos_kinematics_dynamics/orocos_kdl/install_dir/include/kdl/stiffness.hpp
-- Up-to-date: /root/ros/orocos_kinematics_dynamics/orocos_kdl/install_dir/include/kdl/trajectory_segment.hpp
-- Up-to-date: /root/ros/orocos_kinematics_dynamics/orocos_kdl/install_dir/include/kdl/chainidsolver.hpp
-- Up-to-date: /root/ros/orocos_kinematics_dynamics/orocos_kdl/install_dir/include/kdl/jacobian.hpp
-- Up-to-date: /root/ros/orocos_kinematics_dynamics/orocos_kdl/install_dir/include/kdl/framevel.hpp
-- Up-to-date: /root/ros/orocos_kinematics_dynamics/orocos_kdl/install_dir/include/kdl/framevel_io.hpp
-- Up-to-date: /root/ros/orocos_kinematics_dynamics/orocos_kdl/install_dir/include/kdl/articulatedbodyinertia.hpp
-- Up-to-date: /root/ros/orocos_kinematics_dynamics/orocos_kdl/install_dir/include/kdl/velocityprofile.hpp
-- Up-to-date: /root/ros/orocos_kinematics_dynamics/orocos_kdl/install_dir/include/kdl/path.hpp
-- Up-to-date: /root/ros/orocos_kinematics_dynamics/orocos_kdl/install_dir/include/kdl/velocityprofile_rect.hpp
-- Up-to-date: /root/ros/orocos_kinematics_dynamics/orocos_kdl/install_dir/include/kdl/jntarrayacc.hpp
-- Up-to-date: /root/ros/orocos_kinematics_dynamics/orocos_kdl/install_dir/include/kdl/chainjnttojacsolver.hpp
-- Up-to-date: /root/ros/orocos_kinematics_dynamics/orocos_kdl/install_dir/include/kdl/treefksolverpos_recursive.hpp
-- Up-to-date: /root/ros/orocos_kinematics_dynamics/orocos_kdl/install_dir/include/kdl/chainiksolvervel_pinv_givens.hpp
-- Up-to-date: /root/ros/orocos_kinematics_dynamics/orocos_kdl/install_dir/include/kdl/chainidsolver_recursive_newton_euler.hpp
-- Up-to-date: /root/ros/orocos_kinematics_dynamics/orocos_kdl/install_dir/include/kdl/path_line.hpp
-- Up-to-date: /root/ros/orocos_kinematics_dynamics/orocos_kdl/install_dir/include/kdl/chainfksolver.hpp
-- Up-to-date: /root/ros/orocos_kinematics_dynamics/orocos_kdl/install_dir/include/kdl/rigidbodyinertia.hpp
-- Up-to-date: /root/ros/orocos_kinematics_dynamics/orocos_kdl/install_dir/include/kdl/kinfam.hpp
-- Up-to-date: /root/ros/orocos_kinematics_dynamics/orocos_kdl/install_dir/include/kdl/motion.hpp
-- Up-to-date: /root/ros/orocos_kinematics_dynamics/orocos_kdl/install_dir/include/kdl/chainiksolvervel_wdls.hpp
-- Up-to-date: /root/ros/orocos_kinematics_dynamics/orocos_kdl/install_dir/include/kdl/path_circle.hpp
-- Up-to-date: /root/ros/orocos_kinematics_dynamics/orocos_kdl/install_dir/include/kdl/kdl.hpp
-- Up-to-date: /root/ros/orocos_kinematics_dynamics/orocos_kdl/install_dir/include/kdl/chainiksolver.hpp
-- Up-to-date: /root/ros/orocos_kinematics_dynamics/orocos_kdl/install_dir/include/kdl/path_roundedcomposite.hpp
-- Up-to-date: /root/ros/orocos_kinematics_dynamics/orocos_kdl/install_dir/include/kdl/frameacc_io.hpp
-- Up-to-date: /root/ros/orocos_kinematics_dynamics/orocos_kdl/install_dir/include/kdl/frames_io.hpp
-- Up-to-date: /root/ros/orocos_kinematics_dynamics/orocos_kdl/install_dir/include/kdl/chain.hpp
-- Up-to-date: /root/ros/orocos_kinematics_dynamics/orocos_kdl/install_dir/include/kdl/jntspaceinertiamatrix.hpp
-- Up-to-date: /root/ros/orocos_kinematics_dynamics/orocos_kdl/install_dir/include/kdl/chaindynparam.hpp
-- Up-to-date: /root/ros/orocos_kinematics_dynamics/orocos_kdl/install_dir/include/kdl/chainfksolverpos_recursive.hpp
-- Up-to-date: /root/ros/orocos_kinematics_dynamics/orocos_kdl/install_dir/include/kdl/treeiksolver.hpp
-- Up-to-date: /root/ros/orocos_kinematics_dynamics/orocos_kdl/install_dir/include/kdl/rotational_interpolation.hpp
-- Up-to-date: /root/ros/orocos_kinematics_dynamics/orocos_kdl/install_dir/include/kdl/kinfam_io.hpp
-- Up-to-date: /root/ros/orocos_kinematics_dynamics/orocos_kdl/install_dir/include/kdl/path_point.hpp
-- Up-to-date: /root/ros/orocos_kinematics_dynamics/orocos_kdl/install_dir/include/kdl/trajectory.hpp
-- Up-to-date: /root/ros/orocos_kinematics_dynamics/orocos_kdl/install_dir/include/kdl/velocityprofile_spline.hpp
-- Up-to-date: /root/ros/orocos_kinematics_dynamics/orocos_kdl/install_dir/include/kdl/chainiksolvervel_pinv_nso.hpp
-- Up-to-date: /root/ros/orocos_kinematics_dynamics/orocos_kdl/install_dir/include/kdl/segment.hpp
-- Up-to-date: /root/ros/orocos_kinematics_dynamics/orocos_kdl/install_dir/include/kdl/velocityprofile_trap.hpp
-- Up-to-date: /root/ros/orocos_kinematics_dynamics/orocos_kdl/install_dir/include/kdl/path_cyclic_closed.hpp
-- Up-to-date: /root/ros/orocos_kinematics_dynamics/orocos_kdl/install_dir/include/kdl/joint.hpp
-- Up-to-date: /root/ros/orocos_kinematics_dynamics/orocos_kdl/install_dir/include/kdl/framevel.inl
-- Up-to-date: /root/ros/orocos_kinematics_dynamics/orocos_kdl/install_dir/include/kdl/frameacc.inl
-- Up-to-date: /root/ros/orocos_kinematics_dynamics/orocos_kdl/install_dir/include/kdl/frames.inl
-- Up-to-date: /root/ros/orocos_kinematics_dynamics/orocos_kdl/install_dir/include/kdl/utilities/kdl-config.h
-- Up-to-date: /root/ros/orocos_kinematics_dynamics/orocos_kdl/install_dir/include/kdl/utilities/error.h
-- Up-to-date: /root/ros/orocos_kinematics_dynamics/orocos_kdl/install_dir/include/kdl/utilities/rall1d_io.h
-- Up-to-date: /root/ros/orocos_kinematics_dynamics/orocos_kdl/install_dir/include/kdl/utilities/rall2d.h
-- Up-to-date: /root/ros/orocos_kinematics_dynamics/orocos_kdl/install_dir/include/kdl/utilities/utility_io.h
-- Up-to-date: /root/ros/orocos_kinematics_dynamics/orocos_kdl/install_dir/include/kdl/utilities/rall1d.h
-- Up-to-date: /root/ros/orocos_kinematics_dynamics/orocos_kdl/install_dir/include/kdl/utilities/error_stack.h
-- Up-to-date: /root/ros/orocos_kinematics_dynamics/orocos_kdl/install_dir/include/kdl/utilities/traits.h
-- Up-to-date: /root/ros/orocos_kinematics_dynamics/orocos_kdl/install_dir/include/kdl/utilities/utility.h
-- Up-to-date: /root/ros/orocos_kinematics_dynamics/orocos_kdl/install_dir/include/kdl/utilities/rallNd.h
-- Up-to-date: /root/ros/orocos_kinematics_dynamics/orocos_kdl/install_dir/include/kdl/utilities/rall2d_io.h
-- Up-to-date: /root/ros/orocos_kinematics_dynamics/orocos_kdl/install_dir/include/kdl/utilities/svd_eigen_Macie.hpp
-- Up-to-date: /root/ros/orocos_kinematics_dynamics/orocos_kdl/install_dir/include/kdl/utilities/svd_eigen_HH.hpp
-- Up-to-date: /root/ros/orocos_kinematics_dynamics/orocos_kdl/install_dir/include/kdl/utilities/svd_HH.hpp
-- Up-to-date: /root/ros/orocos_kinematics_dynamics/orocos_kdl/install_dir/lib/pkgconfig/orocos-kdl.pc
-- Up-to-date: /root/ros/orocos_kinematics_dynamics/orocos_kdl/install_dir/lib/liborocos-kdl.so.1.1.99
-- Up-to-date: /root/ros/orocos_kinematics_dynamics/orocos_kdl/install_dir/lib/liborocos-kdl.so.1.1
-- Up-to-date: /root/ros/orocos_kinematics_dynamics/orocos_kdl/install_dir/lib/liborocos-kdl.so
-- Up-to-date: /root/ros/orocos_kinematics_dynamics/orocos_kdl/install_dir/include/kdl/models.hpp
-- Up-to-date: /root/ros/orocos_kinematics_dynamics/orocos_kdl/install_dir/lib/liborocos-kdl-models.so.1.1.99
-- Up-to-date: /root/ros/orocos_kinematics_dynamics/orocos_kdl/install_dir/lib/liborocos-kdl-models.so.1.1
-- Up-to-date: /root/ros/orocos_kinematics_dynamics/orocos_kdl/install_dir/lib/liborocos-kdl-models.so
make[1]: Leaving directory `/root/ros/orocos_kinematics_dynamics/orocos_kdl/build'
