mkdir -p bin
cd build && cmake -Wdev -DCMAKE_TOOLCHAIN_FILE=/root/ros_core_ws/install/share/ros/core/rosbuild/rostoolchain.cmake  ..
-- The C compiler identification is GNU
-- The CXX compiler identification is GNU
-- Check for working C compiler: /usr/bin/gcc
-- Check for working C compiler: /usr/bin/gcc -- works
-- Detecting C compiler ABI info
-- Detecting C compiler ABI info - done
-- Check for working CXX compiler: /usr/bin/c++
-- Check for working CXX compiler: /usr/bin/c++ -- works
-- Detecting CXX compiler ABI info
-- Detecting CXX compiler ABI info - done
-- Found PythonInterp: /usr/bin/python (found version "2.7.3")
[rosbuild] Building package python_orocos_kdl
[rosbuild] Cached build flags older than manifests; calling rospack to get flags
-- Using CATKIN_DEVEL_PREFIX: /root/ros/orocos_kinematics_dynamics/python_orocos_kdl/build/devel
-- Using CMAKE_PREFIX_PATH: /root/ros_core_ws/install
-- This workspace overlays: /root/ros_core_ws/install
-- Looking for include files CMAKE_HAVE_PTHREAD_H
-- Looking for include files CMAKE_HAVE_PTHREAD_H - found
-- Looking for pthread_create in pthreads
-- Looking for pthread_create in pthreads - not found
-- Looking for pthread_create in pthread
-- Looking for pthread_create in pthread - found
-- Found Threads: TRUE 
-- Found gtest sources under '/usr/src/gtest': gtests will be built
-- catkin 0.5.52
[rosbuild] Including /root/ros_core_ws/install/share/roscpp/rosbuild/roscpp.cmake
[rosbuild] Including /root/ros_core_ws/install/share/rospy/rosbuild/rospy.cmake
-- Found PythonLibs: /usr/lib/libpython2.7.so 
-- Found SIP version: 4.13.2
-- Configuring done
-- Generating done
-- Build files have been written to: /root/ros/orocos_kinematics_dynamics/python_orocos_kdl/build
cd build && make -j -l1
make[1]: Entering directory `/root/ros/orocos_kinematics_dynamics/python_orocos_kdl/build'
make[2]: Entering directory `/root/ros/orocos_kinematics_dynamics/python_orocos_kdl/build'
make[3]: Entering directory `/root/ros/orocos_kinematics_dynamics/python_orocos_kdl/build'
[ 11%] Generating PyKDL/sipPyKDLpart0.cpp, PyKDL/sipPyKDLpart1.cpp, PyKDL/sipPyKDLpart2.cpp, PyKDL/sipPyKDLpart3.cpp, PyKDL/sipPyKDLpart4.cpp, PyKDL/sipPyKDLpart5.cpp, PyKDL/sipPyKDLpart6.cpp, PyKDL/sipPyKDLpart7.cpp

sip: Deprecation warning: /root/ros/orocos_kinematics_dynamics/python_orocos_kdl/PyKDL/PyKDL.sip:23: %Module version number should be specified using the 'version' argument
sip: Deprecation warning: /root/ros/orocos_kinematics_dynamics/python_orocos_kdl/PyKDL/PyKDL.sip:25: %License annotations are deprecated, use arguments instead
Scanning dependencies of target python_module_PyKDL
make[3]: Leaving directory `/root/ros/orocos_kinematics_dynamics/python_orocos_kdl/build'
make[3]: Entering directory `/root/ros/orocos_kinematics_dynamics/python_orocos_kdl/build'
[ 22%] Building CXX object CMakeFiles/python_module_PyKDL.dir/PyKDL/sipPyKDLpart0.cpp.o
[ 33%] Building CXX object CMakeFiles/python_module_PyKDL.dir/PyKDL/sipPyKDLpart7.cpp.o
[ 44%] Building CXX object CMakeFiles/python_module_PyKDL.dir/PyKDL/sipPyKDLpart6.cpp.o
/root/ros/orocos_kinematics_dynamics/python_orocos_kdl/PyKDL/frames.sip: In function ‘int slot_Frame___setitem__(PyObject*, PyObject*)’:
/root/ros/orocos_kinematics_dynamics/python_orocos_kdl/PyKDL/frames.sip:226:16: warning: converting to non-pointer type ‘int’ from NULL [-Wconversion-null]
/root/ros/orocos_kinematics_dynamics/python_orocos_kdl/PyKDL/frames.sip: In function ‘int slot_Rotation___setitem__(PyObject*, PyObject*)’:
/root/ros/orocos_kinematics_dynamics/python_orocos_kdl/PyKDL/frames.sip:129:16: warning: converting to non-pointer type ‘int’ from NULL [-Wconversion-null]
/root/ros/orocos_kinematics_dynamics/python_orocos_kdl/PyKDL/frames.sip: In function ‘int slot_Vector___setitem__(PyObject*, PyObject*)’:
/root/ros/orocos_kinematics_dynamics/python_orocos_kdl/PyKDL/frames.sip:58:16: warning: converting to non-pointer type ‘int’ from NULL [-Wconversion-null]
[ 55%] Building CXX object CMakeFiles/python_module_PyKDL.dir/PyKDL/sipPyKDLpart5.cpp.o
/root/ros/orocos_kinematics_dynamics/python_orocos_kdl/PyKDL/frames.sip: In function ‘int slot_Wrench___setitem__(PyObject*, PyObject*)’:
/root/ros/orocos_kinematics_dynamics/python_orocos_kdl/PyKDL/frames.sip:364:16: warning: converting to non-pointer type ‘int’ from NULL [-Wconversion-null]
/root/ros/orocos_kinematics_dynamics/python_orocos_kdl/PyKDL/frames.sip: In function ‘int slot_Twist___setitem__(PyObject*, PyObject*)’:
/root/ros/orocos_kinematics_dynamics/python_orocos_kdl/PyKDL/frames.sip:295:16: warning: converting to non-pointer type ‘int’ from NULL [-Wconversion-null]
[ 66%] Building CXX object CMakeFiles/python_module_PyKDL.dir/PyKDL/sipPyKDLpart4.cpp.o
/root/ros/orocos_kinematics_dynamics/python_orocos_kdl/PyKDL/kinfam.sip: In function ‘int slot_Jacobian___setitem__(PyObject*, PyObject*)’:
/root/ros/orocos_kinematics_dynamics/python_orocos_kdl/PyKDL/kinfam.sip:206:16: warning: converting to non-pointer type ‘int’ from NULL [-Wconversion-null]
/root/ros/orocos_kinematics_dynamics/python_orocos_kdl/PyKDL/kinfam.sip: In function ‘int slot_JntArray___setitem__(PyObject*, PyObject*)’:
/root/ros/orocos_kinematics_dynamics/python_orocos_kdl/PyKDL/kinfam.sip:124:16: warning: converting to non-pointer type ‘int’ from NULL [-Wconversion-null]
[ 77%] Building CXX object CMakeFiles/python_module_PyKDL.dir/PyKDL/sipPyKDLpart3.cpp.o
[ 88%] Building CXX object CMakeFiles/python_module_PyKDL.dir/PyKDL/sipPyKDLpart2.cpp.o
[100%] Building CXX object CMakeFiles/python_module_PyKDL.dir/PyKDL/sipPyKDLpart1.cpp.o
Linking CXX shared library ../lib/PyKDL.so
make[3]: Leaving directory `/root/ros/orocos_kinematics_dynamics/python_orocos_kdl/build'
[100%] Built target python_module_PyKDL
make[2]: Leaving directory `/root/ros/orocos_kinematics_dynamics/python_orocos_kdl/build'
make[1]: Leaving directory `/root/ros/orocos_kinematics_dynamics/python_orocos_kdl/build'
