mkdir -p bin
cd build && cmake -Wdev -DCMAKE_TOOLCHAIN_FILE=/root/ros_core_ws/install/share/ros/core/rosbuild/rostoolchain.cmake -DCMAKE_INSTALL_PREFIX=/root/ros/orocos_kinematics_dynamics/orocos_kdl/install_dir -DBUILD_MODELS=ON -DCMAKE_OSX_ARCHITECTURES="i386;x86_64" -DCMAKE_BUILD_TYPE="Release" -DENABLE_TESTS=ON ..
-- The C compiler identification is GNU
-- The CXX compiler identification is GNU
-- Check for working C compiler: /usr/bin/gcc
-- Check for working C compiler: /usr/bin/gcc -- works
-- Detecting C compiler ABI info
-- Detecting C compiler ABI info - done
-- Check for working CXX compiler: /usr/bin/c++
-- Check for working CXX compiler: /usr/bin/c++ -- works
-- Detecting CXX compiler ABI info
-- Detecting CXX compiler ABI info - done
Orocos KDL version  (1.1.99)
Build type set to 'Release' by user.
-- -- Looking for Eigen3 - found
-- Looking for Cppunit - found
-- Configuring done
-- Generating done
-- Build files have been written to: /root/ros/orocos_kinematics_dynamics/orocos_kdl/build
cd build && make -j -l1
make[1]: Entering directory `/root/ros/orocos_kinematics_dynamics/orocos_kdl/build'
make[2]: Entering directory `/root/ros/orocos_kinematics_dynamics/orocos_kdl/build'
make[3]: Entering directory `/root/ros/orocos_kinematics_dynamics/orocos_kdl/build'
Scanning dependencies of target orocos-kdl
make[3]: Leaving directory `/root/ros/orocos_kinematics_dynamics/orocos_kdl/build'
make[3]: Entering directory `/root/ros/orocos_kinematics_dynamics/orocos_kdl/build'
[  1%] Building CXX object src/CMakeFiles/orocos-kdl.dir/chainfksolvervel_recursive.cpp.o
[  2%] Building CXX object src/CMakeFiles/orocos-kdl.dir/utilities/utility_io.cxx.o
[  4%] Building CXX object src/CMakeFiles/orocos-kdl.dir/utilities/utility.cxx.o
[  5%] Building CXX object src/CMakeFiles/orocos-kdl.dir/utilities/error_stack.cxx.o
[  7%] Building CXX object src/CMakeFiles/orocos-kdl.dir/utilities/svd_eigen_HH.cpp.o
[  8%] Building CXX object src/CMakeFiles/orocos-kdl.dir/utilities/svd_HH.cpp.o
[ 10%] Building CXX object src/CMakeFiles/orocos-kdl.dir/chain.cpp.o
[ 11%] Building CXX object src/CMakeFiles/orocos-kdl.dir/chainfksolverpos_recursive.cpp.o
[ 13%] Building CXX object src/CMakeFiles/orocos-kdl.dir/chainiksolvervel_pinv_nso.cpp.o
[ 14%] Building CXX object src/CMakeFiles/orocos-kdl.dir/jntarrayacc.cpp.o
[ 16%] Building CXX object src/CMakeFiles/orocos-kdl.dir/chainiksolvervel_pinv_givens.cpp.o
[ 17%] Building CXX object src/CMakeFiles/orocos-kdl.dir/path.cpp.o
[ 19%] Building CXX object src/CMakeFiles/orocos-kdl.dir/jntspaceinertiamatrix.cpp.o
[ 20%] Building CXX object src/CMakeFiles/orocos-kdl.dir/velocityprofile_rect.cpp.o
[ 22%] Building CXX object src/CMakeFiles/orocos-kdl.dir/rigidbodyinertia.cpp.o
[ 23%] Building CXX object src/CMakeFiles/orocos-kdl.dir/tree.cpp.o
[ 25%] Building CXX object src/CMakeFiles/orocos-kdl.dir/framevel.cpp.o
[ 26%] Building CXX object src/CMakeFiles/orocos-kdl.dir/frames_io.cpp.o
[ 27%] Building CXX object src/CMakeFiles/orocos-kdl.dir/chainiksolverpos_nr_jl.cpp.o
[ 29%] Building CXX object src/CMakeFiles/orocos-kdl.dir/segment.cpp.o
[ 30%] Building CXX object src/CMakeFiles/orocos-kdl.dir/treefksolverpos_recursive.cpp.o
[ 32%] Building CXX object src/CMakeFiles/orocos-kdl.dir/path_point.cpp.o
[ 33%] Building CXX object src/CMakeFiles/orocos-kdl.dir/rotational_interpolation.cpp.o
[ 35%] Building CXX object src/CMakeFiles/orocos-kdl.dir/path_circle.cpp.o
[ 36%] Building CXX object src/CMakeFiles/orocos-kdl.dir/trajectory_stationary.cpp.o
[ 38%] Building CXX object src/CMakeFiles/orocos-kdl.dir/velocityprofile_trap.cpp.o
[ 39%] Building CXX object src/CMakeFiles/orocos-kdl.dir/chainidsolver_recursive_newton_euler.cpp.o
[ 41%] Building CXX object src/CMakeFiles/orocos-kdl.dir/jntarrayvel.cpp.o
[ 42%] Building CXX object src/CMakeFiles/orocos-kdl.dir/path_roundedcomposite.cpp.o
[ 44%] Building CXX object src/CMakeFiles/orocos-kdl.dir/jacobian.cpp.o
[ 45%] Building CXX object src/CMakeFiles/orocos-kdl.dir/rotational_interpolation_sa.cpp.o
[ 47%] Building CXX object src/CMakeFiles/orocos-kdl.dir/chaindynparam.cpp.o
[ 48%] Building CXX object src/CMakeFiles/orocos-kdl.dir/chainiksolverpos_nr.cpp.o
[ 50%] Building CXX object src/CMakeFiles/orocos-kdl.dir/jntarray.cpp.o
[ 51%] Building CXX object src/CMakeFiles/orocos-kdl.dir/treejnttojacsolver.cpp.o
[ 52%] Building CXX object src/CMakeFiles/orocos-kdl.dir/path_cyclic_closed.cpp.o
[ 54%] Building CXX object src/CMakeFiles/orocos-kdl.dir/velocityprofile_dirac.cpp.o
[ 55%] Building CXX object src/CMakeFiles/orocos-kdl.dir/chainjnttojacsolver.cpp.o
[ 57%] Building CXX object src/CMakeFiles/orocos-kdl.dir/chainiksolvervel_pinv.cpp.o
[ 58%] Building CXX object src/CMakeFiles/orocos-kdl.dir/velocityprofile_traphalf.cpp.o
[ 60%] Building CXX object src/CMakeFiles/orocos-kdl.dir/articulatedbodyinertia.cpp.o
[ 61%] Building CXX object src/CMakeFiles/orocos-kdl.dir/trajectory.cpp.o
[ 63%] Building CXX object src/CMakeFiles/orocos-kdl.dir/path_composite.cpp.o
[ 64%] Building CXX object src/CMakeFiles/orocos-kdl.dir/frameacc.cpp.o
[ 66%] Building CXX object src/CMakeFiles/orocos-kdl.dir/velocityprofile_spline.cpp.o
[ 67%] Building CXX object src/CMakeFiles/orocos-kdl.dir/trajectory_segment.cpp.o
[ 69%] Building CXX object src/CMakeFiles/orocos-kdl.dir/treeiksolverpos_nr_jl.cpp.o
[ 70%] Building CXX object src/CMakeFiles/orocos-kdl.dir/treeiksolvervel_wdls.cpp.o
[ 72%] Building CXX object src/CMakeFiles/orocos-kdl.dir/rotationalinertia.cpp.o
[ 73%] Building CXX object src/CMakeFiles/orocos-kdl.dir/velocityprofile.cpp.o
[ 75%] Building CXX object src/CMakeFiles/orocos-kdl.dir/kinfam_io.cpp.o
[ 76%] Building CXX object src/CMakeFiles/orocos-kdl.dir/trajectory_composite.cpp.o
[ 77%] Building CXX object src/CMakeFiles/orocos-kdl.dir/path_line.cpp.o
[ 79%] Building CXX object src/CMakeFiles/orocos-kdl.dir/joint.cpp.o
[ 80%] Building CXX object src/CMakeFiles/orocos-kdl.dir/frames.cpp.o
[ 82%] Building CXX object src/CMakeFiles/orocos-kdl.dir/chainiksolvervel_wdls.cpp.o
Linking CXX shared library liborocos-kdl.so
make[3]: Leaving directory `/root/ros/orocos_kinematics_dynamics/orocos_kdl/build'
[ 82%] Built target orocos-kdl
make[3]: Entering directory `/root/ros/orocos_kinematics_dynamics/orocos_kdl/build'
Scanning dependencies of target framestest
make[3]: Leaving directory `/root/ros/orocos_kinematics_dynamics/orocos_kdl/build'
make[3]: Entering directory `/root/ros/orocos_kinematics_dynamics/orocos_kdl/build'
[ 83%] Building CXX object tests/CMakeFiles/framestest.dir/framestest.cpp.o
[ 85%] Building CXX object tests/CMakeFiles/framestest.dir/test-runner.cpp.o
Linking CXX executable framestest
make[3]: Leaving directory `/root/ros/orocos_kinematics_dynamics/orocos_kdl/build'
[ 85%] Built target framestest
make[3]: Entering directory `/root/ros/orocos_kinematics_dynamics/orocos_kdl/build'
Scanning dependencies of target orocos-kdl-models
make[3]: Leaving directory `/root/ros/orocos_kinematics_dynamics/orocos_kdl/build'
make[3]: Entering directory `/root/ros/orocos_kinematics_dynamics/orocos_kdl/build'
[ 86%] Building CXX object models/CMakeFiles/orocos-kdl-models.dir/puma560.cpp.o
[ 88%] Building CXX object models/CMakeFiles/orocos-kdl-models.dir/kukaLWR_DHnew.cpp.o
Linking CXX shared library liborocos-kdl-models.so
make[3]: Leaving directory `/root/ros/orocos_kinematics_dynamics/orocos_kdl/build'
[ 88%] Built target orocos-kdl-models
make[3]: Entering directory `/root/ros/orocos_kinematics_dynamics/orocos_kdl/build'
Scanning dependencies of target solvertest
make[3]: Leaving directory `/root/ros/orocos_kinematics_dynamics/orocos_kdl/build'
make[3]: Entering directory `/root/ros/orocos_kinematics_dynamics/orocos_kdl/build'
[ 89%] Building CXX object tests/CMakeFiles/solvertest.dir/solvertest.cpp.o
[ 91%] Building CXX object tests/CMakeFiles/solvertest.dir/test-runner.cpp.o
Linking CXX executable solvertest
make[3]: Leaving directory `/root/ros/orocos_kinematics_dynamics/orocos_kdl/build'
[ 91%] Built target solvertest
make[3]: Entering directory `/root/ros/orocos_kinematics_dynamics/orocos_kdl/build'
Scanning dependencies of target kinfamtest
make[3]: Leaving directory `/root/ros/orocos_kinematics_dynamics/orocos_kdl/build'
make[3]: Entering directory `/root/ros/orocos_kinematics_dynamics/orocos_kdl/build'
[ 92%] Building CXX object tests/CMakeFiles/kinfamtest.dir/kinfamtest.cpp.o
[ 94%] Building CXX object tests/CMakeFiles/kinfamtest.dir/test-runner.cpp.o
Linking CXX executable kinfamtest
make[3]: Leaving directory `/root/ros/orocos_kinematics_dynamics/orocos_kdl/build'
[ 94%] Built target kinfamtest
make[3]: Entering directory `/root/ros/orocos_kinematics_dynamics/orocos_kdl/build'
Scanning dependencies of target jacobiantest
make[3]: Leaving directory `/root/ros/orocos_kinematics_dynamics/orocos_kdl/build'
make[3]: Entering directory `/root/ros/orocos_kinematics_dynamics/orocos_kdl/build'
[ 95%] Building CXX object tests/CMakeFiles/jacobiantest.dir/jacobiantest.cpp.o
[ 97%] Building CXX object tests/CMakeFiles/jacobiantest.dir/test-runner.cpp.o
Linking CXX executable jacobiantest
make[3]: Leaving directory `/root/ros/orocos_kinematics_dynamics/orocos_kdl/build'
[ 97%] Built target jacobiantest
make[3]: Entering directory `/root/ros/orocos_kinematics_dynamics/orocos_kdl/build'
Scanning dependencies of target inertiatest
make[3]: Leaving directory `/root/ros/orocos_kinematics_dynamics/orocos_kdl/build'
make[3]: Entering directory `/root/ros/orocos_kinematics_dynamics/orocos_kdl/build'
[ 98%] Building CXX object tests/CMakeFiles/inertiatest.dir/inertiatest.cpp.o
[100%] Building CXX object tests/CMakeFiles/inertiatest.dir/test-runner.cpp.o
Linking CXX executable inertiatest
make[3]: Leaving directory `/root/ros/orocos_kinematics_dynamics/orocos_kdl/build'
[100%] Built target inertiatest
make[2]: Leaving directory `/root/ros/orocos_kinematics_dynamics/orocos_kdl/build'
make[1]: Leaving directory `/root/ros/orocos_kinematics_dynamics/orocos_kdl/build'
cd build; make install
make[1]: Entering directory `/root/ros/orocos_kinematics_dynamics/orocos_kdl/build'
make[2]: Entering directory `/root/ros/orocos_kinematics_dynamics/orocos_kdl/build'
make[3]: Entering directory `/root/ros/orocos_kinematics_dynamics/orocos_kdl/build'
make[3]: Leaving directory `/root/ros/orocos_kinematics_dynamics/orocos_kdl/build'
[ 82%] Built target orocos-kdl
make[3]: Entering directory `/root/ros/orocos_kinematics_dynamics/orocos_kdl/build'
make[3]: Leaving directory `/root/ros/orocos_kinematics_dynamics/orocos_kdl/build'
[ 85%] Built target framestest
make[3]: Entering directory `/root/ros/orocos_kinematics_dynamics/orocos_kdl/build'
make[3]: Leaving directory `/root/ros/orocos_kinematics_dynamics/orocos_kdl/build'
[ 88%] Built target inertiatest
make[3]: Entering directory `/root/ros/orocos_kinematics_dynamics/orocos_kdl/build'
make[3]: Leaving directory `/root/ros/orocos_kinematics_dynamics/orocos_kdl/build'
[ 91%] Built target jacobiantest
make[3]: Entering directory `/root/ros/orocos_kinematics_dynamics/orocos_kdl/build'
make[3]: Leaving directory `/root/ros/orocos_kinematics_dynamics/orocos_kdl/build'
[ 94%] Built target kinfamtest
make[3]: Entering directory `/root/ros/orocos_kinematics_dynamics/orocos_kdl/build'
make[3]: Leaving directory `/root/ros/orocos_kinematics_dynamics/orocos_kdl/build'
[ 97%] Built target solvertest
make[3]: Entering directory `/root/ros/orocos_kinematics_dynamics/orocos_kdl/build'
make[3]: Leaving directory `/root/ros/orocos_kinematics_dynamics/orocos_kdl/build'
[100%] Built target orocos-kdl-models
make[2]: Leaving directory `/root/ros/orocos_kinematics_dynamics/orocos_kdl/build'
Install the project...
-- Install configuration: "Release"
-- Installing: /root/ros/orocos_kinematics_dynamics/orocos_kdl/install_dir/share/orocos-kdl/orocos-kdl-config.cmake
-- Installing: /root/ros/orocos_kinematics_dynamics/orocos_kdl/install_dir/include/kdl/velocityprofile_traphalf.hpp
-- Installing: /root/ros/orocos_kinematics_dynamics/orocos_kdl/install_dir/include/kdl/chainiksolvervel_pinv.hpp
-- Installing: /root/ros/orocos_kinematics_dynamics/orocos_kdl/install_dir/include/kdl/treejnttojacsolver.hpp
-- Installing: /root/ros/orocos_kinematics_dynamics/orocos_kdl/install_dir/include/kdl/frameacc.hpp
-- Installing: /root/ros/orocos_kinematics_dynamics/orocos_kdl/install_dir/include/kdl/rotational_interpolation_sa.hpp
-- Installing: /root/ros/orocos_kinematics_dynamics/orocos_kdl/install_dir/include/kdl/trajectory_stationary.hpp
-- Installing: /root/ros/orocos_kinematics_dynamics/orocos_kdl/install_dir/include/kdl/treeiksolvervel_wdls.hpp
-- Installing: /root/ros/orocos_kinematics_dynamics/orocos_kdl/install_dir/include/kdl/rotationalinertia.hpp
-- Installing: /root/ros/orocos_kinematics_dynamics/orocos_kdl/install_dir/include/kdl/path_composite.hpp
-- Installing: /root/ros/orocos_kinematics_dynamics/orocos_kdl/install_dir/include/kdl/tree.hpp
-- Installing: /root/ros/orocos_kinematics_dynamics/orocos_kdl/install_dir/include/kdl/frames.hpp
-- Installing: /root/ros/orocos_kinematics_dynamics/orocos_kdl/install_dir/include/kdl/chainfksolvervel_recursive.hpp
-- Installing: /root/ros/orocos_kinematics_dynamics/orocos_kdl/install_dir/include/kdl/treeiksolverpos_nr_jl.hpp
-- Installing: /root/ros/orocos_kinematics_dynamics/orocos_kdl/install_dir/include/kdl/chainiksolverpos_nr_jl.hpp
-- Installing: /root/ros/orocos_kinematics_dynamics/orocos_kdl/install_dir/include/kdl/chainiksolverpos_nr.hpp
-- Installing: /root/ros/orocos_kinematics_dynamics/orocos_kdl/install_dir/include/kdl/trajectory_composite.hpp
-- Installing: /root/ros/orocos_kinematics_dynamics/orocos_kdl/install_dir/include/kdl/jntarray.hpp
-- Installing: /root/ros/orocos_kinematics_dynamics/orocos_kdl/install_dir/include/kdl/velocityprofile_dirac.hpp
-- Installing: /root/ros/orocos_kinematics_dynamics/orocos_kdl/install_dir/include/kdl/jntarrayvel.hpp
-- Installing: /root/ros/orocos_kinematics_dynamics/orocos_kdl/install_dir/include/kdl/treefksolver.hpp
-- Installing: /root/ros/orocos_kinematics_dynamics/orocos_kdl/install_dir/include/kdl/stiffness.hpp
-- Installing: /root/ros/orocos_kinematics_dynamics/orocos_kdl/install_dir/include/kdl/trajectory_segment.hpp
-- Installing: /root/ros/orocos_kinematics_dynamics/orocos_kdl/install_dir/include/kdl/chainidsolver.hpp
-- Installing: /root/ros/orocos_kinematics_dynamics/orocos_kdl/install_dir/include/kdl/jacobian.hpp
-- Installing: /root/ros/orocos_kinematics_dynamics/orocos_kdl/install_dir/include/kdl/framevel.hpp
-- Installing: /root/ros/orocos_kinematics_dynamics/orocos_kdl/install_dir/include/kdl/framevel_io.hpp
-- Installing: /root/ros/orocos_kinematics_dynamics/orocos_kdl/install_dir/include/kdl/articulatedbodyinertia.hpp
-- Installing: /root/ros/orocos_kinematics_dynamics/orocos_kdl/install_dir/include/kdl/velocityprofile.hpp
-- Installing: /root/ros/orocos_kinematics_dynamics/orocos_kdl/install_dir/include/kdl/path.hpp
-- Installing: /root/ros/orocos_kinematics_dynamics/orocos_kdl/install_dir/include/kdl/velocityprofile_rect.hpp
-- Installing: /root/ros/orocos_kinematics_dynamics/orocos_kdl/install_dir/include/kdl/jntarrayacc.hpp
-- Installing: /root/ros/orocos_kinematics_dynamics/orocos_kdl/install_dir/include/kdl/chainjnttojacsolver.hpp
-- Installing: /root/ros/orocos_kinematics_dynamics/orocos_kdl/install_dir/include/kdl/treefksolverpos_recursive.hpp
-- Installing: /root/ros/orocos_kinematics_dynamics/orocos_kdl/install_dir/include/kdl/chainiksolvervel_pinv_givens.hpp
-- Installing: /root/ros/orocos_kinematics_dynamics/orocos_kdl/install_dir/include/kdl/chainidsolver_recursive_newton_euler.hpp
-- Installing: /root/ros/orocos_kinematics_dynamics/orocos_kdl/install_dir/include/kdl/path_line.hpp
-- Installing: /root/ros/orocos_kinematics_dynamics/orocos_kdl/install_dir/include/kdl/chainfksolver.hpp
-- Installing: /root/ros/orocos_kinematics_dynamics/orocos_kdl/install_dir/include/kdl/rigidbodyinertia.hpp
-- Installing: /root/ros/orocos_kinematics_dynamics/orocos_kdl/install_dir/include/kdl/kinfam.hpp
-- Installing: /root/ros/orocos_kinematics_dynamics/orocos_kdl/install_dir/include/kdl/motion.hpp
-- Installing: /root/ros/orocos_kinematics_dynamics/orocos_kdl/install_dir/include/kdl/chainiksolvervel_wdls.hpp
-- Installing: /root/ros/orocos_kinematics_dynamics/orocos_kdl/install_dir/include/kdl/path_circle.hpp
-- Installing: /root/ros/orocos_kinematics_dynamics/orocos_kdl/install_dir/include/kdl/kdl.hpp
-- Installing: /root/ros/orocos_kinematics_dynamics/orocos_kdl/install_dir/include/kdl/chainiksolver.hpp
-- Installing: /root/ros/orocos_kinematics_dynamics/orocos_kdl/install_dir/include/kdl/path_roundedcomposite.hpp
-- Installing: /root/ros/orocos_kinematics_dynamics/orocos_kdl/install_dir/include/kdl/frameacc_io.hpp
-- Installing: /root/ros/orocos_kinematics_dynamics/orocos_kdl/install_dir/include/kdl/frames_io.hpp
-- Installing: /root/ros/orocos_kinematics_dynamics/orocos_kdl/install_dir/include/kdl/chain.hpp
-- Installing: /root/ros/orocos_kinematics_dynamics/orocos_kdl/install_dir/include/kdl/jntspaceinertiamatrix.hpp
-- Installing: /root/ros/orocos_kinematics_dynamics/orocos_kdl/install_dir/include/kdl/chaindynparam.hpp
-- Installing: /root/ros/orocos_kinematics_dynamics/orocos_kdl/install_dir/include/kdl/chainfksolverpos_recursive.hpp
-- Installing: /root/ros/orocos_kinematics_dynamics/orocos_kdl/install_dir/include/kdl/treeiksolver.hpp
-- Installing: /root/ros/orocos_kinematics_dynamics/orocos_kdl/install_dir/include/kdl/rotational_interpolation.hpp
-- Installing: /root/ros/orocos_kinematics_dynamics/orocos_kdl/install_dir/include/kdl/kinfam_io.hpp
-- Installing: /root/ros/orocos_kinematics_dynamics/orocos_kdl/install_dir/include/kdl/path_point.hpp
-- Installing: /root/ros/orocos_kinematics_dynamics/orocos_kdl/install_dir/include/kdl/trajectory.hpp
-- Installing: /root/ros/orocos_kinematics_dynamics/orocos_kdl/install_dir/include/kdl/velocityprofile_spline.hpp
-- Installing: /root/ros/orocos_kinematics_dynamics/orocos_kdl/install_dir/include/kdl/chainiksolvervel_pinv_nso.hpp
-- Installing: /root/ros/orocos_kinematics_dynamics/orocos_kdl/install_dir/include/kdl/segment.hpp
-- Installing: /root/ros/orocos_kinematics_dynamics/orocos_kdl/install_dir/include/kdl/velocityprofile_trap.hpp
-- Installing: /root/ros/orocos_kinematics_dynamics/orocos_kdl/install_dir/include/kdl/path_cyclic_closed.hpp
-- Installing: /root/ros/orocos_kinematics_dynamics/orocos_kdl/install_dir/include/kdl/joint.hpp
-- Installing: /root/ros/orocos_kinematics_dynamics/orocos_kdl/install_dir/include/kdl/framevel.inl
-- Installing: /root/ros/orocos_kinematics_dynamics/orocos_kdl/install_dir/include/kdl/frameacc.inl
-- Installing: /root/ros/orocos_kinematics_dynamics/orocos_kdl/install_dir/include/kdl/frames.inl
-- Installing: /root/ros/orocos_kinematics_dynamics/orocos_kdl/install_dir/include/kdl/utilities/kdl-config.h
-- Installing: /root/ros/orocos_kinematics_dynamics/orocos_kdl/install_dir/include/kdl/utilities/error.h
-- Installing: /root/ros/orocos_kinematics_dynamics/orocos_kdl/install_dir/include/kdl/utilities/rall1d_io.h
-- Installing: /root/ros/orocos_kinematics_dynamics/orocos_kdl/install_dir/include/kdl/utilities/rall2d.h
-- Installing: /root/ros/orocos_kinematics_dynamics/orocos_kdl/install_dir/include/kdl/utilities/utility_io.h
-- Installing: /root/ros/orocos_kinematics_dynamics/orocos_kdl/install_dir/include/kdl/utilities/rall1d.h
-- Installing: /root/ros/orocos_kinematics_dynamics/orocos_kdl/install_dir/include/kdl/utilities/error_stack.h
-- Installing: /root/ros/orocos_kinematics_dynamics/orocos_kdl/install_dir/include/kdl/utilities/traits.h
-- Installing: /root/ros/orocos_kinematics_dynamics/orocos_kdl/install_dir/include/kdl/utilities/utility.h
-- Installing: /root/ros/orocos_kinematics_dynamics/orocos_kdl/install_dir/include/kdl/utilities/rallNd.h
-- Installing: /root/ros/orocos_kinematics_dynamics/orocos_kdl/install_dir/include/kdl/utilities/rall2d_io.h
-- Installing: /root/ros/orocos_kinematics_dynamics/orocos_kdl/install_dir/include/kdl/utilities/svd_eigen_Macie.hpp
-- Installing: /root/ros/orocos_kinematics_dynamics/orocos_kdl/install_dir/include/kdl/utilities/svd_eigen_HH.hpp
-- Installing: /root/ros/orocos_kinematics_dynamics/orocos_kdl/install_dir/include/kdl/utilities/svd_HH.hpp
-- Installing: /root/ros/orocos_kinematics_dynamics/orocos_kdl/install_dir/lib/pkgconfig/orocos-kdl.pc
-- Installing: /root/ros/orocos_kinematics_dynamics/orocos_kdl/install_dir/lib/liborocos-kdl.so.1.1.99
-- Installing: /root/ros/orocos_kinematics_dynamics/orocos_kdl/install_dir/lib/liborocos-kdl.so.1.1
-- Installing: /root/ros/orocos_kinematics_dynamics/orocos_kdl/install_dir/lib/liborocos-kdl.so
-- Installing: /root/ros/orocos_kinematics_dynamics/orocos_kdl/install_dir/include/kdl/models.hpp
-- Installing: /root/ros/orocos_kinematics_dynamics/orocos_kdl/install_dir/lib/liborocos-kdl-models.so.1.1.99
-- Installing: /root/ros/orocos_kinematics_dynamics/orocos_kdl/install_dir/lib/liborocos-kdl-models.so.1.1
-- Installing: /root/ros/orocos_kinematics_dynamics/orocos_kdl/install_dir/lib/liborocos-kdl-models.so
-- Removed runtime path from "/root/ros/orocos_kinematics_dynamics/orocos_kdl/install_dir/lib/liborocos-kdl-models.so.1.1.99"
make[1]: Leaving directory `/root/ros/orocos_kinematics_dynamics/orocos_kdl/build'
