[+0.01s] DEBUG: Logging to /var/log/lightdm/lightdm.log
[+0.01s] DEBUG: Starting Light Display Manager 1.2.1, UID=0 PID=729
[+0.01s] DEBUG: Loaded configuration from /etc/lightdm/lightdm.conf
[+0.01s] DEBUG: Using D-Bus name org.freedesktop.DisplayManager
[+0.04s] DEBUG: Registered seat module xlocal
[+0.04s] DEBUG: Registered seat module xremote
[+0.04s] DEBUG: Adding default seat
[+0.04s] DEBUG: Starting seat
[+0.04s] DEBUG: Starting new display for automatic login as user linaro
[+0.04s] DEBUG: Starting local X display
[+0.21s] DEBUG: Using VT 7
[+0.22s] DEBUG: Activating VT 7
[+0.22s] WARNING: Error using VT_ACTIVATE 7 on /dev/console: Invalid argument
[+0.22s] WARNING: Error using VT_WAITACTIVE 7 on /dev/console: Invalid argument
[+0.22s] DEBUG: Logging to /var/log/lightdm/x-0.log
[+0.25s] DEBUG: Writing X server authority to /var/run/lightdm/root/:0
[+0.25s] DEBUG: Launching X Server
[+0.25s] DEBUG: Launching process 836: /usr/bin/X :0 -auth /var/run/lightdm/root/:0 -nolisten tcp vt7 -novtswitch
[+0.29s] DEBUG: Waiting for ready signal from X server :0
[+0.29s] DEBUG: Stopping Plymouth, no displays replace it
[+0.41s] DEBUG: Acquired bus name org.freedesktop.DisplayManager
[+0.42s] DEBUG: Registering seat with bus path /org/freedesktop/DisplayManager/Seat0
[+1.69s] DEBUG: Got signal 10 from process 836
[+1.69s] DEBUG: Got signal from X server :0
[+1.69s] DEBUG: Connecting to XServer :0
[+1.72s] DEBUG: Automatically logging in user linaro
[+1.73s] DEBUG: Started session 922 with service 'lightdm-autologin', username 'linaro'
[+1.89s] DEBUG: Session 922 authentication complete with return value 0: Success
[+1.89s] DEBUG: Autologin user linaro authorized
[+1.95s] DEBUG: org.freedesktop.Accounts does not exist, falling back to passwd file
[+1.96s] DEBUG: Dropping privileges to uid 1000
[+1.97s] DEBUG: Restoring privileges
[+1.97s] DEBUG: Autologin using session Lubuntu
[+1.97s] DEBUG: Dropping privileges to uid 1000
[+1.97s] DEBUG: Restoring privileges
[+1.97s] DEBUG: Dropping privileges to uid 1000
[+1.97s] DEBUG: Writing /home/linaro/.dmrc
[+2.00s] DEBUG: Restoring privileges
[+2.02s] DEBUG: Failed to load session file /usr/share/xsessions/Lubuntu.desktop: No such file or directory
[+2.02s] DEBUG: Session 922: Sending SIGTERM
[+2.03s] DEBUG: Started session 930 with service 'lightdm', username 'lightdm'
[+2.11s] DEBUG: Session 930 authentication complete with return value 0: Success
[+2.11s] DEBUG: Greeter authorized
[+2.11s] DEBUG: Logging to /var/log/lightdm/x-0-greeter.log
[+2.12s] DEBUG: Session 930 running command /usr/lib/lightdm/lightdm-greeter-session /usr/sbin/lightdm-gtk-greeter
[+2.25s] DEBUG: Greeter closed communication channel
[+2.25s] DEBUG: Session 930 exited with return value 1
[+2.25s] DEBUG: Greeter quit
[+2.25s] DEBUG: Failed to start greeter
[+2.25s] DEBUG: Stopping display
[+2.25s] DEBUG: Sending signal 15 to process 836
[+2.29s] DEBUG: Process 836 exited with return value 0
[+2.29s] DEBUG: X server stopped
[+2.29s] DEBUG: Removing X server authority /var/run/lightdm/root/:0
[+2.29s] DEBUG: Releasing VT 7
[+2.29s] DEBUG: Display server stopped
[+2.29s] DEBUG: Display stopped
[+2.29s] DEBUG: Stopping X local seat, failed to start a display
[+2.29s] DEBUG: Stopping seat
[+2.29s] DEBUG: Seat stopped
[+2.30s] DEBUG: Required seat has stopped
[+2.30s] DEBUG: Stopping display manager
[+2.30s] DEBUG: Display manager stopped
[+2.30s] DEBUG: Stopping daemon
[+2.31s] DEBUG: Exiting with return value 1
