
Start-Date: 2014-05-29  15:24:04
Commandline: apt-get install arduino-core
Install: arduino-core:armhf (1.0+dfsg-9), gcc-avr:armhf (4.5.3-3, automatic), libftdi1:armhf (0.19-4, automatic), binutils-avr:armhf (2.20.1-2, automatic), avr-libc:armhf (1.7.1-2, automatic), avrdude:armhf (5.11.1-1, automatic)
End-Date: 2014-05-29  15:25:07

Start-Date: 2014-05-29  15:28:20
Commandline: apt-get install openjdk-7-jre
Install: openjdk-7-jre-headless:armhf (7~u3-2.1.1~pre1-1ubuntu2, automatic), libgnome2-0:armhf (2.32.1-2ubuntu1, automatic), libidl-common:armhf (0.8.14-0.2ubuntu2, automatic), liblcms2-2:armhf (2.2+git20110628-2ubuntu3, automatic), libatk-wrapper-java:armhf (0.30.4-0ubuntu2, automatic), java-common:armhf (0.43ubuntu2, automatic), libgnome2-common:armhf (2.32.1-2ubuntu1, automatic), tzdata-java:armhf (2012b-1, automatic), libidl0:armhf (0.8.14-0.2ubuntu2, automatic), libbonobo2-0:armhf (2.32.1-0ubuntu1, automatic), liborbit2:armhf (2.14.19-0.1, automatic), icedtea-7-jre-jamvm:armhf (7~u3-2.1.1~pre1-1ubuntu2, automatic), libbonobo2-common:armhf (2.32.1-0ubuntu1, automatic), ca-certificates-java:armhf (20110912ubuntu6, automatic), openjdk-7-jre:armhf (7~u3-2.1.1~pre1-1ubuntu2), libatk-wrapper-java-jni:armhf (0.30.4-0ubuntu2, automatic), openjdk-7-jre-lib:armhf (7~u3-2.1.1~pre1-1ubuntu2, automatic)
End-Date: 2014-05-29  15:29:52

Start-Date: 2014-05-29  15:41:55
Commandline: apt-get install openjdk-7-jdk
Install: openjdk-7-jdk:armhf (7~u3-2.1.1~pre1-1ubuntu2)
End-Date: 2014-05-29  15:42:13

Start-Date: 2014-05-29  16:02:00
Commandline: apt-get install arduino
Install: libjna-java:armhf (3.2.7-4, automatic), arduino:armhf (1.0+dfsg-9), librxtx-java:armhf (2.2pre2-10, automatic)
End-Date: 2014-05-29  16:02:39

Start-Date: 2014-05-29  16:19:58
Commandline: apt-get purge openjdk-7-*
Install: default-jre:armhf (1.6-43ubuntu2, automatic), openjdk-6-jre-headless:armhf (6b24-1.11.1-4ubuntu2, automatic), openjdk-6-jre:armhf (6b24-1.11.1-4ubuntu2, automatic), openjdk-6-jre-lib:armhf (6b24-1.11.1-4ubuntu2, automatic), default-jre-headless:armhf (1.6-43ubuntu2, automatic)
Purge: openjdk-7-jre-headless:armhf (7~u3-2.1.1~pre1-1ubuntu2), icedtea-7-jre-jamvm:armhf (7~u3-2.1.1~pre1-1ubuntu2), openjdk-7-jdk:armhf (7~u3-2.1.1~pre1-1ubuntu2), openjdk-7-jre:armhf (7~u3-2.1.1~pre1-1ubuntu2), openjdk-7-jre-lib:armhf (7~u3-2.1.1~pre1-1ubuntu2)
End-Date: 2014-05-29  16:21:29

Start-Date: 2014-05-29  16:46:55
Commandline: apt-get install openjdk-6-jdk
Install: openjdk-6-jdk:armhf (6b24-1.11.1-4ubuntu2)
End-Date: 2014-05-29  16:47:16

Start-Date: 2014-05-29  16:50:08
Commandline: apt-get install openjdk-6-*
Install: libjansson4:armhf (2.2.1-1, automatic), openjdk-6-demo:armhf (6b24-1.11.1-4ubuntu2), uwsgi-core:armhf (1.0.3+dfsg-1, automatic), uwsgi-plugin-jwsgi-openjdk-6:armhf (1.0.3+dfsg-1), libpgm-5.1-0:armhf (5.1.116~dfsg-2, automatic), openjdk-6-dbg:armhf (6b24-1.11.1-4ubuntu2), openjdk-6-doc:armhf (6b24-1.11.1-4ubuntu2), libzmq1:armhf (2.1.11-1ubuntu1, automatic), openjdk-6-source:armhf (6b24-1.11.1-4ubuntu2), uwsgi-plugin-jvm-openjdk-6:armhf (1.0.3+dfsg-1)
End-Date: 2014-05-29  16:53:54

Start-Date: 2014-05-29  16:55:22
Commandline: apt-get install --reinstall openjdk-6-*
Reinstall: openjdk-6-demo:armhf (6b24-1.11.1-4ubuntu2), uwsgi-plugin-jwsgi-openjdk-6:armhf (1.0.3+dfsg-1), openjdk-6-dbg:armhf (6b24-1.11.1-4ubuntu2), openjdk-6-doc:armhf (6b24-1.11.1-4ubuntu2), openjdk-6-jre-headless:armhf (6b24-1.11.1-4ubuntu2), openjdk-6-jdk:armhf (6b24-1.11.1-4ubuntu2), openjdk-6-jre:armhf (6b24-1.11.1-4ubuntu2), openjdk-6-jre-lib:armhf (6b24-1.11.1-4ubuntu2), openjdk-6-source:armhf (6b24-1.11.1-4ubuntu2), uwsgi-plugin-jvm-openjdk-6:armhf (1.0.3+dfsg-1)
End-Date: 2014-05-29  17:01:44
