unknown charset unicode - ignoring charset request
Loading /etc/console-setup/cached.kmap.gz
unknown charset unicode - ignoring charset request
Loading /etc/console-setup/cached.kmap.gz
unknown charset unicode - ignoring charset request
Loading /etc/console-setup/cached.kmap.gz
<<<<<<< HEAD
=======
unknown charset unicode - ignoring charset request
Loading /etc/console-setup/cached.kmap.gz
unknown charset unicode - ignoring charset request
Loading /etc/console-setup/cached.kmap.gz
unknown charset unicode - ignoring charset request
Loading /etc/console-setup/cached.kmap.gz
unknown charset unicode - ignoring charset request
Loading /etc/console-setup/cached.kmap.gz
unknown charset unicode - ignoring charset request
Loading /etc/console-setup/cached.kmap.gz
unknown charset unicode - ignoring charset request
Loading /etc/console-setup/cached.kmap.gz
unknown charset unicode - ignoring charset request
Loading /etc/console-setup/cached.kmap.gz
>>>>>>> first commit from Lexar card
