kernel.printk = 4 4 1 7
kernel.kptr_restrict = 1
net.ipv4.conf.default.rp_filter = 1
net.ipv4.conf.all.rp_filter = 1
vm.mmap_min_addr = 32768
vm.min_free_kbytes = 16384
kernel.printk = 4 4 1 7
kernel.kptr_restrict = 1
net.ipv4.conf.default.rp_filter = 1
net.ipv4.conf.all.rp_filter = 1
vm.mmap_min_addr = 32768
vm.min_free_kbytes = 16384
kernel.printk = 4 4 1 7
kernel.kptr_restrict = 1
net.ipv4.conf.default.rp_filter = 1
net.ipv4.conf.all.rp_filter = 1
vm.mmap_min_addr = 32768
vm.min_free_kbytes = 16384
kernel.printk = 4 4 1 7
kernel.kptr_restrict = 1
net.ipv4.conf.default.rp_filter = 1
net.ipv4.conf.all.rp_filter = 1
vm.mmap_min_addr = 32768
vm.min_free_kbytes = 16384
kernel.printk = 4 4 1 7
kernel.kptr_restrict = 1
net.ipv4.conf.default.rp_filter = 1
net.ipv4.conf.all.rp_filter = 1
vm.mmap_min_addr = 32768
vm.min_free_kbytes = 16384
kernel.printk = 4 4 1 7
kernel.kptr_restrict = 1
net.ipv4.conf.default.rp_filter = 1
net.ipv4.conf.all.rp_filter = 1
vm.mmap_min_addr = 32768
vm.min_free_kbytes = 16384
kernel.printk = 4 4 1 7
kernel.kptr_restrict = 1
net.ipv4.conf.default.rp_filter = 1
net.ipv4.conf.all.rp_filter = 1
vm.mmap_min_addr = 32768
vm.min_free_kbytes = 16384
kernel.printk = 4 4 1 7
kernel.kptr_restrict = 1
net.ipv4.conf.default.rp_filter = 1
net.ipv4.conf.all.rp_filter = 1
vm.mmap_min_addr = 32768
vm.min_free_kbytes = 16384
kernel.printk = 4 4 1 7
kernel.kptr_restrict = 1
net.ipv4.conf.default.rp_filter = 1
net.ipv4.conf.all.rp_filter = 1
vm.mmap_min_addr = 32768
vm.min_free_kbytes = 16384
kernel.printk = 4 4 1 7
kernel.kptr_restrict = 1
net.ipv4.conf.default.rp_filter = 1
net.ipv4.conf.all.rp_filter = 1
vm.mmap_min_addr = 32768
vm.min_free_kbytes = 16384
kernel.printk = 4 4 1 7
kernel.kptr_restrict = 1
net.ipv4.conf.default.rp_filter = 1
net.ipv4.conf.all.rp_filter = 1
vm.mmap_min_addr = 32768
vm.min_free_kbytes = 16384
kernel.printk = 4 4 1 7
kernel.kptr_restrict = 1
net.ipv4.conf.default.rp_filter = 1
net.ipv4.conf.all.rp_filter = 1
vm.mmap_min_addr = 32768
vm.min_free_kbytes = 16384
kernel.printk = 4 4 1 7
kernel.kptr_restrict = 1
net.ipv4.conf.default.rp_filter = 1
net.ipv4.conf.all.rp_filter = 1
vm.mmap_min_addr = 32768
vm.min_free_kbytes = 16384
kernel.printk = 4 4 1 7
kernel.kptr_restrict = 1
net.ipv4.conf.default.rp_filter = 1
net.ipv4.conf.all.rp_filter = 1
vm.mmap_min_addr = 32768
vm.min_free_kbytes = 16384
