Counted 0 CPUs

ureadahead: Error while tracing: No such file or directory
Counted 0 CPUs

ureadahead: Error while tracing: No such file or directory
Counted 0 CPUs

ureadahead: Error while tracing: No such file or directory
<<<<<<< HEAD
=======
Counted 0 CPUs

ureadahead: Error while tracing: No such file or directory
Counted 0 CPUs

ureadahead: Error while tracing: No such file or directory
Counted 0 CPUs

ureadahead: Error while tracing: No such file or directory
Counted 0 CPUs

ureadahead: Error while tracing: No such file or directory
Counted 0 CPUs

ureadahead: Error while tracing: No such file or directory
Counted 0 CPUs

ureadahead: Error while tracing: No such file or directory
>>>>>>> first commit from Lexar card
