/root/ros_core_ws/install/share/mk/cmake.mk:7: warning: overriding commands for target `all'
/root/ros_core_ws/install/share/mk/cmake_stack.mk:7: warning: ignoring old commands for target `all'
/root/ros_core_ws/install/share/mk/cmake.mk:24: warning: overriding commands for target `clean'
/root/ros_core_ws/install/share/mk/cmake_stack.mk:16: warning: ignoring old commands for target `clean'
mkdir -p bin
cd build && cmake -Wdev -DCMAKE_TOOLCHAIN_FILE=/root/ros_core_ws/install/share/ros/core/rosbuild/rostoolchain.cmake  ..
[rosbuild] Building package bullet
-- Using CATKIN_DEVEL_PREFIX: /root/ros/bullet/build/devel
-- Using CMAKE_PREFIX_PATH: /root/ros_core_ws/install
-- This workspace overlays: /root/ros_core_ws/install
-- Found gtest sources under '/usr/src/gtest': gtests will be built
-- catkin 0.5.52
[rosbuild] Including /root/ros_core_ws/install/share/roscpp/rosbuild/roscpp.cmake
[rosbuild] Including /root/ros_core_ws/install/share/rospy/rosbuild/rospy.cmake
make[1]: Entering directory `/root/ros/bullet'
make[1]: Nothing to be done for `all'.
make[1]: Leaving directory `/root/ros/bullet'
-- Configuring done
-- Generating done
CMake Warning:
  Manually-specified variables were not used by the project:

    CMAKE_TOOLCHAIN_FILE


-- Build files have been written to: /root/ros/bullet/build
cd build && make -j -l1
make[1]: Entering directory `/root/ros/bullet/build'
make[1]: Leaving directory `/root/ros/bullet/build'
