mkdir -p bin
cd build && cmake -Wdev -DCMAKE_TOOLCHAIN_FILE=/root/ros_core_ws/install/share/ros/core/rosbuild/rostoolchain.cmake  ..
-- The C compiler identification is GNU
-- The CXX compiler identification is GNU
-- Check for working C compiler: /usr/bin/gcc
-- Check for working C compiler: /usr/bin/gcc -- works
-- Detecting C compiler ABI info
-- Detecting C compiler ABI info - done
-- Check for working CXX compiler: /usr/bin/c++
-- Check for working CXX compiler: /usr/bin/c++ -- works
-- Detecting CXX compiler ABI info
-- Detecting CXX compiler ABI info - done
-- Found PythonInterp: /usr/bin/python (found version "2.7.3")
[rosbuild] Building package irobot_create_2_1
[rosbuild] Cached build flags older than manifests; calling rospack to get flags
-- Using CATKIN_DEVEL_PREFIX: /root/ros/irobot_create_2_1/build/devel
-- Using CMAKE_PREFIX_PATH: /root/ros_core_ws/install
-- This workspace overlays: /root/ros_core_ws/install
-- Looking for include files CMAKE_HAVE_PTHREAD_H
-- Looking for include files CMAKE_HAVE_PTHREAD_H - found
-- Looking for pthread_create in pthreads
-- Looking for pthread_create in pthreads - not found
-- Looking for pthread_create in pthread
-- Looking for pthread_create in pthread - found
-- Found Threads: TRUE 
-- Found gtest sources under '/usr/src/gtest': gtests will be built
-- catkin 0.5.52
[rosbuild] Including /root/ros_core_ws/install/share/roscpp/rosbuild/roscpp.cmake
[rosbuild] Including /root/ros_core_ws/install/share/rospy/rosbuild/rospy.cmake
-- Configuring done
-- Generating done
-- Build files have been written to: /root/ros/irobot_create_2_1/build
cd build && make -j -l1
make[1]: Entering directory `/root/ros/irobot_create_2_1/build'
make[2]: Entering directory `/root/ros/irobot_create_2_1/build'
make[3]: Entering directory `/root/ros/irobot_create_2_1/build'
Scanning dependencies of target rosbuild_premsgsrvgen
make[3]: Leaving directory `/root/ros/irobot_create_2_1/build'
[  0%] Built target rosbuild_premsgsrvgen
make[3]: Entering directory `/root/ros/irobot_create_2_1/build'
Scanning dependencies of target ROSBUILD_genmsg_py
make[3]: Leaving directory `/root/ros/irobot_create_2_1/build'
make[3]: Entering directory `/root/ros/irobot_create_2_1/build'
[  4%] Generating ../src/irobot_create_2_1/msg/_SensorPacket.py
[  8%] Generating ../src/irobot_create_2_1/msg/__init__.py
make[3]: Leaving directory `/root/ros/irobot_create_2_1/build'
[  8%] Built target ROSBUILD_genmsg_py
make[3]: Entering directory `/root/ros/irobot_create_2_1/build'
Scanning dependencies of target ROSBUILD_gensrv_cpp
make[3]: Leaving directory `/root/ros/irobot_create_2_1/build'
make[3]: Entering directory `/root/ros/irobot_create_2_1/build'
[ 12%] Generating ../srv_gen/cpp/include/irobot_create_2_1/Reset.h
[ 16%] Generating ../srv_gen/cpp/include/irobot_create_2_1/Start.h
[ 20%] Generating ../srv_gen/cpp/include/irobot_create_2_1/Demo.h
[ 25%] Generating ../srv_gen/cpp/include/irobot_create_2_1/Dock.h
[ 29%] Generating ../srv_gen/cpp/include/irobot_create_2_1/Tank.h
[ 33%] Generating ../srv_gen/cpp/include/irobot_create_2_1/Circle.h
[ 37%] Generating ../srv_gen/cpp/include/irobot_create_2_1/Turn.h
[ 41%] Generating ../srv_gen/cpp/include/irobot_create_2_1/Stop.h
[ 45%] Generating ../srv_gen/cpp/include/irobot_create_2_1/Brake.h
[ 50%] Generating ../srv_gen/cpp/include/irobot_create_2_1/Leds.h
make[3]: Leaving directory `/root/ros/irobot_create_2_1/build'
[ 50%] Built target ROSBUILD_gensrv_cpp
make[3]: Entering directory `/root/ros/irobot_create_2_1/build'
Scanning dependencies of target ROSBUILD_gensrv_py
make[3]: Leaving directory `/root/ros/irobot_create_2_1/build'
make[3]: Entering directory `/root/ros/irobot_create_2_1/build'
[ 54%] Generating ../src/irobot_create_2_1/srv/_Start.py
[ 58%] Generating ../src/irobot_create_2_1/srv/_Demo.py
[ 62%] Generating ../src/irobot_create_2_1/srv/_Dock.py
[ 66%] Generating ../src/irobot_create_2_1/srv/_Tank.py
[ 70%] Generating ../src/irobot_create_2_1/srv/_Circle.py
[ 75%] Generating ../src/irobot_create_2_1/srv/_Turn.py
[ 79%] Generating ../src/irobot_create_2_1/srv/_Stop.py
[ 83%] Generating ../src/irobot_create_2_1/srv/_Brake.py
[ 87%] Generating ../src/irobot_create_2_1/srv/_Leds.py
[ 91%] Generating ../src/irobot_create_2_1/srv/_Reset.py
[ 95%] Generating ../src/irobot_create_2_1/srv/__init__.py
make[3]: Leaving directory `/root/ros/irobot_create_2_1/build'
[ 95%] Built target ROSBUILD_gensrv_py
make[3]: Entering directory `/root/ros/irobot_create_2_1/build'
Scanning dependencies of target ROSBUILD_genmsg_cpp
make[3]: Leaving directory `/root/ros/irobot_create_2_1/build'
make[3]: Entering directory `/root/ros/irobot_create_2_1/build'
[100%] Generating ../msg_gen/cpp/include/irobot_create_2_1/SensorPacket.h
make[3]: Leaving directory `/root/ros/irobot_create_2_1/build'
[100%] Built target ROSBUILD_genmsg_cpp
make[3]: Entering directory `/root/ros/irobot_create_2_1/build'
Scanning dependencies of target rospack_gensrv
make[3]: Leaving directory `/root/ros/irobot_create_2_1/build'
[100%] Built target rospack_gensrv
make[3]: Entering directory `/root/ros/irobot_create_2_1/build'
Scanning dependencies of target rospack_genmsg
make[3]: Leaving directory `/root/ros/irobot_create_2_1/build'
[100%] Built target rospack_genmsg
make[3]: Entering directory `/root/ros/irobot_create_2_1/build'
Scanning dependencies of target rospack_gensrv_all
make[3]: Leaving directory `/root/ros/irobot_create_2_1/build'
[100%] Built target rospack_gensrv_all
make[3]: Entering directory `/root/ros/irobot_create_2_1/build'
Scanning dependencies of target rospack_genmsg_all
make[3]: Leaving directory `/root/ros/irobot_create_2_1/build'
[100%] Built target rospack_genmsg_all
make[2]: Leaving directory `/root/ros/irobot_create_2_1/build'
make[1]: Leaving directory `/root/ros/irobot_create_2_1/build'
