This file contains any messages produced by compilers while
running configure, to aid debugging if configure makes a mistake.

It was created by libatomic_ops configure 7.2alpha4, which was
generated by GNU Autoconf 2.64.  Invocation command line was

  $ ./configure --disable-option-checking --prefix=/usr/local --enable-option-checking --enable-large-config --enable-threads=pthreads --cache-file=/dev/null --srcdir=.

## --------- ##
## Platform. ##
## --------- ##

hostname = vader-rover
uname -m = armv7l
uname -r = 3.5.0-2-linaro-omap
uname -s = Linux
uname -v = #2~ci+121210190143 PREEMPT Mon Dec 10 11:03:27 PST 2012

/usr/bin/uname -p = unknown
/bin/uname -X     = unknown

/bin/arch              = unknown
/usr/bin/arch -k       = unknown
/usr/convex/getsysinfo = unknown
/usr/bin/hostinfo      = unknown
/bin/machine           = unknown
/usr/bin/oslevel       = unknown
/bin/universe          = unknown

PATH: /root/bin/
PATH: /usr/local/sbin
PATH: /usr/local/bin
PATH: /usr/sbin
PATH: /usr/bin
PATH: /sbin
PATH: /bin
PATH: /usr/games


## ----------- ##
## Core tests. ##
## ----------- ##

configure:2150: checking build system type
configure:2164: result: armv7l-unknown-linux-gnueabi
configure:2184: checking host system type
configure:2197: result: armv7l-unknown-linux-gnueabi
configure:2217: checking target system type
configure:2230: result: armv7l-unknown-linux-gnueabi
configure:2273: checking for a BSD-compatible install
configure:2341: result: /usr/bin/install -c
configure:2352: checking whether build environment is sane
configure:2389: result: yes
configure:2414: checking for a thread-safe mkdir -p
configure:2453: result: /bin/mkdir -p
configure:2466: checking for gawk
configure:2496: result: no
configure:2466: checking for mawk
configure:2482: found /usr/bin/mawk
configure:2493: result: mawk
configure:2504: checking whether make sets $(MAKE)
configure:2526: result: yes
configure:2751: checking for ranlib
configure:2767: found /usr/bin/ranlib
configure:2778: result: ranlib
configure:2817: checking for style of include used by make
configure:2845: result: GNU
configure:2915: checking for gcc
configure:2931: found /usr/bin/gcc
configure:2942: result: gcc
configure:3171: checking for C compiler version
configure:3180: gcc --version >&5
gcc (Ubuntu/Linaro 4.6.3-1ubuntu5) 4.6.3
Copyright (C) 2011 Free Software Foundation, Inc.
This is free software; see the source for copying conditions.  There is NO
warranty; not even for MERCHANTABILITY or FITNESS FOR A PARTICULAR PURPOSE.

configure:3191: $? = 0
configure:3180: gcc -v >&5
Using built-in specs.
COLLECT_GCC=gcc
COLLECT_LTO_WRAPPER=/usr/lib/gcc/arm-linux-gnueabihf/4.6/lto-wrapper
Target: arm-linux-gnueabihf
Configured with: ../src/configure -v --with-pkgversion='Ubuntu/Linaro 4.6.3-1ubuntu5' --with-bugurl=file:///usr/share/doc/gcc-4.6/README.Bugs --enable-languages=c,c++,fortran,objc,obj-c++ --prefix=/usr --program-suffix=-4.6 --enable-shared --enable-linker-build-id --with-system-zlib --libexecdir=/usr/lib --without-included-gettext --enable-threads=posix --with-gxx-include-dir=/usr/include/c++/4.6 --libdir=/usr/lib --enable-nls --with-sysroot=/ --enable-clocale=gnu --enable-libstdcxx-debug --enable-libstdcxx-time=yes --enable-gnu-unique-object --enable-plugin --enable-objc-gc --enable-multilib --disable-sjlj-exceptions --with-arch=armv7-a --with-float=hard --with-fpu=vfpv3-d16 --with-mode=thumb --disable-werror --enable-checking=release --build=arm-linux-gnueabihf --host=arm-linux-gnueabihf --target=arm-linux-gnueabihf
Thread model: posix
gcc version 4.6.3 (Ubuntu/Linaro 4.6.3-1ubuntu5) 
configure:3191: $? = 0
configure:3180: gcc -V >&5
gcc: fatal error: no input files
compilation terminated.
configure:3191: $? = 4
configure:3180: gcc -qversion >&5
gcc: fatal error: no input files
compilation terminated.
configure:3191: $? = 4
configure:3213: checking for C compiler default output file name
configure:3235: gcc    conftest.c  >&5
configure:3239: $? = 0
configure:3276: result: a.out
configure:3292: checking whether the C compiler works
configure:3301: ./a.out
configure:3305: $? = 0
configure:3320: result: yes
configure:3327: checking whether we are cross compiling
configure:3329: result: no
configure:3332: checking for suffix of executables
configure:3339: gcc -o conftest    conftest.c  >&5
configure:3343: $? = 0
configure:3365: result: 
configure:3371: checking for suffix of object files
configure:3393: gcc -c   conftest.c >&5
configure:3397: $? = 0
configure:3418: result: o
configure:3422: checking whether we are using the GNU C compiler
configure:3441: gcc -c   conftest.c >&5
configure:3441: $? = 0
configure:3450: result: yes
configure:3459: checking whether gcc accepts -g
configure:3479: gcc -c -g  conftest.c >&5
configure:3479: $? = 0
configure:3520: result: yes
configure:3537: checking for gcc option to accept ISO C89
configure:3601: gcc  -c -g -O2  conftest.c >&5
configure:3601: $? = 0
configure:3614: result: none needed
configure:3636: checking dependency style of gcc
configure:3727: result: gcc3
configure:3743: checking whether gcc and cc understand -c and -o together
configure:3774: gcc -c conftest.c -o conftest2.o >&5
configure:3778: $? = 0
configure:3784: gcc -c conftest.c -o conftest2.o >&5
configure:3788: $? = 0
configure:3799: cc -c conftest.c >&5
configure:3803: $? = 0
configure:3811: cc -c conftest.c -o conftest2.o >&5
configure:3815: $? = 0
configure:3821: cc -c conftest.c -o conftest2.o >&5
configure:3825: $? = 0
configure:3843: result: yes
configure:3877: checking dependency style of gcc
configure:3968: result: gcc3
configure:3991: checking how to run the C preprocessor
configure:4022: gcc -E  conftest.c
configure:4022: $? = 0
configure:4036: gcc -E  conftest.c
conftest.c:11:28: fatal error: ac_nonexistent.h: No such file or directory
compilation terminated.
configure:4036: $? = 1
configure: failed program was:
| /* confdefs.h */
| #define PACKAGE_NAME "libatomic_ops"
| #define PACKAGE_TARNAME "libatomic_ops"
| #define PACKAGE_VERSION "7.2alpha4"
| #define PACKAGE_STRING "libatomic_ops 7.2alpha4"
| #define PACKAGE_BUGREPORT ""
| #define PACKAGE_URL ""
| #define PACKAGE "libatomic_ops"
| #define VERSION "7.2alpha4"
| /* end confdefs.h.  */
| #include <ac_nonexistent.h>
configure:4061: result: gcc -E
configure:4081: gcc -E  conftest.c
configure:4081: $? = 0
configure:4095: gcc -E  conftest.c
conftest.c:11:28: fatal error: ac_nonexistent.h: No such file or directory
compilation terminated.
configure:4095: $? = 1
configure: failed program was:
| /* confdefs.h */
| #define PACKAGE_NAME "libatomic_ops"
| #define PACKAGE_TARNAME "libatomic_ops"
| #define PACKAGE_VERSION "7.2alpha4"
| #define PACKAGE_STRING "libatomic_ops 7.2alpha4"
| #define PACKAGE_BUGREPORT ""
| #define PACKAGE_URL ""
| #define PACKAGE "libatomic_ops"
| #define VERSION "7.2alpha4"
| /* end confdefs.h.  */
| #include <ac_nonexistent.h>
configure:4124: checking for grep that handles long lines and -e
configure:4182: result: /bin/grep
configure:4187: checking for egrep
configure:4249: result: /bin/grep -E
configure:4254: checking for ANSI C header files
configure:4274: gcc -c -g -O2  conftest.c >&5
configure:4274: $? = 0
configure:4347: gcc -o conftest -g -O2   conftest.c  >&5
configure:4347: $? = 0
configure:4347: ./conftest
configure:4347: $? = 0
configure:4358: result: yes
configure:4371: checking for sys/types.h
configure:4371: gcc -c -g -O2  conftest.c >&5
configure:4371: $? = 0
configure:4371: result: yes
configure:4371: checking for sys/stat.h
configure:4371: gcc -c -g -O2  conftest.c >&5
configure:4371: $? = 0
configure:4371: result: yes
configure:4371: checking for stdlib.h
configure:4371: gcc -c -g -O2  conftest.c >&5
configure:4371: $? = 0
configure:4371: result: yes
configure:4371: checking for string.h
configure:4371: gcc -c -g -O2  conftest.c >&5
configure:4371: $? = 0
configure:4371: result: yes
configure:4371: checking for memory.h
configure:4371: gcc -c -g -O2  conftest.c >&5
configure:4371: $? = 0
configure:4371: result: yes
configure:4371: checking for strings.h
configure:4371: gcc -c -g -O2  conftest.c >&5
configure:4371: $? = 0
configure:4371: result: yes
configure:4371: checking for inttypes.h
configure:4371: gcc -c -g -O2  conftest.c >&5
configure:4371: $? = 0
configure:4371: result: yes
configure:4371: checking for stdint.h
configure:4371: gcc -c -g -O2  conftest.c >&5
configure:4371: $? = 0
configure:4371: result: yes
configure:4371: checking for unistd.h
configure:4371: gcc -c -g -O2  conftest.c >&5
configure:4371: $? = 0
configure:4371: result: yes
configure:4387: checking for stdlib.h
configure:4387: result: yes
configure:4387: checking for unistd.h
configure:4387: result: yes
configure:4400: checking for getpagesize
configure:4400: gcc -o conftest -g -O2   conftest.c  >&5
configure:4400: $? = 0
configure:4400: result: yes
configure:4409: checking for working mmap
configure:4546: gcc -o conftest -g -O2   conftest.c  >&5
configure:4546: $? = 0
configure:4546: ./conftest
configure:4546: $? = 0
configure:4556: result: yes
configure:4567: checking for ANSI C header files
configure:4671: result: yes
configure:4684: checking Determining PIC compiler flag
configure:4687: result: -fPIC
configure:4857: creating ./config.status

## ---------------------- ##
## Running config.status. ##
## ---------------------- ##

This file was extended by libatomic_ops config.status 7.2alpha4, which was
generated by GNU Autoconf 2.64.  Invocation command line was

  CONFIG_FILES    = 
  CONFIG_HEADERS  = 
  CONFIG_LINKS    = 
  CONFIG_COMMANDS = 
  $ ./config.status 

on vader-rover

config.status:881: creating Makefile
config.status:881: creating src/Makefile
config.status:881: creating src/atomic_ops/Makefile
config.status:881: creating src/atomic_ops/sysdeps/Makefile
config.status:881: creating doc/Makefile
config.status:881: creating tests/Makefile
config.status:881: creating src/config.h
config.status:1053: src/config.h is unchanged
config.status:1101: executing depfiles commands
config.status:1101: executing default commands
configure:6171: WARNING: unrecognized options: --enable-large-config, --enable-threads

## ---------------- ##
## Cache variables. ##
## ---------------- ##

ac_cv_build=armv7l-unknown-linux-gnueabi
ac_cv_c_compiler_gnu=yes
ac_cv_env_CCASFLAGS_set=
ac_cv_env_CCASFLAGS_value=
ac_cv_env_CCAS_set=
ac_cv_env_CCAS_value=
ac_cv_env_CC_set=
ac_cv_env_CC_value=
ac_cv_env_CFLAGS_set=
ac_cv_env_CFLAGS_value=
ac_cv_env_CPPFLAGS_set=
ac_cv_env_CPPFLAGS_value=
ac_cv_env_CPP_set=
ac_cv_env_CPP_value=
ac_cv_env_LDFLAGS_set=
ac_cv_env_LDFLAGS_value=
ac_cv_env_LIBS_set=
ac_cv_env_LIBS_value=
ac_cv_env_build_alias_set=
ac_cv_env_build_alias_value=
ac_cv_env_host_alias_set=
ac_cv_env_host_alias_value=
ac_cv_env_target_alias_set=
ac_cv_env_target_alias_value=
ac_cv_func_getpagesize=yes
ac_cv_func_mmap_fixed_mapped=yes
ac_cv_header_inttypes_h=yes
ac_cv_header_memory_h=yes
ac_cv_header_stdc=yes
ac_cv_header_stdint_h=yes
ac_cv_header_stdlib_h=yes
ac_cv_header_string_h=yes
ac_cv_header_strings_h=yes
ac_cv_header_sys_stat_h=yes
ac_cv_header_sys_types_h=yes
ac_cv_header_unistd_h=yes
ac_cv_host=armv7l-unknown-linux-gnueabi
ac_cv_objext=o
ac_cv_path_EGREP='/bin/grep -E'
ac_cv_path_GREP=/bin/grep
ac_cv_path_install='/usr/bin/install -c'
ac_cv_path_mkdir=/bin/mkdir
ac_cv_prog_AWK=mawk
ac_cv_prog_CPP='gcc -E'
ac_cv_prog_ac_ct_CC=gcc
ac_cv_prog_ac_ct_RANLIB=ranlib
ac_cv_prog_cc_c89=
ac_cv_prog_cc_g=yes
ac_cv_prog_cc_gcc_c_o=yes
ac_cv_prog_make_make_set=yes
ac_cv_target=armv7l-unknown-linux-gnueabi
am_cv_CCAS_dependencies_compiler_type=gcc3
am_cv_CC_dependencies_compiler_type=gcc3

## ----------------- ##
## Output variables. ##
## ----------------- ##

ACLOCAL='${SHELL} /root/pkg/gc-7.2alpha4/libatomic_ops/missing --run aclocal-1.10'
AMDEPBACKSLASH='\'
AMDEP_FALSE='#'
AMDEP_TRUE=''
AMTAR='${SHELL} /root/pkg/gc-7.2alpha4/libatomic_ops/missing --run tar'
AUTOCONF='${SHELL} /root/pkg/gc-7.2alpha4/libatomic_ops/missing --run autoconf'
AUTOHEADER='${SHELL} /root/pkg/gc-7.2alpha4/libatomic_ops/missing --run autoheader'
AUTOMAKE='${SHELL} /root/pkg/gc-7.2alpha4/libatomic_ops/missing --run automake-1.10'
AWK='mawk'
CC='gcc'
CCAS='gcc'
CCASDEPMODE='depmode=gcc3'
CCASFLAGS='-g -O2'
CCDEPMODE='depmode=gcc3'
CFLAGS='-g -O2 -DNDEBUG'
CPP='gcc -E'
CPPFLAGS=''
CYGPATH_W='echo'
DEFS='-DHAVE_CONFIG_H'
DEPDIR='.deps'
ECHO_C=''
ECHO_N='-n'
ECHO_T=''
EGREP='/bin/grep -E'
EXEEXT=''
GREP='/bin/grep'
INSTALL_DATA='${INSTALL} -m 644'
INSTALL_PROGRAM='${INSTALL}'
INSTALL_SCRIPT='${INSTALL}'
INSTALL_STRIP_PROGRAM='$(install_sh) -c -s'
LDFLAGS=''
LIBOBJS=''
LIBS=''
LTLIBOBJS=''
MAKEINFO='${SHELL} /root/pkg/gc-7.2alpha4/libatomic_ops/missing --run makeinfo'
MKDIR_P='/bin/mkdir -p'
NEED_ASM_FALSE=''
NEED_ASM_TRUE='#'
OBJEXT='o'
PACKAGE='libatomic_ops'
PACKAGE_BUGREPORT=''
PACKAGE_NAME='libatomic_ops'
PACKAGE_STRING='libatomic_ops 7.2alpha4'
PACKAGE_TARNAME='libatomic_ops'
PACKAGE_URL=''
PACKAGE_VERSION='7.2alpha4'
PATH_SEPARATOR=':'
PICFLAG='-fPIC'
RANLIB='ranlib'
SET_MAKE=''
SHELL='/bin/bash'
STRIP=''
VERSION='7.2alpha4'
ac_ct_CC='gcc'
am__fastdepCCAS_FALSE='#'
am__fastdepCCAS_TRUE=''
am__fastdepCC_FALSE='#'
am__fastdepCC_TRUE=''
am__include='include'
am__isrc=''
am__leading_dot='.'
am__quote=''
am__tar='${AMTAR} chof - "$$tardir"'
am__untar='${AMTAR} xf -'
bindir='${exec_prefix}/bin'
build='armv7l-unknown-linux-gnueabi'
build_alias=''
build_cpu='armv7l'
build_os='linux-gnueabi'
build_vendor='unknown'
datadir='${datarootdir}'
datarootdir='${prefix}/share'
docdir='${datarootdir}/doc/${PACKAGE_TARNAME}'
dvidir='${docdir}'
exec_prefix='${prefix}'
host='armv7l-unknown-linux-gnueabi'
host_alias=''
host_cpu='armv7l'
host_os='linux-gnueabi'
host_vendor='unknown'
htmldir='${docdir}'
includedir='${prefix}/include'
infodir='${datarootdir}/info'
install_sh='$(SHELL) /root/pkg/gc-7.2alpha4/libatomic_ops/install-sh'
libdir='${exec_prefix}/lib'
libexecdir='${exec_prefix}/libexec'
localedir='${datarootdir}/locale'
localstatedir='${prefix}/var'
mandir='${datarootdir}/man'
mkdir_p='/bin/mkdir -p'
oldincludedir='/usr/include'
pdfdir='${docdir}'
prefix='/usr/local'
program_transform_name='s,x,x,'
psdir='${docdir}'
sbindir='${exec_prefix}/sbin'
sharedstatedir='${prefix}/com'
sysconfdir='${prefix}/etc'
target='armv7l-unknown-linux-gnueabi'
target_alias=''
target_cpu='armv7l'
target_os='linux-gnueabi'
target_vendor='unknown'

## ----------- ##
## confdefs.h. ##
## ----------- ##

/* confdefs.h */
#define PACKAGE_NAME "libatomic_ops"
#define PACKAGE_TARNAME "libatomic_ops"
#define PACKAGE_VERSION "7.2alpha4"
#define PACKAGE_STRING "libatomic_ops 7.2alpha4"
#define PACKAGE_BUGREPORT ""
#define PACKAGE_URL ""
#define PACKAGE "libatomic_ops"
#define VERSION "7.2alpha4"
#define STDC_HEADERS 1
#define HAVE_SYS_TYPES_H 1
#define HAVE_SYS_STAT_H 1
#define HAVE_STDLIB_H 1
#define HAVE_STRING_H 1
#define HAVE_MEMORY_H 1
#define HAVE_STRINGS_H 1
#define HAVE_INTTYPES_H 1
#define HAVE_STDINT_H 1
#define HAVE_UNISTD_H 1
#define HAVE_STDLIB_H 1
#define HAVE_UNISTD_H 1
#define HAVE_GETPAGESIZE 1
#define HAVE_MMAP 1
#define STDC_HEADERS 1

configure: exit 0
