update-alternatives 2014-02-11 12:06:32: run with --install /usr/share/fonts/truetype/fonts-japanese-gothic.ttf fonts-japanese-gothic.ttf /usr/share/fonts/opentype/ipafont-gothic/ipag.ttf 100
update-alternatives 2014-02-11 12:06:32: link group fonts-japanese-gothic.ttf updated to point to /usr/share/fonts/opentype/ipafont-gothic/ipag.ttf
update-alternatives 2014-02-11 12:06:32: run with --install /usr/share/fonts/truetype/fonts-japanese-mincho.ttf fonts-japanese-mincho.ttf /usr/share/fonts/opentype/ipafont-mincho/ipam.ttf 100
update-alternatives 2014-02-11 12:06:32: link group fonts-japanese-mincho.ttf updated to point to /usr/share/fonts/opentype/ipafont-mincho/ipam.ttf
update-alternatives 2014-02-11 12:06:33: run with --quiet --install /usr/bin/java java /usr/bin/gij-4.6 1046 --slave /usr/share/man/man1/java.1.gz java.1.gz /usr/share/man/man1/gij-4.6.1.gz
update-alternatives 2014-02-11 12:06:33: run with --quiet --install /usr/bin/rmiregistry rmiregistry /usr/bin/grmiregistry-4.6 1046 --slave /usr/share/man/man1/rmiregistry.1.gz rmiregistry.1.gz /usr/share/man/man1/grmiregistry-4.6.1.gz
update-alternatives 2014-02-11 12:06:33: run with --quiet --install /usr/bin/keytool keytool /usr/bin/gkeytool-4.6 1046 --slave /usr/share/man/man1/keytool.1.gz keytool.1.gz /usr/share/man/man1/gkeytool-4.6.1.gz
update-alternatives 2014-02-11 12:06:33: run with --quiet --install /usr/bin/orbd orbd /usr/bin/gorbd-4.6 1046 --slave /usr/share/man/man1/orbd.1.gz orbd.1.gz /usr/share/man/man1/gorbd-4.6.1.gz
update-alternatives 2014-02-11 12:06:33: run with --quiet --install /usr/bin/rmid rmid /usr/bin/grmid-4.6 1046 --slave /usr/share/man/man1/rmid.1.gz rmid.1.gz /usr/share/man/man1/grmid-4.6.1.gz
update-alternatives 2014-02-11 12:06:38: run with --install /usr/bin/javaws javaws /usr/lib/jvm/java-6-openjdk-armhf/jre/bin/javaws 1061 --slave /usr/share/man/man1/javaws.1.gz javaws.1.gz /usr/lib/jvm/java-6-openjdk-armhf/jre/man/man1/javaws.1.gz
update-alternatives 2014-02-11 12:06:38: link group javaws updated to point to /usr/lib/jvm/java-6-openjdk-armhf/jre/bin/javaws
update-alternatives 2014-02-11 12:06:39: run with --install /usr/bin/itweb-settings itweb-settings /usr/lib/jvm/java-6-openjdk-armhf/jre/bin/itweb-settings 1061 --slave /usr/share/man/man1/itweb-settings.1.gz itweb-settings.1.gz /usr/lib/jvm/java-6-openjdk-armhf/jre/man/man1/itweb-settings.1.gz
update-alternatives 2014-02-11 12:06:39: link group itweb-settings updated to point to /usr/lib/jvm/java-6-openjdk-armhf/jre/bin/itweb-settings
update-alternatives 2014-02-11 12:06:39: run with --install /usr/bin/javaws javaws /usr/lib/jvm/java-7-openjdk-armhf/jre/bin/javaws 1060 --slave /usr/share/man/man1/javaws.1.gz javaws.1.gz /usr/lib/jvm/java-7-openjdk-armhf/jre/man/man1/javaws.1.gz
update-alternatives 2014-02-11 12:06:39: run with --install /usr/bin/itweb-settings itweb-settings /usr/lib/jvm/java-7-openjdk-armhf/jre/bin/itweb-settings 1060 --slave /usr/share/man/man1/itweb-settings.1.gz itweb-settings.1.gz /usr/lib/jvm/java-7-openjdk-armhf/jre/man/man1/itweb-settings.1.gz
update-alternatives 2014-02-11 12:06:39: run with --quiet --install /usr/lib/mozilla/plugins/libjavaplugin.so mozilla-javaplugin.so /usr/lib/jvm/java-6-openjdk-armhf/jre/lib//IcedTeaPlugin.so 1061
update-alternatives 2014-02-11 12:06:39: link group mozilla-javaplugin.so updated to point to /usr/lib/jvm/java-6-openjdk-armhf/jre/lib//IcedTeaPlugin.so
update-alternatives 2014-02-11 12:46:46: run with --quiet --install /usr/bin/awk awk /usr/bin/gawk 10 --slave /usr/share/man/man1/awk.1.gz awk.1.gz /usr/share/man/man1/gawk.1.gz --slave /usr/bin/nawk nawk /usr/bin/gawk --slave /usr/share/man/man1/nawk.1.gz nawk.1.gz /usr/share/man/man1/gawk.1.gz
update-alternatives 2014-02-11 12:46:46: link group awk updated to point to /usr/bin/gawk
update-alternatives 2014-02-11 12:47:18: run with --install /bin/csh csh /bin/tcsh 20 --slave /usr/share/man/man1/csh.1.gz csh.1.gz /usr/share/man/man1/tcsh.1.gz
update-alternatives 2014-02-11 12:47:18: link group csh updated to point to /bin/tcsh
update-alternatives 2014-02-11 12:47:19: run with --install /usr/bin/tclsh tclsh /usr/bin/tclsh8.4 841 --slave /usr/share/man/man1/tclsh.1.gz tclsh.1 /usr/share/man/man1/tclsh8.4.1.gz
update-alternatives 2014-02-11 12:47:19: link group tclsh updated to point to /usr/bin/tclsh8.4
update-alternatives 2014-02-11 12:47:19: run with --install /usr/bin/wish wish /usr/bin/wish8.4 841 --slave /usr/share/man/man1/wish.1.gz wish.1 /usr/share/man/man1/wish8.4.1.gz
update-alternatives 2014-02-11 12:47:19: link group wish updated to point to /usr/bin/wish8.4
update-alternatives 2014-02-11 12:48:33: run with --install /usr/bin/xdvi.bin xdvi.bin /usr/bin/xdvi-xaw 30
update-alternatives 2014-02-11 12:48:33: link group xdvi.bin updated to point to /usr/bin/xdvi-xaw
update-alternatives 2014-02-11 12:48:34: run with --install /usr/bin/bibtex bibtex /usr/bin/bibtex.original 100 --slave /usr/share/man/man1/bibtex.1.gz bibtex.1.gz /usr/share/man/man1/bibtex.original.1.gz
update-alternatives 2014-02-11 12:48:34: link group bibtex updated to point to /usr/bin/bibtex.original
update-alternatives 2014-02-11 13:25:45: run with --install /usr/bin/dia dia /usr/bin/dia-normal 40
update-alternatives 2014-02-11 13:25:45: link group dia updated to point to /usr/bin/dia-normal
update-alternatives 2014-02-11 13:25:45: run with --install /usr/bin/dia dia /usr/bin/dia-normal-integrated 45
update-alternatives 2014-02-11 13:25:45: link group dia updated to point to /usr/bin/dia-normal-integrated
update-alternatives 2014-02-11 13:25:47: run with --install /usr/bin/dia dia /usr/bin/dia-gnome 50
update-alternatives 2014-02-11 13:25:47: link group dia updated to point to /usr/bin/dia-gnome
update-alternatives 2014-02-11 13:25:47: run with --install /usr/bin/dia dia /usr/bin/dia-gnome-integrated 55
update-alternatives 2014-02-11 13:25:47: link group dia updated to point to /usr/bin/dia-gnome-integrated
update-alternatives 2014-02-11 16:20:34: run with --quiet --install /usr/bin/openjade openjade /usr/bin/openjade-1.4devel 20
update-alternatives 2014-02-11 16:20:34: link group openjade updated to point to /usr/bin/openjade-1.4devel
update-alternatives 2014-02-11 16:21:20: run with --quiet --install /usr/bin/www-browser www-browser /usr/bin/links 68 --slave /usr/share/man/man1/www-browser.1.gz www-browser.1.gz /usr/share/man/man1/links.1.gz
update-alternatives 2014-02-11 16:21:20: link group www-browser updated to point to /usr/bin/links
update-alternatives 2014-02-11 16:21:24: run with --install /usr/bin/www-browser www-browser /usr/bin/lynx 40 --slave /usr/share/man/man1/www-browser.1.gz www-browser.1.gz /usr/share/man/man1/lynx.1.gz
update-alternatives 2014-02-11 16:21:41: run with --quiet --install /usr/bin/pager pager /usr/bin/w3m 25 --slave /usr/share/man/man1/pager.1.gz pager.1.gz /usr/share/man/man1/w3m.1.gz
update-alternatives 2014-02-11 16:21:42: run with --quiet --install /usr/bin/www-browser www-browser /usr/bin/w3m 25 --slave /usr/share/man/man1/www-browser.1.gz www-browser.1.gz /usr/share/man/man1/w3m.1.gz
update-alternatives 2014-02-12 10:29:38: run with --install /usr/share/images/desktop-base/desktop-background desktop-background /usr/share/images/desktop-base/spacefun-wallpaper.svg 60
update-alternatives 2014-02-12 10:29:38: link group desktop-background updated to point to /usr/share/images/desktop-base/spacefun-wallpaper.svg
update-alternatives 2014-02-12 10:29:38: run with --install /usr/share/images/desktop-base/desktop-background desktop-background /usr/share/images/desktop-base/spacefun-wallpaper-widescreen.svg 55
update-alternatives 2014-02-12 10:29:38: run with --install /usr/share/images/desktop-base/desktop-background desktop-background /usr/share/images/desktop-base/moreblue-orbit-wallpaper.svg 50
update-alternatives 2014-02-12 10:29:39: run with --install /usr/share/images/desktop-base/desktop-background desktop-background /usr/share/images/desktop-base/moreblue-orbit-wallpaper-widescreen.svg 50
update-alternatives 2014-02-12 10:29:39: run with --install /usr/share/images/desktop-base/desktop-background desktop-background /usr/share/images/desktop-base/nightly-wallpaper.png 40
update-alternatives 2014-02-12 10:29:39: run with --install /usr/share/images/desktop-base/desktop-background desktop-background /usr/share/images/desktop-base/debian-blueish-wallpaper.svg 30
update-alternatives 2014-02-12 10:29:39: run with --install /usr/share/images/desktop-base/desktop-splash desktop-splash /usr/share/images/desktop-base/spacefun-splash.svg 50
update-alternatives 2014-02-12 10:29:39: link group desktop-splash updated to point to /usr/share/images/desktop-base/spacefun-splash.svg
update-alternatives 2014-02-12 10:29:39: run with --install /usr/share/images/desktop-base/desktop-splash desktop-splash /usr/share/images/desktop-base/moreblue-orbit-splash.png 40
update-alternatives 2014-02-12 10:29:39: run with --install /usr/share/images/desktop-base/desktop-splash desktop-splash /usr/share/images/desktop-base/gnome-splash-curves.png 30
update-alternatives 2014-02-12 10:29:40: run with --install /usr/share/images/desktop-base/desktop-grub.png desktop-grub /usr/share/images/desktop-base/spacefun-grub.png 15
update-alternatives 2014-02-12 10:29:40: link group desktop-grub updated to point to /usr/share/images/desktop-base/spacefun-grub.png
update-alternatives 2014-02-12 10:29:40: run with --install /usr/share/images/desktop-base/desktop-grub.png desktop-grub /usr/share/images/desktop-base/spacefun-grub-widescreen.png 14
update-alternatives 2014-02-12 10:29:40: run with --install /usr/share/images/desktop-base/desktop-grub.png desktop-grub /usr/share/images/desktop-base/moreblue-orbit-grub.png 10
update-alternatives 2014-02-12 10:29:53: run with --install /usr/bin/aptitude aptitude /usr/bin/aptitude-curses 30 --slave /usr/share/man/man8/aptitude.8.gz aptitude.8.gz /usr/share/man/man8/aptitude-curses.8.gz --slave /usr/share/man/cs/man8/aptitude.8.gz aptitude.cs.8.gz /usr/share/man/cs/man8/aptitude-curses.8.gz --slave /usr/share/man/de/man8/aptitude.8.gz aptitude.de.8.gz /usr/share/man/de/man8/aptitude-curses.8.gz --slave /usr/share/man/es/man8/aptitude.8.gz aptitude.es.8.gz /usr/share/man/es/man8/aptitude-curses.8.gz --slave /usr/share/man/fi/man8/aptitude.8.gz aptitude.fi.8.gz /usr/share/man/fi/man8/aptitude-curses.8.gz --slave /usr/share/man/fr/man8/aptitude.8.gz aptitude.fr.8.gz /usr/share/man/fr/man8/aptitude-curses.8.gz --slave /usr/share/man/gl/man8/aptitude.8.gz aptitude.gl.8.gz /usr/share/man/gl/man8/aptitude-curses.8.gz --slave /usr/share/man/it/man8/aptitude.8.gz aptitude.it.8.gz /usr/share/man/it/man8/aptitude-curses.8.gz --slave /usr/share/man/ja/man8/aptitude.8.gz aptitude.ja.8.gz /usr/share/man/ja/man8/aptitude-curses.8.gz --slave /usr/share/man/pl/man8/aptitude.8.gz aptitude.pl.8.gz /usr/share/man/pl/man8/aptitude-curses.8.gz
update-alternatives 2014-02-12 10:29:53: link group aptitude updated to point to /usr/bin/aptitude-curses
update-alternatives 2014-02-12 10:30:22: run with --quiet --install /usr/bin/javac javac /usr/bin/ecj 143 --slave /usr/share/man/man1/javac.1.gz javac.1.gz /usr/share/man/man1/ecj.1.gz
update-alternatives 2014-02-12 10:30:22: link group javac updated to point to /usr/bin/ecj
update-alternatives 2014-02-12 10:30:32: run with --quiet --install /usr/bin/jar jar /usr/bin/fastjar 100 --slave /usr/share/man/man1/jar.1.gz jar.1.gz /usr/share/man/man1/fastjar.1.gz
update-alternatives 2014-02-12 10:30:32: link group jar updated to point to /usr/bin/fastjar
update-alternatives 2014-02-12 10:33:43: run with --install /usr/bin/js js /usr/bin/rhino 100 --slave /usr/share/man/man1/js.1.gz js.1.gz /usr/share/man/man1/rhino.1.gz
update-alternatives 2014-02-12 10:33:43: link group js updated to point to /usr/bin/rhino
update-alternatives 2014-02-12 10:38:30: run with --quiet --install /usr/bin/javac javac /usr/bin/gcj-wrapper-4.6 1046 --slave /usr/share/man/man1/javac.1.gz javac.1.gz /usr/share/man/man1/gcj-wrapper-4.6.1.gz
update-alternatives 2014-02-12 10:38:30: link group javac updated to point to /usr/bin/gcj-wrapper-4.6
update-alternatives 2014-02-12 10:38:30: run with --quiet --install /usr/bin/jar jar /usr/bin/gjar-4.6 1046 --slave /usr/share/man/man1/jar.1.gz jar.1.gz /usr/share/man/man1/gjar-4.6.1.gz
update-alternatives 2014-02-12 10:38:30: link group jar updated to point to /usr/bin/gjar-4.6
update-alternatives 2014-02-12 10:38:30: run with --quiet --install /usr/bin/jarsigner jarsigner /usr/bin/gjarsigner-4.6 1046 --slave /usr/share/man/man1/jarsigner.1.gz jarsigner.1.gz /usr/share/man/man1/gjarsigner-4.6.1.gz
update-alternatives 2014-02-12 10:38:30: link group jarsigner updated to point to /usr/bin/gjarsigner-4.6
update-alternatives 2014-02-12 10:38:30: run with --quiet --install /usr/bin/javah javah /usr/bin/gjavah-4.6 1046 --slave /usr/share/man/man1/javah.1.gz javah.1.gz /usr/share/man/man1/gjavah-4.6.1.gz
update-alternatives 2014-02-12 10:38:30: link group javah updated to point to /usr/bin/gjavah-4.6
update-alternatives 2014-02-12 10:38:30: run with --quiet --install /usr/bin/javadoc javadoc /usr/bin/gjdoc-4.6 1046 --slave /usr/share/man/man1/javadoc.1.gz javadoc.1.gz /usr/share/man/man1/gjdoc-4.6.1.gz
update-alternatives 2014-02-12 10:38:30: link group javadoc updated to point to /usr/bin/gjdoc-4.6
update-alternatives 2014-02-12 10:38:31: run with --quiet --install /usr/bin/native2ascii native2ascii /usr/bin/gnative2ascii-4.6 1046 --slave /usr/share/man/man1/native2ascii.1.gz native2ascii.1.gz /usr/share/man/man1/gnative2ascii-4.6.1.gz
update-alternatives 2014-02-12 10:38:31: link group native2ascii updated to point to /usr/bin/gnative2ascii-4.6
update-alternatives 2014-02-12 10:38:31: run with --quiet --install /usr/bin/rmic rmic /usr/bin/grmic-4.6 1046 --slave /usr/share/man/man1/rmic.1.gz rmic.1.gz /usr/share/man/man1/grmic-4.6.1.gz
update-alternatives 2014-02-12 10:38:31: link group rmic updated to point to /usr/bin/grmic-4.6
update-alternatives 2014-02-12 10:38:31: run with --quiet --install /usr/bin/serialver serialver /usr/bin/gserialver-4.6 1046 --slave /usr/share/man/man1/serialver.1.gz serialver.1.gz /usr/share/man/man1/gserialver-4.6.1.gz
update-alternatives 2014-02-12 10:38:31: link group serialver updated to point to /usr/bin/gserialver-4.6
update-alternatives 2014-02-12 10:38:31: run with --quiet --install /usr/bin/tnameserv tnameserv /usr/bin/gtnameserv-4.6 1046 --slave /usr/share/man/man1/tnameserv.1.gz tnameserv.1.gz /usr/share/man/man1/gtnameserv-4.6.1.gz
