Jan 26 08:17:01 vader-rover CRON[1906]: pam_unix(cron:session): session opened for user root by (uid=0)
Jan 26 08:17:01 vader-rover CRON[1906]: pam_unix(cron:session): session closed for user root
Jan 26 09:17:01 vader-rover CRON[1911]: pam_unix(cron:session): session opened for user root by (uid=0)
Jan 26 09:17:01 vader-rover CRON[1911]: pam_unix(cron:session): session closed for user root
Jan 26 10:17:01 vader-rover CRON[1916]: pam_unix(cron:session): session opened for user root by (uid=0)
Jan 26 10:17:01 vader-rover CRON[1916]: pam_unix(cron:session): session closed for user root
Jan 26 11:17:01 vader-rover CRON[1920]: pam_unix(cron:session): session opened for user root by (uid=0)
Jan 26 11:17:01 vader-rover CRON[1920]: pam_unix(cron:session): session closed for user root
Jan 26 12:17:01 vader-rover CRON[1924]: pam_unix(cron:session): session opened for user root by (uid=0)
Jan 26 12:17:01 vader-rover CRON[1924]: pam_unix(cron:session): session closed for user root
Jan 26 13:17:01 vader-rover CRON[1928]: pam_unix(cron:session): session opened for user root by (uid=0)
Jan 26 13:17:01 vader-rover CRON[1928]: pam_unix(cron:session): session closed for user root
Jan 26 14:17:01 vader-rover CRON[1932]: pam_unix(cron:session): session opened for user root by (uid=0)
Jan 26 14:17:02 vader-rover CRON[1932]: pam_unix(cron:session): session closed for user root
Jan 26 15:17:01 vader-rover CRON[1936]: pam_unix(cron:session): session opened for user root by (uid=0)
Jan 26 15:17:01 vader-rover CRON[1936]: pam_unix(cron:session): session closed for user root
Jan 26 16:17:01 vader-rover CRON[1940]: pam_unix(cron:session): session opened for user root by (uid=0)
Jan 26 16:17:01 vader-rover CRON[1940]: pam_unix(cron:session): session closed for user root
Jan 26 17:17:01 vader-rover CRON[1944]: pam_unix(cron:session): session opened for user root by (uid=0)
Jan 26 17:17:01 vader-rover CRON[1944]: pam_unix(cron:session): session closed for user root
Jan 26 18:17:01 vader-rover CRON[1948]: pam_unix(cron:session): session opened for user root by (uid=0)
Jan 26 18:17:01 vader-rover CRON[1948]: pam_unix(cron:session): session closed for user root
Jan 26 19:17:01 vader-rover CRON[1952]: pam_unix(cron:session): session opened for user root by (uid=0)
Jan 26 19:17:01 vader-rover CRON[1952]: pam_unix(cron:session): session closed for user root
Jan 26 20:17:01 vader-rover CRON[1956]: pam_unix(cron:session): session opened for user root by (uid=0)
Jan 26 20:17:01 vader-rover CRON[1956]: pam_unix(cron:session): session closed for user root
Jan 26 21:17:01 vader-rover CRON[1960]: pam_unix(cron:session): session opened for user root by (uid=0)
Jan 26 21:17:01 vader-rover CRON[1960]: pam_unix(cron:session): session closed for user root
Jan 26 22:17:01 vader-rover CRON[1964]: pam_unix(cron:session): session opened for user root by (uid=0)
Jan 26 22:17:01 vader-rover CRON[1964]: pam_unix(cron:session): session closed for user root
Jan 26 23:17:01 vader-rover CRON[1968]: pam_unix(cron:session): session opened for user root by (uid=0)
Jan 26 23:17:02 vader-rover CRON[1968]: pam_unix(cron:session): session closed for user root
Jan 27 00:17:01 vader-rover CRON[1972]: pam_unix(cron:session): session opened for user root by (uid=0)
Jan 27 00:17:01 vader-rover CRON[1972]: pam_unix(cron:session): session closed for user root
Jan 27 01:17:01 vader-rover CRON[1976]: pam_unix(cron:session): session opened for user root by (uid=0)
Jan 27 01:17:01 vader-rover CRON[1976]: pam_unix(cron:session): session closed for user root
Jan 27 02:17:01 vader-rover CRON[1980]: pam_unix(cron:session): session opened for user root by (uid=0)
Jan 27 02:17:01 vader-rover CRON[1980]: pam_unix(cron:session): session closed for user root
Jan 27 03:17:01 vader-rover CRON[1984]: pam_unix(cron:session): session opened for user root by (uid=0)
Jan 27 03:17:01 vader-rover CRON[1984]: pam_unix(cron:session): session closed for user root
Jan 27 04:17:01 vader-rover CRON[1988]: pam_unix(cron:session): session opened for user root by (uid=0)
Jan 27 04:17:01 vader-rover CRON[1988]: pam_unix(cron:session): session closed for user root
Jan 27 05:17:01 vader-rover CRON[1992]: pam_unix(cron:session): session opened for user root by (uid=0)
Jan 27 05:17:01 vader-rover CRON[1992]: pam_unix(cron:session): session closed for user root
Jan 27 06:17:01 vader-rover CRON[2000]: pam_unix(cron:session): session opened for user root by (uid=0)
Jan 27 06:17:01 vader-rover CRON[2000]: pam_unix(cron:session): session closed for user root
Jan 27 06:25:01 vader-rover CRON[2003]: pam_unix(cron:session): session opened for user root by (uid=0)
Jan 27 06:25:01 vader-rover CRON[2003]: pam_unix(cron:session): session closed for user root
Jan 27 06:27:22 vader-rover sshd[1121]: pam_unix(sshd:session): session closed for user root
Jan 27 07:17:01 vader-rover CRON[2008]: pam_unix(cron:session): session opened for user root by (uid=0)
Jan 27 07:17:01 vader-rover CRON[2008]: pam_unix(cron:session): session closed for user root
Jan 27 07:30:01 vader-rover CRON[2011]: pam_unix(cron:session): session opened for user root by (uid=0)
Jan 27 07:30:01 vader-rover CRON[2011]: pam_unix(cron:session): session closed for user root
Jan 27 07:35:03 vader-rover su[2083]: Successful su for nobody by root
Jan 27 07:35:03 vader-rover su[2083]: + ??? root:nobody
Jan 27 07:35:03 vader-rover su[2083]: pam_unix(su:session): session opened for user nobody by (uid=0)
Jan 27 07:35:03 vader-rover su[2083]: pam_unix(su:session): session closed for user nobody
Jan 27 07:35:03 vader-rover su[2091]: Successful su for nobody by root
Jan 27 07:35:03 vader-rover su[2091]: + ??? root:nobody
Jan 27 07:35:03 vader-rover su[2091]: pam_unix(su:session): session opened for user nobody by (uid=0)
Jan 27 07:35:03 vader-rover su[2091]: pam_unix(su:session): session closed for user nobody
Jan 27 07:35:03 vader-rover su[2106]: Successful su for nobody by root
Jan 27 07:35:03 vader-rover su[2106]: + ??? root:nobody
Jan 27 07:35:03 vader-rover su[2106]: pam_unix(su:session): session opened for user nobody by (uid=0)
Jan 27 07:35:09 vader-rover su[2106]: pam_unix(su:session): session closed for user nobody
Jan 27 08:17:01 vader-rover CRON[2196]: pam_unix(cron:session): session opened for user root by (uid=0)
Jan 27 08:17:01 vader-rover CRON[2196]: pam_unix(cron:session): session closed for user root
Jan 27 09:17:01 vader-rover CRON[2199]: pam_unix(cron:session): session opened for user root by (uid=0)
Jan 27 09:17:01 vader-rover CRON[2199]: pam_unix(cron:session): session closed for user root
Jan 27 10:17:01 vader-rover CRON[2202]: pam_unix(cron:session): session opened for user root by (uid=0)
Jan 27 10:17:01 vader-rover CRON[2202]: pam_unix(cron:session): session closed for user root
Jan 27 11:17:01 vader-rover CRON[2205]: pam_unix(cron:session): session opened for user root by (uid=0)
Jan 27 11:17:01 vader-rover CRON[2205]: pam_unix(cron:session): session closed for user root
Jan 27 11:30:16 vader-rover sshd[650]: Received signal 15; terminating.
Jan 27 11:30:16 vader-rover sshd[2416]: Server listening on 0.0.0.0 port 22.
Jan 27 11:30:16 vader-rover sshd[2416]: Server listening on :: port 22.
Jan 27 11:30:51 vader-rover sshd[2470]: Accepted publickey for root from ::1 port 55168 ssh2
Jan 27 11:30:51 vader-rover sshd[2470]: pam_unix(sshd:session): session opened for user root by (uid=0)
Jan 27 12:17:01 vader-rover CRON[2546]: pam_unix(cron:session): session opened for user root by (uid=0)
Jan 27 12:17:01 vader-rover CRON[2546]: pam_unix(cron:session): session closed for user root
Jan 27 13:17:01 vader-rover CRON[2553]: pam_unix(cron:session): session opened for user root by (uid=0)
Jan 27 13:17:01 vader-rover CRON[2553]: pam_unix(cron:session): session closed for user root
Jan 27 14:17:01 vader-rover CRON[2598]: pam_unix(cron:session): session opened for user root by (uid=0)
Jan 27 14:17:01 vader-rover CRON[2598]: pam_unix(cron:session): session closed for user root
Jan 27 15:17:01 vader-rover CRON[2699]: pam_unix(cron:session): session opened for user root by (uid=0)
Jan 27 15:17:01 vader-rover CRON[2699]: pam_unix(cron:session): session closed for user root
Jan 27 16:17:01 vader-rover CRON[2755]: pam_unix(cron:session): session opened for user root by (uid=0)
Jan 27 16:17:01 vader-rover CRON[2755]: pam_unix(cron:session): session closed for user root
