fsck from util-linux 2.20.1
udevd[331]: failed to execute '/lib/udev/mtp-probe' 'mtp-probe /sys/devices/platform/usbhs_omap/ehci-omap.0/usb1/1-2/1-2.3 1 5': No such file or directory

udevd[337]: failed to execute '/lib/udev/mtp-probe' 'mtp-probe /sys/devices/platform/usbhs_omap/ehci-omap.0/usb1/1-2/1-2.1 1 3': No such file or directory

udevd[335]: failed to execute '/lib/udev/mtp-probe' 'mtp-probe /sys/devices/platform/usbhs_omap/ehci-omap.0/usb1/1-2/1-2.2 1 4': No such file or directory

udevd[366]: failed to execute '/lib/udev/mtp-probe' 'mtp-probe /sys/devices/platform/usbhs_omap/ehci-omap.0/usb1/1-2/1-2.4/1-2.4.1 1 11': No such file or directory
rootfs: clean, 254791/3846080 files, 1852950/15575552 blocks

udevd[375]: failed to execute '/lib/udev/mtp-probe' 'mtp-probe /sys/devices/platform/usbhs_omap/ehci-omap.0/usb1/1-2/1-2.4/1-2.4.2 1 8': No such file or directory

udevd[374]: failed to execute '/lib/udev/mtp-probe' 'mtp-probe /sys/devices/platform/usbhs_omap/ehci-omap.0/usb1/1-2/1-2.4/1-2.4.3 1 9': No such file or directory

udevd[382]: failed to execute '/lib/udev/mtp-probe' 'mtp-probe /sys/devices/platform/usbhs_omap/ehci-omap.0/usb1/1-2/1-2.4/1-2.4.4 1 10': No such file or directory

 * Starting mDNS/DNS-SD daemon[74G[ OK ]
 * Starting system logging daemon[74G[ OK ]
 * Starting Mount network filesystems[74G[ OK ]
 * Starting Failsafe Boot Delay[74G[ OK ]
 * Starting configure network device[74G[ OK ]
 * Stopping Mount network filesystems[74G[ OK ]
 * Starting RPC portmapper replacement[74G[ OK ]
 * Starting Bridge socket events into upstart[74G[ OK ]
 * Stopping cold plug devices[74G[ OK ]
 * Stopping log initial device creation[74G[ OK ]
 * Starting save udev log and update rules[74G[ OK ]
 * Starting configure network device security[74G[ OK ]
 * Stopping save udev log and update rules[74G[ OK ]
 * Stopping OpenSSH server[74G[ OK ]
 * Starting OpenSSH server[74G[ OK ]
 * Starting Mount network filesystems[74G[ OK ]
 * Stopping Failsafe Boot Delay[74G[ OK ]
 * Starting configure network device[74G[ OK ]
 * Starting System V initialisation compatibility[74G[ OK ]
 * Starting set sysctls from /etc/sysctl.conf[74G[ OK ]
 * Stopping Mount network filesystems[74G[ OK ]
 * Stopping set sysctls from /etc/sysctl.conf[74G[ OK ]
Loading the saved-state of the serial devices... 
Completed devmem2 calls to set up UART2
Completed devmem2 calls to set up GPIOs 172, 173, 174, 175
Completed devmem2 calls to set up GPIOs 184, 185
 * Stopping System V initialisation compatibility[74G[ OK ]
 * Starting System V runlevel compatibility[74G[ OK ]
 * Starting LightDM Display Manager[74G[ OK ]
 * Starting anac(h)ronistic cron[74G[ OK ]
 * Starting save kernel messages[74G[ OK ]
 * Starting regular background program processing daemon[74G[ OK ]
 * Stopping anac(h)ronistic cron[74G[ OK ]
 * Starting file alteration monitor FAM
   ...done.
Started kernel module for pan (/dev/pwm10) & tilt (/dev/pwm9) camera servos.
Loaded gpio-event-drv.ko
Set up to monitor bump switches on GPIOs 185 (front), 184 (rear)
GPIO: 184 Edge: Falling Debounce: 20 msec
GPIO: 185 Edge: Falling Debounce: 20 msec
Starting dynamic address update: noip2.
