dpkg: warning: parsing file '/var/lib/dpkg/status' near line 4 package 'dpkg':
 missing description
dpkg: warning: parsing file '/var/lib/dpkg/status' near line 4 package 'dpkg':
 missing maintainer
dpkg: warning: parsing file '/var/lib/dpkg/status' near line 4 package 'dpkg':
 missing architecture
Selecting previously unselected package base-files.
dpkg: regarding .../base-files_6.5ubuntur6linaro11_armhf.deb containing base-files, pre-dependency problem:
 base-files pre-depends on awk
  awk is not installed.
dpkg: warning: ignoring pre-dependency problem!
(Reading database ... 0 files and directories currently installed.)
Unpacking base-files (from .../base-files_6.5ubuntur6linaro11_armhf.deb) ...
Selecting previously unselected package base-passwd.
Unpacking base-passwd (from .../base-passwd_3.5.24_armhf.deb) ...
dpkg: base-passwd: dependency problems, but configuring anyway as you requested:
 base-passwd depends on libc6 (>= 2.8); however:
  Package libc6 is not installed.
Setting up base-passwd (3.5.24) ...
dpkg: base-files: dependency problems, but configuring anyway as you requested:
 base-files depends on awk; however:
  Package awk is not installed.
Setting up base-files (6.5ubuntur6linaro11) ...
dpkg: warning: parsing file '/var/lib/dpkg/status' near line 54 package 'dpkg':
 missing description
dpkg: warning: parsing file '/var/lib/dpkg/status' near line 54 package 'dpkg':
 missing maintainer
dpkg: warning: parsing file '/var/lib/dpkg/status' near line 54 package 'dpkg':
 missing architecture
dpkg: regarding .../dpkg_1.16.1.2ubuntu7_armhf.deb containing dpkg, pre-dependency problem:
 dpkg pre-depends on libbz2-1.0
  libbz2-1.0 is not installed.
dpkg: warning: ignoring pre-dependency problem!
dpkg: regarding .../dpkg_1.16.1.2ubuntu7_armhf.deb containing dpkg, pre-dependency problem:
 dpkg pre-depends on libc6 (>= 2.11)
dpkg: warning: ignoring pre-dependency problem!
dpkg: regarding .../dpkg_1.16.1.2ubuntu7_armhf.deb containing dpkg, pre-dependency problem:
 dpkg pre-depends on libgcc1 (>= 1:4.4.0)
dpkg: warning: ignoring pre-dependency problem!
dpkg: regarding .../dpkg_1.16.1.2ubuntu7_armhf.deb containing dpkg, pre-dependency problem:
 dpkg pre-depends on libselinux1 (>= 1.32)
dpkg: warning: ignoring pre-dependency problem!
dpkg: regarding .../dpkg_1.16.1.2ubuntu7_armhf.deb containing dpkg, pre-dependency problem:
 dpkg pre-depends on zlib1g (>= 1:1.1.4)
dpkg: warning: ignoring pre-dependency problem!
dpkg: regarding .../dpkg_1.16.1.2ubuntu7_armhf.deb containing dpkg, pre-dependency problem:
 dpkg pre-depends on coreutils (>= 5.93-1)
dpkg: warning: ignoring pre-dependency problem!
dpkg: regarding .../dpkg_1.16.1.2ubuntu7_armhf.deb containing dpkg, pre-dependency problem:
 dpkg pre-depends on tar (>= 1.23)
dpkg: warning: ignoring pre-dependency problem!
dpkg: regarding .../dpkg_1.16.1.2ubuntu7_armhf.deb containing dpkg, pre-dependency problem:
 dpkg pre-depends on xz-utils
  xz-utils is not installed.
dpkg: warning: ignoring pre-dependency problem!
(Reading database ... 121 files and directories currently installed.)
Preparing to replace dpkg 1.16.1.2ubuntu7 (using .../dpkg_1.16.1.2ubuntu7_armhf.deb) ...
Unpacking replacement dpkg ...
dpkg: dpkg: dependency problems, but configuring anyway as you requested:
 dpkg depends on libbz2-1.0; however:
  Package libbz2-1.0 is not installed.
 dpkg depends on libc6 (>= 2.11); however:
  Package libc6 is not installed.
 dpkg depends on libgcc1 (>= 1:4.4.0); however:
  Package libgcc1 is not installed.
 dpkg depends on libselinux1 (>= 1.32); however:
  Package libselinux1 is not installed.
 dpkg depends on zlib1g (>= 1:1.1.4); however:
  Package zlib1g is not installed.
 dpkg depends on coreutils (>= 5.93-1); however:
  Package coreutils is not installed.
 dpkg depends on tar (>= 1.23); however:
  Package tar is not installed.
 dpkg depends on xz-utils; however:
  Package xz-utils is not installed.
Setting up dpkg (1.16.1.2ubuntu7) ...
Selecting previously unselected package libc6.
(Reading database ... 361 files and directories currently installed.)
Unpacking libc6 (from .../libc6_2.15-0ubuntu10_armhf.deb) ...
dpkg: libc6: dependency problems, but configuring anyway as you requested:
 libc6 depends on libc-bin (= 2.15-0ubuntu10); however:
  Package libc-bin is not installed.
 libc6 depends on libgcc1; however:
  Package libgcc1 is not installed.
 libc6 depends on tzdata; however:
  Package tzdata is not installed.
Setting up libc6 (2.15-0ubuntu10) ...
Selecting previously unselected package perl-base.
dpkg: regarding .../perl-base_5.14.2-6ubuntu2_armhf.deb containing perl-base, pre-dependency problem:
 perl-base pre-depends on libgcc1 (>= 1:4.4.0)
dpkg: warning: ignoring pre-dependency problem!
(Reading database ... 676 files and directories currently installed.)
Unpacking perl-base (from .../perl-base_5.14.2-6ubuntu2_armhf.deb) ...
dpkg: perl-base: dependency problems, but configuring anyway as you requested:
 perl-base depends on libgcc1 (>= 1:4.4.0); however:
  Package libgcc1 is not installed.
Setting up perl-base (5.14.2-6ubuntu2) ...
Selecting previously unselected package mawk.
(Reading database ... 1746 files and directories currently installed.)
Unpacking mawk (from .../mawk_1.3.3-17_armhf.deb) ...
Setting up mawk (1.3.3-17) ...
Selecting previously unselected package debconf.
(Reading database ... 1764 files and directories currently installed.)
Unpacking debconf (from .../debconf_1.5.42ubuntu1_all.deb) ...
Setting up debconf (1.5.42ubuntu1) ...
Selecting previously unselected package adduser.
(Reading database ... 1944 files and directories currently installed.)
Unpacking adduser (from .../adduser_3.113ubuntu2_all.deb) ...
Preparing to replace base-files 6.5ubuntur6linaro11 (using .../base-files_6.5ubuntur6linaro11_armhf.deb) ...
Unpacking replacement base-files ...
Preparing to replace base-passwd 3.5.24 (using .../base-passwd_3.5.24_armhf.deb) ...
Unpacking replacement base-passwd ...
Selecting previously unselected package bash.
dpkg: regarding .../bash_4.2-2ubuntu2_armhf.deb containing bash, pre-dependency problem:
 bash pre-depends on dash (>= 0.5.5.1-2.2)
dpkg: warning: ignoring pre-dependency problem!
dpkg: regarding .../bash_4.2-2ubuntu2_armhf.deb containing bash, pre-dependency problem:
 bash pre-depends on libgcc1 (>= 1:4.4.0)
dpkg: warning: ignoring pre-dependency problem!
dpkg: regarding .../bash_4.2-2ubuntu2_armhf.deb containing bash, pre-dependency problem:
 bash pre-depends on libtinfo5
  libtinfo5 is not installed.
dpkg: warning: ignoring pre-dependency problem!
Unpacking bash (from .../bash_4.2-2ubuntu2_armhf.deb) ...
Selecting previously unselected package bsdutils.
Unpacking bsdutils (from .../bsdutils_1%3a2.20.1-1ubuntu3_armhf.deb) ...
Selecting previously unselected package busybox-initramfs.
Unpacking busybox-initramfs (from .../busybox-initramfs_1%3a1.18.5-1ubuntu4linaro1_armhf.deb) ...
Selecting previously unselected package coreutils.
dpkg: regarding .../coreutils_8.13-3ubuntu3_armhf.deb containing coreutils, pre-dependency problem:
 coreutils pre-depends on libacl1 (>= 2.2.51-5)
dpkg: warning: ignoring pre-dependency problem!
dpkg: regarding .../coreutils_8.13-3ubuntu3_armhf.deb containing coreutils, pre-dependency problem:
 coreutils pre-depends on libattr1 (>= 1:2.4.46-5)
dpkg: warning: ignoring pre-dependency problem!
dpkg: regarding .../coreutils_8.13-3ubuntu3_armhf.deb containing coreutils, pre-dependency problem:
 coreutils pre-depends on libgcc1 (>= 1:4.4.0)
dpkg: warning: ignoring pre-dependency problem!
dpkg: regarding .../coreutils_8.13-3ubuntu3_armhf.deb containing coreutils, pre-dependency problem:
 coreutils pre-depends on libselinux1 (>= 1.32)
dpkg: warning: ignoring pre-dependency problem!
Unpacking coreutils (from .../coreutils_8.13-3ubuntu3_armhf.deb) ...
Selecting previously unselected package cpio.
Unpacking cpio (from .../cpio_2.11-7ubuntu3_armhf.deb) ...
Selecting previously unselected package dash.
Unpacking dash (from .../dash_0.5.7-2ubuntu2_armhf.deb) ...
Adding 'diversion of /bin/sh to /bin/sh.distrib by dash'
Adding 'diversion of /usr/share/man/man1/sh.1.gz to /usr/share/man/man1/sh.distrib.1.gz by dash'
Preparing to replace debconf 1.5.42ubuntu1 (using .../debconf_1.5.42ubuntu1_all.deb) ...
Unpacking replacement debconf ...
Selecting previously unselected package debianutils.
Unpacking debianutils (from .../debianutils_4.2.1ubuntu2_armhf.deb) ...
Selecting previously unselected package diffutils.
dpkg: regarding .../diffutils_1%3a3.2-1ubuntu1_armhf.deb containing diffutils, pre-dependency problem:
 diffutils pre-depends on libgcc1 (>= 1:4.4.0)
dpkg: warning: ignoring pre-dependency problem!
Unpacking diffutils (from .../diffutils_1%3a3.2-1ubuntu1_armhf.deb) ...
Selecting previously unselected package dmsetup.
Unpacking dmsetup (from .../dmsetup_2%3a1.02.48-4ubuntu7_armhf.deb) ...
dpkg: regarding .../dpkg_1.16.1.2ubuntu7_armhf.deb containing dpkg, pre-dependency problem:
 dpkg pre-depends on libbz2-1.0
  libbz2-1.0 is not installed.
dpkg: warning: ignoring pre-dependency problem!
dpkg: regarding .../dpkg_1.16.1.2ubuntu7_armhf.deb containing dpkg, pre-dependency problem:
 dpkg pre-depends on libgcc1 (>= 1:4.4.0)
dpkg: warning: ignoring pre-dependency problem!
dpkg: regarding .../dpkg_1.16.1.2ubuntu7_armhf.deb containing dpkg, pre-dependency problem:
 dpkg pre-depends on libselinux1 (>= 1.32)
dpkg: warning: ignoring pre-dependency problem!
dpkg: regarding .../dpkg_1.16.1.2ubuntu7_armhf.deb containing dpkg, pre-dependency problem:
 dpkg pre-depends on zlib1g (>= 1:1.1.4)
dpkg: warning: ignoring pre-dependency problem!
dpkg: regarding .../dpkg_1.16.1.2ubuntu7_armhf.deb containing dpkg, pre-dependency problem:
 dpkg pre-depends on coreutils (>= 5.93-1)
  coreutils is unpacked, but has never been configured.
dpkg: warning: ignoring pre-dependency problem!
dpkg: regarding .../dpkg_1.16.1.2ubuntu7_armhf.deb containing dpkg, pre-dependency problem:
 dpkg pre-depends on tar (>= 1.23)
dpkg: warning: ignoring pre-dependency problem!
dpkg: regarding .../dpkg_1.16.1.2ubuntu7_armhf.deb containing dpkg, pre-dependency problem:
 dpkg pre-depends on xz-utils
  xz-utils is not installed.
dpkg: warning: ignoring pre-dependency problem!
Preparing to replace dpkg 1.16.1.2ubuntu7 (using .../dpkg_1.16.1.2ubuntu7_armhf.deb) ...
Unpacking replacement dpkg ...
Selecting previously unselected package e2fslibs.
dpkg: regarding .../e2fslibs_1.42-1ubuntu2_armhf.deb containing e2fslibs, pre-dependency problem:
 e2fslibs pre-depends on multiarch-support
  multiarch-support is not installed.
dpkg: warning: ignoring pre-dependency problem!
Unpacking e2fslibs (from .../e2fslibs_1.42-1ubuntu2_armhf.deb) ...
Selecting previously unselected package e2fsprogs.
dpkg: regarding .../e2fsprogs_1.42-1ubuntu2_armhf.deb containing e2fsprogs, pre-dependency problem:
 e2fsprogs pre-depends on e2fslibs (= 1.42-1ubuntu2)
  e2fslibs is unpacked, but has never been configured.
dpkg: warning: ignoring pre-dependency problem!
dpkg: regarding .../e2fsprogs_1.42-1ubuntu2_armhf.deb containing e2fsprogs, pre-dependency problem:
 e2fsprogs pre-depends on libblkid1 (>= 2.17.2)
dpkg: warning: ignoring pre-dependency problem!
dpkg: regarding .../e2fsprogs_1.42-1ubuntu2_armhf.deb containing e2fsprogs, pre-dependency problem:
 e2fsprogs pre-depends on libcomerr2 (>= 1.42~WIP-2011-10-05-1)
dpkg: warning: ignoring pre-dependency problem!
dpkg: regarding .../e2fsprogs_1.42-1ubuntu2_armhf.deb containing e2fsprogs, pre-dependency problem:
 e2fsprogs pre-depends on libgcc1 (>= 1:4.4.0)
dpkg: warning: ignoring pre-dependency problem!
dpkg: regarding .../e2fsprogs_1.42-1ubuntu2_armhf.deb containing e2fsprogs, pre-dependency problem:
 e2fsprogs pre-depends on libss2 (>= 1.34-1)
dpkg: warning: ignoring pre-dependency problem!
dpkg: regarding .../e2fsprogs_1.42-1ubuntu2_armhf.deb containing e2fsprogs, pre-dependency problem:
 e2fsprogs pre-depends on libuuid1 (>= 2.16)
dpkg: warning: ignoring pre-dependency problem!
dpkg: regarding .../e2fsprogs_1.42-1ubuntu2_armhf.deb containing e2fsprogs, pre-dependency problem:
 e2fsprogs pre-depends on util-linux (>= 2.15~rc1-1)
dpkg: warning: ignoring pre-dependency problem!
Unpacking e2fsprogs (from .../e2fsprogs_1.42-1ubuntu2_armhf.deb) ...
Selecting previously unselected package findutils.
dpkg: regarding .../findutils_4.4.2-4ubuntu1_armhf.deb containing findutils, pre-dependency problem:
 findutils pre-depends on libgcc1 (>= 1:4.4.0)
dpkg: warning: ignoring pre-dependency problem!
Unpacking findutils (from .../findutils_4.4.2-4ubuntu1_armhf.deb) ...
Selecting previously unselected package gcc-4.6-base.
Unpacking gcc-4.6-base (from .../gcc-4.6-base_4.6.3-1ubuntu5_armhf.deb) ...
Selecting previously unselected package grep.
dpkg: regarding .../archives/grep_2.10-1_armhf.deb containing grep, pre-dependency problem:
 grep pre-depends on libgcc1 (>= 1:4.4.0)
dpkg: warning: ignoring pre-dependency problem!
Unpacking grep (from .../archives/grep_2.10-1_armhf.deb) ...
Selecting previously unselected package gzip.
dpkg: regarding .../gzip_1.4-1ubuntu2_armhf.deb containing gzip, pre-dependency problem:
 gzip pre-depends on libgcc1 (>= 1:4.4.0)
dpkg: warning: ignoring pre-dependency problem!
Unpacking gzip (from .../gzip_1.4-1ubuntu2_armhf.deb) ...
Selecting previously unselected package hostname.
dpkg: regarding .../hostname_3.06ubuntu1_armhf.deb containing hostname, pre-dependency problem:
 hostname pre-depends on upstart-job
  upstart-job is not installed.
dpkg: warning: ignoring pre-dependency problem!
Unpacking hostname (from .../hostname_3.06ubuntu1_armhf.deb) ...
Selecting previously unselected package ifupdown.
Unpacking ifupdown (from .../ifupdown_0.7~beta2ubuntu8_armhf.deb) ...
Selecting previously unselected package initramfs-tools.
Unpacking initramfs-tools (from .../initramfs-tools_0.99ubuntu13_all.deb) ...
Selecting previously unselected package initramfs-tools-bin.
Unpacking initramfs-tools-bin (from .../initramfs-tools-bin_0.99ubuntu13_armhf.deb) ...
Selecting previously unselected package initscripts.
Unpacking initscripts (from .../initscripts_2.88dsf-13.10ubuntu11_armhf.deb) ...
Selecting previously unselected package insserv.
Unpacking insserv (from .../insserv_1.14.0-2.1ubuntu2_armhf.deb) ...
Selecting previously unselected package iproute.
Unpacking iproute (from .../iproute_20111117-1ubuntu2_armhf.deb) ...
Selecting previously unselected package klibc-utils.
Unpacking klibc-utils (from .../klibc-utils_1.5.25-1ubuntu2_armhf.deb) ...
Selecting previously unselected package libacl1.
dpkg: regarding .../libacl1_2.2.51-5ubuntu1_armhf.deb containing libacl1, pre-dependency problem:
 libacl1 pre-depends on multiarch-support
  multiarch-support is not installed.
dpkg: warning: ignoring pre-dependency problem!
Unpacking libacl1 (from .../libacl1_2.2.51-5ubuntu1_armhf.deb) ...
Selecting previously unselected package libattr1.
dpkg: regarding .../libattr1_1%3a2.4.46-5ubuntu1_armhf.deb containing libattr1, pre-dependency problem:
 libattr1 pre-depends on multiarch-support
  multiarch-support is not installed.
dpkg: warning: ignoring pre-dependency problem!
Unpacking libattr1 (from .../libattr1_1%3a2.4.46-5ubuntu1_armhf.deb) ...
Selecting previously unselected package libblkid1.
dpkg: regarding .../libblkid1_2.20.1-1ubuntu3_armhf.deb containing libblkid1, pre-dependency problem:
 libblkid1 pre-depends on multiarch-support
  multiarch-support is not installed.
dpkg: warning: ignoring pre-dependency problem!
Unpacking libblkid1 (from .../libblkid1_2.20.1-1ubuntu3_armhf.deb) ...
Selecting previously unselected package libbz2-1.0.
dpkg: regarding .../libbz2-1.0_1.0.6-1_armhf.deb containing libbz2-1.0, pre-dependency problem:
 libbz2-1.0 pre-depends on multiarch-support
  multiarch-support is not installed.
dpkg: warning: ignoring pre-dependency problem!
Unpacking libbz2-1.0 (from .../libbz2-1.0_1.0.6-1_armhf.deb) ...
Selecting previously unselected package libc-bin.
Unpacking libc-bin (from .../libc-bin_2.15-0ubuntu10_armhf.deb) ...
Preparing to replace libc6 2.15-0ubuntu10 (using .../libc6_2.15-0ubuntu10_armhf.deb) ...
Unpacking replacement libc6 ...
Selecting previously unselected package libcomerr2.
dpkg: regarding .../libcomerr2_1.42-1ubuntu2_armhf.deb containing libcomerr2, pre-dependency problem:
 libcomerr2 pre-depends on multiarch-support
  multiarch-support is not installed.
dpkg: warning: ignoring pre-dependency problem!
Unpacking libcomerr2 (from .../libcomerr2_1.42-1ubuntu2_armhf.deb) ...
Selecting previously unselected package libdb5.1.
dpkg: regarding .../libdb5.1_5.1.25-11build1_armhf.deb containing libdb5.1, pre-dependency problem:
 libdb5.1 pre-depends on multiarch-support
  multiarch-support is not installed.
dpkg: warning: ignoring pre-dependency problem!
Unpacking libdb5.1 (from .../libdb5.1_5.1.25-11build1_armhf.deb) ...
Selecting previously unselected package libdbus-1-3.
dpkg: regarding .../libdbus-1-3_1.4.18-1ubuntu1_armhf.deb containing libdbus-1-3, pre-dependency problem:
 libdbus-1-3 pre-depends on multiarch-support
  multiarch-support is not installed.
dpkg: warning: ignoring pre-dependency problem!
Unpacking libdbus-1-3 (from .../libdbus-1-3_1.4.18-1ubuntu1_armhf.deb) ...
Selecting previously unselected package libdevmapper1.02.1.
Unpacking libdevmapper1.02.1 (from .../libdevmapper1.02.1_2%3a1.02.48-4ubuntu7_armhf.deb) ...
Selecting previously unselected package libdrm-intel1.
dpkg: regarding .../libdrm-intel1_2.4.32-1ubuntu1+ti3.0_armhf.deb containing libdrm-intel1, pre-dependency problem:
 libdrm-intel1 pre-depends on multiarch-support
  multiarch-support is not installed.
dpkg: warning: ignoring pre-dependency problem!
Unpacking libdrm-intel1 (from .../libdrm-intel1_2.4.32-1ubuntu1+ti3.0_armhf.deb) ...
Selecting previously unselected package libdrm-nouveau1a.
dpkg: regarding .../libdrm-nouveau1a_2.4.39-0ubuntu1+ti1.0_armhf.deb containing libdrm-nouveau1a, pre-dependency problem:
 libdrm-nouveau1a pre-depends on multiarch-support
  multiarch-support is not installed.
dpkg: warning: ignoring pre-dependency problem!
Unpacking libdrm-nouveau1a (from .../libdrm-nouveau1a_2.4.39-0ubuntu1+ti1.0_armhf.deb) ...
Selecting previously unselected package libdrm-radeon1.
dpkg: regarding .../libdrm-radeon1_2.4.39-0ubuntu1+ti1.0_armhf.deb containing libdrm-radeon1, pre-dependency problem:
 libdrm-radeon1 pre-depends on multiarch-support
  multiarch-support is not installed.
dpkg: warning: ignoring pre-dependency problem!
Unpacking libdrm-radeon1 (from .../libdrm-radeon1_2.4.39-0ubuntu1+ti1.0_armhf.deb) ...
Selecting previously unselected package libdrm2.
dpkg: regarding .../libdrm2_2.4.39-0ubuntu1+ti1.0_armhf.deb containing libdrm2, pre-dependency problem:
 libdrm2 pre-depends on multiarch-support
  multiarch-support is not installed.
dpkg: warning: ignoring pre-dependency problem!
Unpacking libdrm2 (from .../libdrm2_2.4.39-0ubuntu1+ti1.0_armhf.deb) ...
Selecting previously unselected package libelf1.
dpkg: regarding .../libelf1_0.152-1ubuntu3_armhf.deb containing libelf1, pre-dependency problem:
 libelf1 pre-depends on multiarch-support
  multiarch-support is not installed.
dpkg: warning: ignoring pre-dependency problem!
Unpacking libelf1 (from .../libelf1_0.152-1ubuntu3_armhf.deb) ...
Selecting previously unselected package libffi6.
dpkg: regarding .../libffi6_3.0.11~rc1-5_armhf.deb containing libffi6, pre-dependency problem:
 libffi6 pre-depends on multiarch-support
  multiarch-support is not installed.
dpkg: warning: ignoring pre-dependency problem!
Unpacking libffi6 (from .../libffi6_3.0.11~rc1-5_armhf.deb) ...
Selecting previously unselected package libgcc1.
dpkg: regarding .../libgcc1_1%3a4.6.3-1ubuntu5_armhf.deb containing libgcc1, pre-dependency problem:
 libgcc1 pre-depends on multiarch-support
  multiarch-support is not installed.
dpkg: warning: ignoring pre-dependency problem!
Unpacking libgcc1 (from .../libgcc1_1%3a4.6.3-1ubuntu5_armhf.deb) ...
Selecting previously unselected package libglib2.0-0.
dpkg: regarding .../libglib2.0-0_2.32.1-0ubuntu2_armhf.deb containing libglib2.0-0, pre-dependency problem:
 libglib2.0-0 pre-depends on multiarch-support
  multiarch-support is not installed.
dpkg: warning: ignoring pre-dependency problem!
Unpacking libglib2.0-0 (from .../libglib2.0-0_2.32.1-0ubuntu2_armhf.deb) ...
Selecting previously unselected package libklibc.
Unpacking libklibc (from .../libklibc_1.5.25-1ubuntu2_armhf.deb) ...
Selecting previously unselected package liblocale-gettext-perl.
Unpacking liblocale-gettext-perl (from .../liblocale-gettext-perl_1.05-7build1_armhf.deb) ...
Selecting previously unselected package liblzma5.
dpkg: regarding .../liblzma5_5.1.1alpha+20110809-3_armhf.deb containing liblzma5, pre-dependency problem:
 liblzma5 pre-depends on multiarch-support
  multiarch-support is not installed.
dpkg: warning: ignoring pre-dependency problem!
Unpacking liblzma5 (from .../liblzma5_5.1.1alpha+20110809-3_armhf.deb) ...
Selecting previously unselected package libmount1.
dpkg: regarding .../libmount1_2.20.1-1ubuntu3_armhf.deb containing libmount1, pre-dependency problem:
 libmount1 pre-depends on multiarch-support
  multiarch-support is not installed.
dpkg: warning: ignoring pre-dependency problem!
Unpacking libmount1 (from .../libmount1_2.20.1-1ubuntu3_armhf.deb) ...
Selecting previously unselected package libncurses5.
dpkg: regarding .../libncurses5_5.9-4_armhf.deb containing libncurses5, pre-dependency problem:
 libncurses5 pre-depends on multiarch-support
  multiarch-support is not installed.
dpkg: warning: ignoring pre-dependency problem!
dpkg: regarding .../libncurses5_5.9-4_armhf.deb containing libncurses5, pre-dependency problem:
 libncurses5 pre-depends on libtinfo5 (>= 5.9-3)
dpkg: warning: ignoring pre-dependency problem!
Unpacking libncurses5 (from .../libncurses5_5.9-4_armhf.deb) ...
Selecting previously unselected package libncursesw5.
dpkg: regarding .../libncursesw5_5.9-4_armhf.deb containing libncursesw5, pre-dependency problem:
 libncursesw5 pre-depends on multiarch-support
  multiarch-support is not installed.
dpkg: warning: ignoring pre-dependency problem!
Unpacking libncursesw5 (from .../libncursesw5_5.9-4_armhf.deb) ...
Selecting previously unselected package libnih-dbus1.
dpkg: regarding .../libnih-dbus1_1.0.3-4ubuntu9_armhf.deb containing libnih-dbus1, pre-dependency problem:
 libnih-dbus1 pre-depends on multiarch-support
  multiarch-support is not installed.
dpkg: warning: ignoring pre-dependency problem!
Unpacking libnih-dbus1 (from .../libnih-dbus1_1.0.3-4ubuntu9_armhf.deb) ...
Selecting previously unselected package libnih1.
dpkg: regarding .../libnih1_1.0.3-4ubuntu9_armhf.deb containing libnih1, pre-dependency problem:
 libnih1 pre-depends on multiarch-support
  multiarch-support is not installed.
dpkg: warning: ignoring pre-dependency problem!
Unpacking libnih1 (from .../libnih1_1.0.3-4ubuntu9_armhf.deb) ...
Selecting previously unselected package libpam-modules.
dpkg: regarding .../libpam-modules_1.1.3-7ubuntu2_armhf.deb containing libpam-modules, pre-dependency problem:
 libpam-modules pre-depends on libdb5.1
  libdb5.1 is unpacked, but has never been configured.
dpkg: warning: ignoring pre-dependency problem!
dpkg: regarding .../libpam-modules_1.1.3-7ubuntu2_armhf.deb containing libpam-modules, pre-dependency problem:
 libpam-modules pre-depends on libpam0g (>= 1.1.3-2)
dpkg: warning: ignoring pre-dependency problem!
dpkg: regarding .../libpam-modules_1.1.3-7ubuntu2_armhf.deb containing libpam-modules, pre-dependency problem:
 libpam-modules pre-depends on libselinux1 (>= 2.0.85)
dpkg: warning: ignoring pre-dependency problem!
dpkg: regarding .../libpam-modules_1.1.3-7ubuntu2_armhf.deb containing libpam-modules, pre-dependency problem:
 libpam-modules pre-depends on libpam-modules-bin (= 1.1.3-7ubuntu2)
dpkg: warning: ignoring pre-dependency problem!
Unpacking libpam-modules (from .../libpam-modules_1.1.3-7ubuntu2_armhf.deb) ...
Selecting previously unselected package libpam-modules-bin.
Unpacking libpam-modules-bin (from .../libpam-modules-bin_1.1.3-7ubuntu2_armhf.deb) ...
Selecting previously unselected package libpam-runtime.
Unpacking libpam-runtime (from .../libpam-runtime_1.1.3-7ubuntu2_all.deb) ...
Selecting previously unselected package libpam0g.
dpkg: regarding .../libpam0g_1.1.3-7ubuntu2_armhf.deb containing libpam0g, pre-dependency problem:
 libpam0g pre-depends on multiarch-support
  multiarch-support is not installed.
dpkg: warning: ignoring pre-dependency problem!
Unpacking libpam0g (from .../libpam0g_1.1.3-7ubuntu2_armhf.deb) ...
Selecting previously unselected package libpciaccess0.
dpkg: regarding .../libpciaccess0_0.12.902-1_armhf.deb containing libpciaccess0, pre-dependency problem:
 libpciaccess0 pre-depends on multiarch-support
  multiarch-support is not installed.
dpkg: warning: ignoring pre-dependency problem!
Unpacking libpciaccess0 (from .../libpciaccess0_0.12.902-1_armhf.deb) ...
Selecting previously unselected package libpcre3.
dpkg: regarding .../libpcre3_8.12-4_armhf.deb containing libpcre3, pre-dependency problem:
 libpcre3 pre-depends on multiarch-support
  multiarch-support is not installed.
dpkg: warning: ignoring pre-dependency problem!
Unpacking libpcre3 (from .../libpcre3_8.12-4_armhf.deb) ...
Selecting previously unselected package libplymouth2.
Unpacking libplymouth2 (from .../libplymouth2_0.8.2-2ubuntu30_armhf.deb) ...
Selecting previously unselected package libpng12-0.
dpkg: regarding .../libpng12-0_1.2.46-3ubuntu4_armhf.deb containing libpng12-0, pre-dependency problem:
 libpng12-0 pre-depends on multiarch-support
  multiarch-support is not installed.
dpkg: warning: ignoring pre-dependency problem!
Unpacking libpng12-0 (from .../libpng12-0_1.2.46-3ubuntu4_armhf.deb) ...
Selecting previously unselected package libselinux1.
dpkg: regarding .../libselinux1_2.1.0-4.1ubuntu1_armhf.deb containing libselinux1, pre-dependency problem:
 libselinux1 pre-depends on multiarch-support
  multiarch-support is not installed.
dpkg: warning: ignoring pre-dependency problem!
Unpacking libselinux1 (from .../libselinux1_2.1.0-4.1ubuntu1_armhf.deb) ...
Selecting previously unselected package libslang2.
dpkg: regarding .../libslang2_2.2.4-3ubuntu1_armhf.deb containing libslang2, pre-dependency problem:
 libslang2 pre-depends on multiarch-support
  multiarch-support is not installed.
dpkg: warning: ignoring pre-dependency problem!
Unpacking libslang2 (from .../libslang2_2.2.4-3ubuntu1_armhf.deb) ...
Selecting previously unselected package libss2.
dpkg: regarding .../libss2_1.42-1ubuntu2_armhf.deb containing libss2, pre-dependency problem:
 libss2 pre-depends on multiarch-support
  multiarch-support is not installed.
dpkg: warning: ignoring pre-dependency problem!
Unpacking libss2 (from .../libss2_1.42-1ubuntu2_armhf.deb) ...
Selecting previously unselected package libssl1.0.0.
dpkg: regarding .../libssl1.0.0_1.0.1-4ubuntu3_armhf.deb containing libssl1.0.0, pre-dependency problem:
 libssl1.0.0 pre-depends on multiarch-support
  multiarch-support is not installed.
dpkg: warning: ignoring pre-dependency problem!
Unpacking libssl1.0.0 (from .../libssl1.0.0_1.0.1-4ubuntu3_armhf.deb) ...
Selecting previously unselected package libtext-charwidth-perl.
Unpacking libtext-charwidth-perl (from .../libtext-charwidth-perl_0.04-7build1_armhf.deb) ...
Selecting previously unselected package libtext-iconv-perl.
Unpacking libtext-iconv-perl (from .../libtext-iconv-perl_1.7-5_armhf.deb) ...
Selecting previously unselected package libtext-wrapi18n-perl.
Unpacking libtext-wrapi18n-perl (from .../libtext-wrapi18n-perl_0.06-7_all.deb) ...
Selecting previously unselected package libtinfo5.
dpkg: regarding .../libtinfo5_5.9-4_armhf.deb containing libtinfo5, pre-dependency problem:
 libtinfo5 pre-depends on multiarch-support
  multiarch-support is not installed.
dpkg: warning: ignoring pre-dependency problem!
Unpacking libtinfo5 (from .../libtinfo5_5.9-4_armhf.deb) ...
Selecting previously unselected package libudev0.
dpkg: regarding .../libudev0_175-0ubuntu9_armhf.deb containing libudev0, pre-dependency problem:
 libudev0 pre-depends on multiarch-support
  multiarch-support is not installed.
dpkg: warning: ignoring pre-dependency problem!
Unpacking libudev0 (from .../libudev0_175-0ubuntu9_armhf.deb) ...
Selecting previously unselected package libuuid1.
dpkg: regarding .../libuuid1_2.20.1-1ubuntu3_armhf.deb containing libuuid1, pre-dependency problem:
 libuuid1 pre-depends on multiarch-support
  multiarch-support is not installed.
dpkg: warning: ignoring pre-dependency problem!
Unpacking libuuid1 (from .../libuuid1_2.20.1-1ubuntu3_armhf.deb) ...
Selecting previously unselected package login.
dpkg: regarding .../login_1%3a4.1.4.2+svn3283-3ubuntu5_armhf.deb containing login, pre-dependency problem:
 login pre-depends on libgcc1 (>= 1:4.4.0)
  libgcc1 is unpacked, but has never been configured.
dpkg: warning: ignoring pre-dependency problem!
dpkg: regarding .../login_1%3a4.1.4.2+svn3283-3ubuntu5_armhf.deb containing login, pre-dependency problem:
 login pre-depends on libpam0g (>= 0.99.7.1)
  libpam0g is unpacked, but has never been configured.
dpkg: warning: ignoring pre-dependency problem!
dpkg: regarding .../login_1%3a4.1.4.2+svn3283-3ubuntu5_armhf.deb containing login, pre-dependency problem:
 login pre-depends on libpam-runtime
  libpam-runtime is unpacked, but has never been configured.
dpkg: warning: ignoring pre-dependency problem!
dpkg: regarding .../login_1%3a4.1.4.2+svn3283-3ubuntu5_armhf.deb containing login, pre-dependency problem:
 login pre-depends on libpam-modules
  libpam-modules is unpacked, but has never been configured.
dpkg: warning: ignoring pre-dependency problem!
Unpacking login (from .../login_1%3a4.1.4.2+svn3283-3ubuntu5_armhf.deb) ...
Selecting previously unselected package lsb-base.
Unpacking lsb-base (from .../lsb-base_4.0-0ubuntu20_all.deb) ...
Selecting previously unselected package makedev.
Unpacking makedev (from .../makedev_2.3.1-89ubuntu2_all.deb) ...
update-rc.d: using dependency based boot sequencing
Can't exec "insserv": No such file or directory at /usr/sbin/update-rc.d line 402.
update-rc.d: error: insserv rejected the script header
Preparing to replace mawk 1.3.3-17 (using .../mawk_1.3.3-17_armhf.deb) ...
Unpacking replacement mawk ...
Selecting previously unselected package module-init-tools.
Unpacking module-init-tools (from .../module-init-tools_3.16-1ubuntu2_armhf.deb) ...
Selecting previously unselected package mount.
dpkg: regarding .../mount_2.20.1-1ubuntu3_armhf.deb containing mount, pre-dependency problem:
 mount pre-depends on libblkid1 (>= 2.20.1)
  libblkid1 is unpacked, but has never been configured.
dpkg: warning: ignoring pre-dependency problem!
dpkg: regarding .../mount_2.20.1-1ubuntu3_armhf.deb containing mount, pre-dependency problem:
 mount pre-depends on libgcc1 (>= 1:4.4.0)
  libgcc1 is unpacked, but has never been configured.
dpkg: warning: ignoring pre-dependency problem!
dpkg: regarding .../mount_2.20.1-1ubuntu3_armhf.deb containing mount, pre-dependency problem:
 mount pre-depends on libmount1 (>= 2.20.1)
  libmount1 is unpacked, but has never been configured.
dpkg: warning: ignoring pre-dependency problem!
dpkg: regarding .../mount_2.20.1-1ubuntu3_armhf.deb containing mount, pre-dependency problem:
 mount pre-depends on libselinux1 (>= 2.0.15)
  libselinux1 is unpacked, but has never been configured.
dpkg: warning: ignoring pre-dependency problem!
Unpacking mount (from .../mount_2.20.1-1ubuntu3_armhf.deb) ...
Selecting previously unselected package mountall.
Unpacking mountall (from .../mountall_2.36_armhf.deb) ...
Selecting previously unselected package multiarch-support.
Unpacking multiarch-support (from .../multiarch-support_2.15-0ubuntu10_armhf.deb) ...
Selecting previously unselected package ncurses-base.
Unpacking ncurses-base (from .../ncurses-base_5.9-4_all.deb) ...
Selecting previously unselected package ncurses-bin.
dpkg: regarding .../ncurses-bin_5.9-4_armhf.deb containing ncurses-bin, pre-dependency problem:
 ncurses-bin pre-depends on libtinfo5 (>= 5.9-3~)
  libtinfo5 is unpacked, but has never been configured.
dpkg: warning: ignoring pre-dependency problem!
Unpacking ncurses-bin (from .../ncurses-bin_5.9-4_armhf.deb) ...
Selecting previously unselected package passwd.
Unpacking passwd (from .../passwd_1%3a4.1.4.2+svn3283-3ubuntu5_armhf.deb) ...
dpkg: regarding .../perl-base_5.14.2-6ubuntu2_armhf.deb containing perl-base, pre-dependency problem:
 perl-base pre-depends on libgcc1 (>= 1:4.4.0)
  libgcc1 is unpacked, but has never been configured.
dpkg: warning: ignoring pre-dependency problem!
Preparing to replace perl-base 5.14.2-6ubuntu2 (using .../perl-base_5.14.2-6ubuntu2_armhf.deb) ...
Unpacking replacement perl-base ...
Selecting previously unselected package plymouth.
Unpacking plymouth (from .../plymouth_0.8.2-2ubuntu30_armhf.deb) ...
Selecting previously unselected package procps.
Unpacking procps (from .../procps_1%3a3.2.8-11ubuntu6_armhf.deb) ...
Selecting previously unselected package python-minimal.
Unpacking python-minimal (from .../python-minimal_2.7.3-0ubuntu2_armhf.deb) ...
Selecting previously unselected package python2.7-minimal.
Unpacking python2.7-minimal (from .../python2.7-minimal_2.7.3-0ubuntu3_armhf.deb) ...
Selecting previously unselected package sed.
dpkg: regarding .../archives/sed_4.2.1-9_armhf.deb containing sed, pre-dependency problem:
 sed pre-depends on libselinux1 (>= 1.32)
  libselinux1 is unpacked, but has never been configured.
dpkg: warning: ignoring pre-dependency problem!
Unpacking sed (from .../archives/sed_4.2.1-9_armhf.deb) ...
Selecting previously unselected package sensible-utils.
Unpacking sensible-utils (from .../sensible-utils_0.0.6ubuntu2_all.deb) ...
Selecting previously unselected package sysv-rc.
Unpacking sysv-rc (from .../sysv-rc_2.88dsf-13.10ubuntu11_all.deb) ...
Selecting previously unselected package sysvinit-utils.
Unpacking sysvinit-utils (from .../sysvinit-utils_2.88dsf-13.10ubuntu11_armhf.deb) ...
Selecting previously unselected package tar.
dpkg: regarding .../tar_1.26-4ubuntu1_armhf.deb containing tar, pre-dependency problem:
 tar pre-depends on libgcc1 (>= 1:4.4.0)
  libgcc1 is unpacked, but has never been configured.
dpkg: warning: ignoring pre-dependency problem!
Unpacking tar (from .../tar_1.26-4ubuntu1_armhf.deb) ...
Selecting previously unselected package tzdata.
Unpacking tzdata (from .../tzdata_2012b-1_all.deb) ...
Selecting previously unselected package udev.
Unpacking udev (from .../udev_175-0ubuntu9_armhf.deb) ...
Adding 'diversion of /sbin/udevadm to /sbin/udevadm.upgrade by fake-udev'
Selecting previously unselected package upstart.
Unpacking upstart (from .../upstart_1.5-0ubuntu8~linaro1_armhf.deb) ...
Selecting previously unselected package ureadahead.
Unpacking ureadahead (from .../ureadahead_0.100.0-12_armhf.deb) ...
Selecting previously unselected package util-linux.
dpkg: regarding .../util-linux_2.20.1-1ubuntu3_armhf.deb containing util-linux, pre-dependency problem:
 util-linux pre-depends on libblkid1 (>= 2.20.1)
  libblkid1 is unpacked, but has never been configured.
dpkg: warning: ignoring pre-dependency problem!
dpkg: regarding .../util-linux_2.20.1-1ubuntu3_armhf.deb containing util-linux, pre-dependency problem:
 util-linux pre-depends on libgcc1 (>= 1:4.4.0)
  libgcc1 is unpacked, but has never been configured.
dpkg: warning: ignoring pre-dependency problem!
dpkg: regarding .../util-linux_2.20.1-1ubuntu3_armhf.deb containing util-linux, pre-dependency problem:
 util-linux pre-depends on libncurses5 (>= 5.5-5~)
  libncurses5 is unpacked, but has never been configured.
dpkg: warning: ignoring pre-dependency problem!
dpkg: regarding .../util-linux_2.20.1-1ubuntu3_armhf.deb containing util-linux, pre-dependency problem:
 util-linux pre-depends on libselinux1 (>= 1.32)
  libselinux1 is unpacked, but has never been configured.
dpkg: warning: ignoring pre-dependency problem!
dpkg: regarding .../util-linux_2.20.1-1ubuntu3_armhf.deb containing util-linux, pre-dependency problem:
 util-linux pre-depends on libslang2 (>= 2.0.7-1)
  libslang2 is unpacked, but has never been configured.
dpkg: warning: ignoring pre-dependency problem!
dpkg: regarding .../util-linux_2.20.1-1ubuntu3_armhf.deb containing util-linux, pre-dependency problem:
 util-linux pre-depends on libtinfo5
  libtinfo5 is unpacked, but has never been configured.
dpkg: warning: ignoring pre-dependency problem!
dpkg: regarding .../util-linux_2.20.1-1ubuntu3_armhf.deb containing util-linux, pre-dependency problem:
 util-linux pre-depends on libuuid1 (>= 2.16)
  libuuid1 is unpacked, but has never been configured.
dpkg: warning: ignoring pre-dependency problem!
dpkg: regarding .../util-linux_2.20.1-1ubuntu3_armhf.deb containing util-linux, pre-dependency problem:
 util-linux pre-depends on zlib1g (>= 1:1.1.4)
dpkg: warning: ignoring pre-dependency problem!
Unpacking util-linux (from .../util-linux_2.20.1-1ubuntu3_armhf.deb) ...
Selecting previously unselected package xz-utils.
Unpacking xz-utils (from .../xz-utils_5.1.1alpha+20110809-3_armhf.deb) ...
Selecting previously unselected package zlib1g.
dpkg: regarding .../zlib1g_1%3a1.2.3.4.dfsg-3ubuntu4_armhf.deb containing zlib1g, pre-dependency problem:
 zlib1g pre-depends on multiarch-support
  multiarch-support is unpacked, but has never been configured.
dpkg: warning: ignoring pre-dependency problem!
Unpacking zlib1g (from .../zlib1g_1%3a1.2.3.4.dfsg-3ubuntu4_armhf.deb) ...
Setting up ncurses-base (5.9-4) ...
Setting up sensible-utils (0.0.6ubuntu2) ...
Setting up libklibc (1.5.25-1ubuntu2) ...
Setting up klibc-utils (1.5.25-1ubuntu2) ...
Setting up libc-bin (2.15-0ubuntu10) ...
Setting up gcc-4.6-base (4.6.3-1ubuntu5) ...
Setting up perl-base (5.14.2-6ubuntu2) ...
Setting up debconf (1.5.42ubuntu1) ...
Setting up tzdata (2012b-1) ...

Current default time zone: 'Etc/UTC'
Local time is now:      Sat Nov 24 00:04:14 UTC 2012.
Universal Time is now:  Sat Nov 24 00:04:14 UTC 2012.
Run 'dpkg-reconfigure tzdata' if you wish to change it.

Setting up libc6 (2.15-0ubuntu10) ...
Setting up libtext-charwidth-perl (0.04-7build1) ...
Setting up libtext-wrapi18n-perl (0.06-7) ...
Setting up debianutils (4.2.1ubuntu2) ...
Setting up libtext-iconv-perl (1.7-5) ...
Setting up base-passwd (3.5.24) ...
Setting up mawk (1.3.3-17) ...
Setting up insserv (1.14.0-2.1ubuntu2) ...
Setting up liblocale-gettext-perl (1.05-7build1) ...
Setting up busybox-initramfs (1:1.18.5-1ubuntu4linaro1) ...
Setting up multiarch-support (2.15-0ubuntu10) ...
Setting up libselinux1 (2.1.0-4.1ubuntu1) ...
Setting up makedev (2.3.1-89ubuntu2) ...
Setting up libdbus-1-3 (1.4.18-1ubuntu1) ...
Setting up libpam0g (1.1.3-7ubuntu2) ...
Setting up libdrm2 (2.4.39-0ubuntu1+ti1.0) ...
Setting up libdrm-nouveau1a (2.4.39-0ubuntu1+ti1.0) ...
Setting up libdrm-radeon1 (2.4.39-0ubuntu1+ti1.0) ...
Setting up libgcc1 (1:4.6.3-1ubuntu5) ...
Setting up base-files (6.5ubuntur6linaro11) ...
Setting up libattr1 (1:2.4.46-5ubuntu1) ...
Setting up e2fslibs (1.42-1ubuntu2) ...
Setting up libcomerr2 (1.42-1ubuntu2) ...
Setting up libacl1 (2.2.51-5ubuntu1) ...
Setting up libslang2 (2.2.4-3ubuntu1) ...
Setting up libss2 (1.42-1ubuntu2) ...
Setting up libpam-modules-bin (1.1.3-7ubuntu2) ...
Setting up liblzma5 (5.1.1alpha+20110809-3) ...
Setting up libnih1 (1.0.3-4ubuntu9) ...
Setting up libdb5.1 (5.1.25-11build1) ...
Setting up libpcre3 (8.12-4) ...
Setting up libbz2-1.0 (1.0.6-1) ...
Setting up libtinfo5 (5.9-4) ...
Setting up sysvinit-utils (2.88dsf-13.10ubuntu11) ...
Setting up libnih-dbus1 (1.0.3-4ubuntu9) ...
Setting up libelf1 (0.152-1ubuntu3) ...
Setting up coreutils (8.13-3ubuntu3) ...
Setting up libffi6 (3.0.11~rc1-5) ...
Setting up bsdutils (1:2.20.1-1ubuntu3) ...
Setting up ncurses-bin (5.9-4) ...
Setting up sysv-rc (2.88dsf-13.10ubuntu11) ...
Setting up libpam-modules (1.1.3-7ubuntu2) ...
Setting up libudev0 (175-0ubuntu9) ...
Setting up tar (1.26-4ubuntu1) ...
update-alternatives: using /usr/sbin/rmt-tar to provide /usr/sbin/rmt (rmt) in auto mode.
Setting up zlib1g (1:1.2.3.4.dfsg-3ubuntu4) ...
Setting up libncurses5 (5.9-4) ...
Setting up iproute (20111117-1ubuntu2) ...
Setting up initramfs-tools-bin (0.99ubuntu13) ...
Setting up libdevmapper1.02.1 (2:1.02.48-4ubuntu7) ...
Setting up upstart (1.5-0ubuntu8~linaro1) ...
Setting up passwd (1:4.1.4.2+svn3283-3ubuntu5) ...
Shadow passwords are now on.
Setting up hostname (3.06ubuntu1) ...
Setting up libpam-runtime (1.1.3-7ubuntu2) ...
Setting up xz-utils (5.1.1alpha+20110809-3) ...
Setting up dpkg (1.16.1.2ubuntu7) ...
Setting up libncursesw5 (5.9-4) ...
Setting up libpciaccess0 (0.12.902-1) ...
Setting up libpng12-0 (1.2.46-3ubuntu4) ...
Setting up cpio (2.11-7ubuntu3) ...
update-alternatives: using /bin/mt-gnu to provide /bin/mt (mt) in auto mode.
Setting up libglib2.0-0 (2.32.1-0ubuntu2) ...
No schema files found: doing nothing.
Setting up dash (0.5.7-2ubuntu2) ...
Setting up login (1:4.1.4.2+svn3283-3ubuntu5) ...
Setting up libssl1.0.0 (1.0.1-4ubuntu3) ...
Setting up module-init-tools (3.16-1ubuntu2) ...
Setting up libuuid1 (2.20.1-1ubuntu3) ...
Setting up python-minimal (2.7.3-0ubuntu2) ...
Setting up diffutils (1:3.2-1ubuntu1) ...
Setting up adduser (3.113ubuntu2) ...
Setting up libplymouth2 (0.8.2-2ubuntu30) ...
Setting up sed (4.2.1-9) ...
Setting up python2.7-minimal (2.7.3-0ubuntu3) ...
Setting up grep (2.10-1) ...
Setting up libblkid1 (2.20.1-1ubuntu3) ...
Setting up findutils (4.4.2-4ubuntu1) ...
Setting up gzip (1.4-1ubuntu2) ...
Setting up libdrm-intel1 (2.4.32-1ubuntu1+ti3.0) ...
Setting up bash (4.2-2ubuntu2) ...
update-alternatives: using /usr/share/man/man7/bash-builtins.7.gz to provide /usr/share/man/man7/builtins.7.gz (builtins.7.gz) in auto mode.
Setting up lsb-base (4.0-0ubuntu20) ...
Setting up mountall (2.36) ...
Setting up libmount1 (2.20.1-1ubuntu3) ...
Setting up mount (2.20.1-1ubuntu3) ...
Setting up ureadahead (0.100.0-12) ...
Setting up initscripts (2.88dsf-13.10ubuntu11) ...
Setting up util-linux (2.20.1-1ubuntu3) ...
update-alternatives: using /bin/more to provide /usr/bin/pager (pager) in auto mode.
Setting up procps (1:3.2.8-11ubuntu6) ...
update-alternatives: using /usr/bin/w.procps to provide /usr/bin/w (w) in auto mode.
dpkg: warning: version '
initctl' has bad syntax: version number does not start with digit
Setting up ifupdown (0.7~beta2ubuntu8) ...
Creating /etc/network/interfaces.
Setting up e2fsprogs (1.42-1ubuntu2) ...
Setting up udev (175-0ubuntu9) ...
dpkg: warning: version '
initctl' has bad syntax: version number does not start with digit
Removing 'diversion of /sbin/udevadm to /sbin/udevadm.upgrade by fake-udev'
update-initramfs: deferring update (trigger activated)
Setting up initramfs-tools (0.99ubuntu13) ...
update-initramfs: deferring update (trigger activated)
Setting up plymouth (0.8.2-2ubuntu30) ...
update-initramfs: deferring update (trigger activated)
Setting up dmsetup (2:1.02.48-4ubuntu7) ...
update-initramfs: deferring update (trigger activated)
Processing triggers for libc-bin ...
ldconfig deferred processing now taking place
Processing triggers for initramfs-tools ...
(Reading database ... 6740 files and directories currently installed.)
Unpacking apt (from .../apt_0.8.16~exp12ubuntu10_armhf.deb) ...
Unpacking apt-transport-https (from .../apt-transport-https_0.8.16~exp12ubuntu10_armhf.deb) ...
Unpacking apt-utils (from .../apt-utils_0.8.16~exp12ubuntu10_armhf.deb) ...
Unpacking bsdmainutils (from .../bsdmainutils_8.2.3ubuntu1_armhf.deb) ...
Unpacking ca-certificates (from .../ca-certificates_20111211_all.deb) ...
Unpacking cron (from .../cron_3.0pl1-120ubuntu3_armhf.deb) ...
Unpacking debconf-i18n (from .../debconf-i18n_1.5.42ubuntu1_all.deb) ...
Unpacking gnupg (from .../gnupg_1.4.11-3ubuntu2_armhf.deb) ...
Unpacking gpgv (from .../gpgv_1.4.11-3ubuntu2_armhf.deb) ...
Unpacking groff-base (from .../groff-base_1.21-7_armhf.deb) ...
Unpacking info (from .../info_4.13a.dfsg.1-8ubuntu2_armhf.deb) ...
Unpacking install-info (from .../install-info_4.13a.dfsg.1-8ubuntu2_armhf.deb) ...
Unpacking iptables (from .../iptables_1.4.12-1ubuntu4_armhf.deb) ...
Unpacking iputils-ping (from .../iputils-ping_3%3a20101006-1ubuntu1_armhf.deb) ...
Unpacking isc-dhcp-client (from .../isc-dhcp-client_4.1.ESV-R4-0ubuntu5_armhf.deb) ...
Unpacking isc-dhcp-common (from .../isc-dhcp-common_4.1.ESV-R4-0ubuntu5_armhf.deb) ...
Unpacking libapt-inst1.4 (from .../libapt-inst1.4_0.8.16~exp12ubuntu10_armhf.deb) ...
Unpacking libapt-pkg4.12 (from .../libapt-pkg4.12_0.8.16~exp12ubuntu10_armhf.deb) ...
Unpacking libasn1-8-heimdal (from .../libasn1-8-heimdal_1.6~git20120311.dfsg.1-2_armhf.deb) ...
Unpacking libcurl3-gnutls (from .../libcurl3-gnutls_7.22.0-3ubuntu4_armhf.deb) ...
Unpacking libept1.4.12 (from .../libept1.4.12_1.0.6~exp1ubuntu1_armhf.deb) ...
Unpacking libexpat1 (from .../libexpat1_2.0.1-7.2ubuntu1_armhf.deb) ...
Unpacking libgcrypt11 (from .../libgcrypt11_1.5.0-3_armhf.deb) ...
Unpacking libgdbm3 (from .../libgdbm3_1.8.3-10_armhf.deb) ...
Unpacking libgnutls26 (from .../libgnutls26_2.12.14-5ubuntu3_armhf.deb) ...
Unpacking libgpg-error0 (from .../libgpg-error0_1.10-2ubuntu1_armhf.deb) ...
Unpacking libgssapi-krb5-2 (from .../libgssapi-krb5-2_1.10+dfsg~beta1-2_armhf.deb) ...
Unpacking libgssapi3-heimdal (from .../libgssapi3-heimdal_1.6~git20120311.dfsg.1-2_armhf.deb) ...
Unpacking libgudev-1.0-0 (from .../libgudev-1.0-0_1%3a175-0ubuntu9_armhf.deb) ...
Unpacking libhcrypto4-heimdal (from .../libhcrypto4-heimdal_1.6~git20120311.dfsg.1-2_armhf.deb) ...
Unpacking libheimbase1-heimdal (from .../libheimbase1-heimdal_1.6~git20120311.dfsg.1-2_armhf.deb) ...
Unpacking libheimntlm0-heimdal (from .../libheimntlm0-heimdal_1.6~git20120311.dfsg.1-2_armhf.deb) ...
Unpacking libhx509-5-heimdal (from .../libhx509-5-heimdal_1.6~git20120311.dfsg.1-2_armhf.deb) ...
Unpacking libidn11 (from .../libidn11_1.23-2_armhf.deb) ...
Unpacking libk5crypto3 (from .../libk5crypto3_1.10+dfsg~beta1-2_armhf.deb) ...
Unpacking libkeyutils1 (from .../libkeyutils1_1.5.2-2_armhf.deb) ...
Unpacking libkrb5-26-heimdal (from .../libkrb5-26-heimdal_1.6~git20120311.dfsg.1-2_armhf.deb) ...
Unpacking libkrb5-3 (from .../libkrb5-3_1.10+dfsg~beta1-2_armhf.deb) ...
Unpacking libkrb5support0 (from .../libkrb5support0_1.10+dfsg~beta1-2_armhf.deb) ...
Unpacking libldap-2.4-2 (from .../libldap-2.4-2_2.4.28-1.1ubuntu4_armhf.deb) ...
Unpacking libnewt0.52 (from .../libnewt0.52_0.52.11-2ubuntu10_armhf.deb) ...
Unpacking libnfnetlink0 (from .../libnfnetlink0_1.0.0-1_armhf.deb) ...
Unpacking libp11-kit0 (from .../libp11-kit0_0.12-2ubuntu1_armhf.deb) ...
Unpacking libpipeline1 (from .../libpipeline1_1.2.1-1_armhf.deb) ...
Unpacking libpopt0 (from .../libpopt0_1.16-3ubuntu1_armhf.deb) ...
Unpacking libreadline6 (from .../libreadline6_6.2-8_armhf.deb) ...
Unpacking libroken18-heimdal (from .../libroken18-heimdal_1.6~git20120311.dfsg.1-2_armhf.deb) ...
Unpacking librtmp0 (from .../librtmp0_2.4~20110711.gitc28f1bab-1_armhf.deb) ...
Unpacking libsasl2-2 (from .../libsasl2-2_2.1.25.dfsg1-3_armhf.deb) ...
Unpacking libsqlite3-0 (from .../libsqlite3-0_3.7.9-2ubuntu1_armhf.deb) ...
Unpacking libstdc++6 (from .../libstdc++6_4.6.3-1ubuntu5_armhf.deb) ...
Unpacking libsysfs2 (from .../libsysfs2_2.1.0+repack-1_armhf.deb) ...
Unpacking libtasn1-3 (from .../libtasn1-3_2.10-1ubuntu1_armhf.deb) ...
Unpacking libusb-0.1-4 (from .../libusb-0.1-4_2%3a0.1.12-20_armhf.deb) ...
Unpacking libwind0-heimdal (from .../libwind0-heimdal_1.6~git20120311.dfsg.1-2_armhf.deb) ...
Unpacking libxapian22 (from .../libxapian22_1.2.8-1_armhf.deb) ...
Unpacking locales (from .../locales_2.13+git20120306-3_all.deb) ...
Unpacking logrotate (from .../logrotate_3.7.8-6ubuntu5_armhf.deb) ...
Unpacking man-db (from .../man-db_2.6.1-2_armhf.deb) ...
Unpacking manpages (from .../manpages_3.35-0.1ubuntu1_all.deb) ...
Unpacking mime-support (from .../mime-support_3.51-1ubuntu1_all.deb) ...
Unpacking nano (from .../nano_2.2.6-1_armhf.deb) ...
Unpacking net-tools (from .../net-tools_1.60-24.1ubuntu2_armhf.deb) ...
Unpacking netbase (from .../netbase_4.47ubuntu1_all.deb) ...
Unpacking openssl (from .../openssl_1.0.1-4ubuntu3_armhf.deb) ...
Unpacking python (from .../python_2.7.3-0ubuntu2_armhf.deb) ...
Unpacking python2.7 (from .../python2.7_2.7.3-0ubuntu3_armhf.deb) ...
Unpacking readline-common (from .../readline-common_6.2-8_all.deb) ...
Unpacking rsyslog (from .../rsyslog_5.8.6-1ubuntu8_armhf.deb) ...
Unpacking ubuntu-extras-keyring (from .../ubuntu-extras-keyring_2010.09.27_all.deb) ...
Unpacking ubuntu-keyring (from .../ubuntu-keyring_2011.11.21_all.deb) ...
Unpacking ucf (from .../ucf_3.0025+nmu2ubuntu1_all.deb) ...
Moving old data out of the way
Unpacking vim-common (from .../vim-common_2%3a7.3.429-2ubuntu2_armhf.deb) ...
Unpacking vim-tiny (from .../vim-tiny_2%3a7.3.429-2ubuntu2_armhf.deb) ...
Unpacking wget (from .../wget_1.13.4-2ubuntu1_armhf.deb) ...
Unpacking whiptail (from .../whiptail_0.52.11-2ubuntu10_armhf.deb) ...
Processing triggers for ureadahead ...
Setting up libsysfs2 (2.1.0+repack-1) ...
Setting up libgdbm3 (1.8.3-10) ...
Setting up isc-dhcp-common (4.1.ESV-R4-0ubuntu5) ...
Setting up libtasn1-3 (2.10-1ubuntu1) ...
Setting up libpopt0 (1.16-3ubuntu1) ...
Setting up libusb-0.1-4 (2:0.1.12-20) ...
Setting up libgpg-error0 (1.10-2ubuntu1) ...
Setting up ucf (3.0025+nmu2ubuntu1) ...
Setting up install-info (4.13a.dfsg.1-8ubuntu2) ...
Setting up libgudev-1.0-0 (1:175-0ubuntu9) ...
Setting up vim-common (2:7.3.429-2ubuntu2) ...
Setting up openssl (1.0.1-4ubuntu3) ...
Setting up netbase (4.47ubuntu1) ...
Setting up libroken18-heimdal (1.6~git20120311.dfsg.1-2) ...
Setting up locales (2.13+git20120306-3) ...
Setting up manpages (3.35-0.1ubuntu1) ...
Setting up libsqlite3-0 (3.7.9-2ubuntu1) ...
Setting up libwind0-heimdal (1.6~git20120311.dfsg.1-2) ...
Setting up libkeyutils1 (1.5.2-2) ...
Setting up libexpat1 (2.0.1-7.2ubuntu1) ...
Setting up libidn11 (1.23-2) ...
Setting up libkrb5support0 (1.10+dfsg~beta1-2) ...
Setting up wget (1.13.4-2ubuntu1) ...
Setting up libnewt0.52 (0.52.11-2ubuntu10) ...
update-alternatives: using /etc/newt/palette.ubuntu to provide /etc/newt/palette (newt-palette) in auto mode.
Setting up net-tools (1.60-24.1ubuntu2) ...
Setting up debconf-i18n (1.5.42ubuntu1) ...
Setting up libpipeline1 (1.2.1-1) ...
Setting up libsasl2-2 (2.1.25.dfsg1-3) ...
Setting up bsdmainutils (8.2.3ubuntu1) ...
update-alternatives: using /usr/bin/bsd-write to provide /usr/bin/write (write) in auto mode.
update-alternatives: using /usr/bin/bsd-from to provide /usr/bin/from (from) in auto mode.
Setting up ubuntu-keyring (2011.11.21) ...
gpg: /etc/apt/trustdb.gpg: trustdb created
gpg: key 437D05B5: public key "Ubuntu Archive Automatic Signing Key <ftpmaster@ubuntu.com>" imported
gpg: key FBB75451: public key "Ubuntu CD Image Automatic Signing Key <cdimage@ubuntu.com>" imported
gpg: Total number processed: 2
gpg:               imported: 2
gpg: no ultimately trusted keys found
Setting up info (4.13a.dfsg.1-8ubuntu2) ...
update-alternatives: using /usr/bin/info to provide /usr/bin/infobrowser (infobrowser) in auto mode.
Setting up iputils-ping (3:20101006-1ubuntu1) ...
Setting up libheimbase1-heimdal (1.6~git20120311.dfsg.1-2) ...
Setting up libasn1-8-heimdal (1.6~git20120311.dfsg.1-2) ...
Setting up mime-support (3.51-1ubuntu1) ...
update-alternatives: using /usr/bin/see to provide /usr/bin/view (view) in auto mode.
Setting up cron (3.0pl1-120ubuntu3) ...
Adding group `crontab' (GID 102) ...
Done.
dpkg: warning: version '
initctl' has bad syntax: version number does not start with digit
Setting up nano (2.2.6-1) ...
update-alternatives: using /bin/nano to provide /usr/bin/editor (editor) in auto mode.
update-alternatives: using /bin/nano to provide /usr/bin/pico (pico) in auto mode.
Setting up libp11-kit0 (0.12-2ubuntu1) ...
Setting up rsyslog (5.8.6-1ubuntu8) ...

Creating config file /etc/rsyslog.d/50-default.conf with new version
dpkg: warning: version '
initctl' has bad syntax: version number does not start with digit
Setting up libstdc++6 (4.6.3-1ubuntu5) ...
Setting up isc-dhcp-client (4.1.ESV-R4-0ubuntu5) ...
Setting up ca-certificates (20111211) ...
Updating certificates in /etc/ssl/certs... 152 added, 0 removed; done.
Running hooks in /etc/ca-certificates/update.d....done.
Setting up vim-tiny (2:7.3.429-2ubuntu2) ...
update-alternatives: using /usr/bin/vim.tiny to provide /usr/bin/rview (rview) in auto mode.
update-alternatives: using /usr/bin/vim.tiny to provide /usr/bin/vi (vi) in auto mode.
update-alternatives: using /usr/bin/vim.tiny to provide /usr/bin/view (view) in auto mode.
update-alternatives: using /usr/bin/vim.tiny to provide /usr/bin/ex (ex) in auto mode.
Setting up readline-common (6.2-8) ...
Setting up libnfnetlink0 (1.0.0-1) ...
Setting up libgcrypt11 (1.5.0-3) ...
Setting up libxapian22 (1.2.8-1) ...
Setting up libk5crypto3 (1.10+dfsg~beta1-2) ...
Setting up whiptail (0.52.11-2ubuntu10) ...
Setting up libapt-pkg4.12 (0.8.16~exp12ubuntu10) ...
Setting up libept1.4.12 (1.0.6~exp1ubuntu1) ...
Setting up libapt-inst1.4 (0.8.16~exp12ubuntu10) ...
Setting up libhcrypto4-heimdal (1.6~git20120311.dfsg.1-2) ...
Setting up libreadline6 (6.2-8) ...
Setting up logrotate (3.7.8-6ubuntu5) ...
Setting up groff-base (1.21-7) ...
Setting up libgnutls26 (2.12.14-5ubuntu3) ...
Setting up apt-utils (0.8.16~exp12ubuntu10) ...
Setting up iptables (1.4.12-1ubuntu4) ...
Setting up libkrb5-3 (1.10+dfsg~beta1-2) ...
Setting up gpgv (1.4.11-3ubuntu2) ...
Setting up man-db (2.6.1-2) ...
Building database of manual pages ...
Setting up libgssapi-krb5-2 (1.10+dfsg~beta1-2) ...
Setting up libhx509-5-heimdal (1.6~git20120311.dfsg.1-2) ...
Setting up python2.7 (2.7.3-0ubuntu3) ...
Setting up librtmp0 (2.4~20110711.gitc28f1bab-1) ...
Setting up gnupg (1.4.11-3ubuntu2) ...
Setting up libkrb5-26-heimdal (1.6~git20120311.dfsg.1-2) ...
Setting up apt (0.8.16~exp12ubuntu10) ...
gpg: key 437D05B5: "Ubuntu Archive Automatic Signing Key <ftpmaster@ubuntu.com>" not changed
gpg: key FBB75451: "Ubuntu CD Image Automatic Signing Key <cdimage@ubuntu.com>" not changed
gpg: Total number processed: 2
gpg:              unchanged: 2
Setting up python (2.7.3-0ubuntu2) ...
Setting up libheimntlm0-heimdal (1.6~git20120311.dfsg.1-2) ...
Setting up libgssapi3-heimdal (1.6~git20120311.dfsg.1-2) ...
Setting up libldap-2.4-2 (2.4.28-1.1ubuntu4) ...
Setting up libcurl3-gnutls (7.22.0-3ubuntu4) ...
Setting up ubuntu-extras-keyring (2010.09.27) ...
Importing extras.ubuntu.com keyring
OK
Processing extras.ubuntu.com removal keyring
OK
Setting up apt-transport-https (0.8.16~exp12ubuntu10) ...
Processing triggers for libc-bin ...
ldconfig deferred processing now taking place
