[   135.477] 
X.Org X Server 1.11.3
Release Date: 2011-12-16
[   135.477] X Protocol Version 11, Revision 0
[   135.477] Build Operating System: Linux 2.6.38-1209-omap4 armv7l Linaro
[   135.477] Current Operating System: Linux vader-rover 3.5.0-2-linaro-omap #2~ci+121210190143 PREEMPT Mon Dec 10 11:03:27 PST 2012 armv7l
[   135.477] Kernel command line: console=tty0 console=ttyO2,115200n8 root=/dev/mmcblk0p2 rootwait ro earlyprintk mpurate=720 vram=12M omapdss.def_disp=dvi omapfb.mode=dvi:1024x768MR-16@60
[   135.478] Build Date: 05 October 2012  09:10:36AM
[   135.478] xorg-server 2:1.11.4-0ubuntu10.8+ti1.1 (For technical support please see http://www.ubuntu.com/support) 
[   135.478] Current version of pixman: 0.24.4
[   135.478] 	Before reporting problems, check http://wiki.x.org
	to make sure that you have the latest version.
[   135.478] Markers: (--) probed, (**) from config file, (==) default setting,
	(++) from command line, (!!) notice, (II) informational,
	(WW) warning, (EE) error, (NI) not implemented, (??) unknown.
[   135.478] (==) Log file: "/var/log/Xorg.0.log", Time: Thu Aug 28 15:03:08 2014
[   135.513] (==) Using system config directory "/usr/share/X11/xorg.conf.d"
[   135.528] (==) No Layout section.  Using the first Screen section.
[   135.528] (==) No screen section available. Using defaults.
[   135.528] (**) |-->Screen "Default Screen Section" (0)
[   135.528] (**) |   |-->Monitor "<default monitor>"
[   135.530] (==) No monitor specified for screen "Default Screen Section".
	Using a default monitor configuration.
[   135.530] (==) Automatically adding devices
[   135.530] (==) Automatically enabling devices
[   135.544] (WW) The directory "/usr/share/fonts/X11/cyrillic" does not exist.
[   135.545] 	Entry deleted from font path.
[   135.545] (WW) The directory "/usr/share/fonts/X11/100dpi/" does not exist.
[   135.545] 	Entry deleted from font path.
[   135.545] (WW) The directory "/usr/share/fonts/X11/75dpi/" does not exist.
[   135.545] 	Entry deleted from font path.
[   135.548] (WW) The directory "/usr/share/fonts/X11/100dpi" does not exist.
[   135.548] 	Entry deleted from font path.
[   135.548] (WW) The directory "/usr/share/fonts/X11/75dpi" does not exist.
[   135.548] 	Entry deleted from font path.
[   135.557] (WW) `fonts.dir' not found (or not valid) in "/var/lib/defoma/x-ttcidfont-conf.d/dirs/TrueType".
[   135.557] 	Entry deleted from font path.
[   135.557] 	(Run 'mkfontdir' on "/var/lib/defoma/x-ttcidfont-conf.d/dirs/TrueType").
[   135.557] (==) FontPath set to:
	/usr/share/fonts/X11/misc,
	/usr/share/fonts/X11/Type1,
	built-ins
[   135.557] (==) ModulePath set to "/usr/lib/arm-linux-gnueabihf/xorg/extra-modules,/usr/lib/xorg/extra-modules,/usr/lib/xorg/modules"
[   135.557] (II) The server relies on udev to provide the list of input devices.
	If no devices become available, reconfigure udev or disable AutoAddDevices.
[   135.557] (II) Loader magic: 0xb6f7fd00
[   135.557] (II) Module ABI versions:
[   135.557] 	X.Org ANSI C Emulation: 0.4
[   135.557] 	X.Org Video Driver: 11.0
[   135.557] 	X.Org XInput driver : 16.0
[   135.557] 	X.Org Server Extension : 6.0
[   135.558] (II) LoadModule: "extmod"
[   135.574] (II) Loading /usr/lib/xorg/modules/extensions/libextmod.so
[   135.591] (II) Module extmod: vendor="X.Org Foundation"
[   135.591] 	compiled for 1.11.3, module version = 1.0.0
[   135.591] 	Module class: X.Org Server Extension
[   135.591] 	ABI class: X.Org Server Extension, version 6.0
[   135.591] (II) Loading extension MIT-SCREEN-SAVER
[   135.591] (II) Loading extension XFree86-VidModeExtension
[   135.591] (II) Loading extension XFree86-DGA
[   135.591] (II) Loading extension DPMS
[   135.591] (II) Loading extension XVideo
[   135.591] (II) Loading extension XVideo-MotionCompensation
[   135.591] (II) Loading extension X-Resource
[   135.591] (II) LoadModule: "dbe"
[   135.592] (II) Loading /usr/lib/xorg/modules/extensions/libdbe.so
[   135.601] (II) Module dbe: vendor="X.Org Foundation"
[   135.601] 	compiled for 1.11.3, module version = 1.0.0
[   135.602] 	Module class: X.Org Server Extension
[   135.602] 	ABI class: X.Org Server Extension, version 6.0
[   135.602] (II) Loading extension DOUBLE-BUFFER
[   135.602] (II) LoadModule: "glx"
[   135.603] (II) Loading /usr/lib/xorg/modules/extensions/libglx.so
[   135.620] (II) Module glx: vendor="X.Org Foundation"
[   135.620] 	compiled for 1.11.3, module version = 1.0.0
[   135.620] 	ABI class: X.Org Server Extension, version 6.0
[   135.626] (==) AIGLX enabled
[   135.626] (II) Loading extension GLX
[   135.626] (II) LoadModule: "record"
[   135.627] (II) Loading /usr/lib/xorg/modules/extensions/librecord.so
[   135.631] (II) Module record: vendor="X.Org Foundation"
[   135.631] 	compiled for 1.11.3, module version = 1.13.0
[   135.631] 	Module class: X.Org Server Extension
[   135.631] 	ABI class: X.Org Server Extension, version 6.0
[   135.631] (II) Loading extension RECORD
[   135.631] (II) LoadModule: "dri"
[   135.632] (II) Loading /usr/lib/xorg/modules/extensions/libdri.so
[   135.650] (II) Module dri: vendor="X.Org Foundation"
[   135.650] 	compiled for 1.11.3, module version = 1.0.0
[   135.650] 	ABI class: X.Org Server Extension, version 6.0
[   135.650] (II) Loading extension XFree86-DRI
[   135.650] (II) LoadModule: "dri2"
[   135.651] (II) Loading /usr/lib/xorg/modules/extensions/libdri2.so
[   135.657] (II) Module dri2: vendor="X.Org Foundation"
[   135.657] 	compiled for 1.11.3, module version = 1.2.0
[   135.657] 	ABI class: X.Org Server Extension, version 6.0
[   135.657] (II) Loading extension DRI2
[   135.657] (==) Matched pvr as autoconfigured driver 0
[   135.658] (==) Matched omap as autoconfigured driver 1
[   135.658] (==) Matched fbdev as autoconfigured driver 2
[   135.658] (==) Assigned the driver to the xf86ConfigLayout
[   135.658] (II) LoadModule: "pvr"
[   135.683] (WW) Warning, couldn't open module pvr
[   135.684] (II) UnloadModule: "pvr"
[   135.684] (II) Unloading pvr
[   135.684] (EE) Failed to load module "pvr" (module does not exist, 0)
[   135.684] (II) LoadModule: "omap"
[   135.685] (WW) Warning, couldn't open module omap
[   135.685] (II) UnloadModule: "omap"
[   135.685] (II) Unloading omap
[   135.686] (EE) Failed to load module "omap" (module does not exist, 0)
[   135.686] (II) LoadModule: "fbdev"
[   135.686] (II) Loading /usr/lib/xorg/modules/drivers/fbdev_drv.so
[   135.699] (II) Module fbdev: vendor="X.Org Foundation"
[   135.700] 	compiled for 1.11.3, module version = 0.4.2
[   135.700] 	ABI class: X.Org Video Driver, version 11.0
[   135.702] (==) Matched pvr as autoconfigured driver 0
[   135.702] (==) Matched omap as autoconfigured driver 1
[   135.702] (==) Matched fbdev as autoconfigured driver 2
[   135.702] (==) Assigned the driver to the xf86ConfigLayout
[   135.704] (II) LoadModule: "pvr"
[   135.715] (WW) Warning, couldn't open module pvr
[   135.716] (II) UnloadModule: "pvr"
[   135.716] (II) Unloading pvr
[   135.716] (EE) Failed to load module "pvr" (module does not exist, 0)
[   135.716] (II) LoadModule: "omap"
[   135.717] (WW) Warning, couldn't open module omap
[   135.717] (II) UnloadModule: "omap"
[   135.717] (II) Unloading omap
[   135.717] (EE) Failed to load module "omap" (module does not exist, 0)
[   135.718] (II) LoadModule: "fbdev"
[   135.718] (II) Loading /usr/lib/xorg/modules/drivers/fbdev_drv.so
[   135.719] (II) Module fbdev: vendor="X.Org Foundation"
[   135.719] 	compiled for 1.11.3, module version = 0.4.2
[   135.719] 	ABI class: X.Org Video Driver, version 11.0
[   135.719] (II) UnloadModule: "fbdev"
[   135.719] (II) Unloading fbdev
[   135.719] (II) Failed to load module "fbdev" (already loaded, 0)
[   135.719] (II) FBDEV: driver for framebuffer: fbdev
[   135.719] (++) using VT number 7

[   135.747] (WW) Falling back to old probe method for fbdev
[   135.747] (II) Loading sub module "fbdevhw"
[   135.747] (II) LoadModule: "fbdevhw"
[   135.748] (II) Loading /usr/lib/xorg/modules/libfbdevhw.so
[   135.751] (II) Module fbdevhw: vendor="X.Org Foundation"
[   135.751] 	compiled for 1.11.3, module version = 0.0.2
[   135.751] 	ABI class: X.Org Video Driver, version 11.0
[   135.751] (II) Loading /usr/lib/xorg/modules/drivers/fbdev_drv.so
[   135.751] (II) Loading /usr/lib/xorg/modules/libfbdevhw.so
[   135.752] (II) FBDEV(0): using default device
[   135.752] (WW) VGA arbiter: cannot open kernel arbiter, no multi-card support
[   135.752] (II) FBDEV(0): Creating default Display subsection in Screen section
	"Default Screen Section" for depth/fbbpp 16/16
[   135.752] (==) FBDEV(0): Depth 16, (==) framebuffer bpp 16
[   135.752] (==) FBDEV(0): RGB weight 565
[   135.752] (==) FBDEV(0): Default visual is TrueColor
[   135.752] (==) FBDEV(0): Using gamma correction (1.0, 1.0, 1.0)
[   135.752] (II) FBDEV(0): hardware: omapfb (video memory: 1536kB)
[   135.752] (II) FBDEV(0): checking modes against framebuffer device...
[   135.752] (II) FBDEV(0): checking modes against monitor...
[   135.752] (--) FBDEV(0): Virtual size is 1024x768 (pitch 1024)
[   135.753] (**) FBDEV(0):  Built-in mode "current": 57.6 MHz, 48.6 kHz, 61.6 Hz
[   135.753] (II) FBDEV(0): Modeline "current"x0.0   57.60  1024 1072 1104 1184  768 783 787 790 -hsync -vsync -csync (48.6 kHz)
[   135.753] (==) FBDEV(0): DPI set to (96, 96)
[   135.753] (II) Loading sub module "fb"
[   135.753] (II) LoadModule: "fb"
[   135.754] (II) Loading /usr/lib/xorg/modules/libfb.so
[   135.763] (II) Module fb: vendor="X.Org Foundation"
[   135.763] 	compiled for 1.11.3, module version = 1.0.0
[   135.763] 	ABI class: X.Org ANSI C Emulation, version 0.4
[   135.763] (**) FBDEV(0): using shadow framebuffer
[   135.763] (II) Loading sub module "shadow"
[   135.763] (II) LoadModule: "shadow"
[   135.764] (II) Loading /usr/lib/xorg/modules/libshadow.so
[   135.768] (II) Module shadow: vendor="X.Org Foundation"
[   135.769] 	compiled for 1.11.3, module version = 1.1.0
[   135.769] 	ABI class: X.Org ANSI C Emulation, version 0.4
[   135.787] (==) FBDEV(0): Backing store disabled
[   135.788] (==) FBDEV(0): DPMS enabled
[   135.789] (==) RandR enabled
[   135.789] (II) Initializing built-in extension Generic Event Extension
[   135.789] (II) Initializing built-in extension SHAPE
[   135.789] (II) Initializing built-in extension MIT-SHM
[   135.789] (II) Initializing built-in extension XInputExtension
[   135.789] (II) Initializing built-in extension XTEST
[   135.789] (II) Initializing built-in extension BIG-REQUESTS
[   135.789] (II) Initializing built-in extension SYNC
[   135.789] (II) Initializing built-in extension XKEYBOARD
[   135.789] (II) Initializing built-in extension XC-MISC
[   135.789] (II) Initializing built-in extension SECURITY
[   135.789] (II) Initializing built-in extension XINERAMA
[   135.789] (II) Initializing built-in extension XFIXES
[   135.790] (II) Initializing built-in extension RENDER
[   135.790] (II) Initializing built-in extension RANDR
[   135.790] (II) Initializing built-in extension COMPOSITE
[   135.790] (II) Initializing built-in extension DAMAGE
[   135.925] (II) AIGLX: Screen 0 is not DRI2 capable
[   135.926] (II) AIGLX: Screen 0 is not DRI capable
[   136.082] (II) AIGLX: Loaded and initialized swrast
[   136.082] (II) GLX: Initialized DRISWRAST GL provider for screen 0
[   136.338] (II) XKB: reuse xkmfile /var/lib/xkb/server-B20D7FC79C7F597315E3E501AEF10E0D866E8E92.xkm
[   137.140]  ddxSigGiveUp: Closing log
[   137.141] Server terminated successfully (0). Closing log file.
