[rospy.client][INFO] 2012-12-18 20:54:13,431: init_node, name[/create], pid[13455]
[xmlrpc][INFO] 2012-12-18 20:54:13,434: XML-RPC server binding to 0.0.0.0
[rospy.init][INFO] 2012-12-18 20:54:13,438: ROS Slave URI: [http://linaro-alip:48805/]
[xmlrpc][INFO] 2012-12-18 20:54:13,439: Started XML-RPC server [http://linaro-alip:48805/]
[rospy.impl.masterslave][INFO] 2012-12-18 20:54:13,440: _ready: http://linaro-alip:48805/
[xmlrpc][INFO] 2012-12-18 20:54:13,442: xml rpc node: starting XML-RPC server
[rospy.registration][INFO] 2012-12-18 20:54:13,454: Registering with master node http://localhost:11311
[rospy.init][INFO] 2012-12-18 20:54:13,540: registered with master
[rospy.rosout][INFO] 2012-12-18 20:54:13,541: initializing /rosout core topic
[rospy.rosout][INFO] 2012-12-18 20:54:13,558: connected to core topic /rosout
[rospy.simtime][INFO] 2012-12-18 20:54:13,570: /use_sim_time is not set, will not subscribe to simulated time [/clock] topic
[rospy.core][INFO] 2012-12-18 20:54:13,627: signal_shutdown [atexit]
[rospy.impl.masterslave][INFO] 2012-12-18 20:54:13,641: atexit
[rospy.client][INFO] 2012-12-18 21:00:01,773: init_node, name[/create], pid[13484]
[xmlrpc][INFO] 2012-12-18 21:00:01,776: XML-RPC server binding to 0.0.0.0
[rospy.init][INFO] 2012-12-18 21:00:01,780: ROS Slave URI: [http://linaro-alip:45274/]
[xmlrpc][INFO] 2012-12-18 21:00:01,780: Started XML-RPC server [http://linaro-alip:45274/]
[rospy.impl.masterslave][INFO] 2012-12-18 21:00:01,782: _ready: http://linaro-alip:45274/
[xmlrpc][INFO] 2012-12-18 21:00:01,783: xml rpc node: starting XML-RPC server
[rospy.registration][INFO] 2012-12-18 21:00:01,788: Registering with master node http://localhost:11311
[rospy.init][INFO] 2012-12-18 21:00:01,881: registered with master
[rospy.rosout][INFO] 2012-12-18 21:00:01,883: initializing /rosout core topic
[rospy.rosout][INFO] 2012-12-18 21:00:01,901: connected to core topic /rosout
[rospy.simtime][INFO] 2012-12-18 21:00:01,915: /use_sim_time is not set, will not subscribe to simulated time [/clock] topic
[rospy.internal][INFO] 2012-12-18 21:00:02,145: topic[/rosout] adding connection to [/rosout], count 0
[rospy.core][INFO] 2012-12-18 21:02:29,118: signal_shutdown [signal-2]
[rospy.internal][INFO] 2012-12-18 21:02:29,341: topic[/rosout] removing connection to /rosout
[rospy.impl.masterslave][INFO] 2012-12-18 21:02:29,345: signal-2
[rospy.core][INFO] 2012-12-18 21:02:30,772: signal_shutdown [atexit]
[rospy.client][INFO] 2012-12-18 21:02:35,217: init_node, name[/create], pid[13558]
[xmlrpc][INFO] 2012-12-18 21:02:35,220: XML-RPC server binding to 0.0.0.0
[rospy.init][INFO] 2012-12-18 21:02:35,224: ROS Slave URI: [http://linaro-alip:48172/]
[xmlrpc][INFO] 2012-12-18 21:02:35,224: Started XML-RPC server [http://linaro-alip:48172/]
[rospy.impl.masterslave][INFO] 2012-12-18 21:02:35,226: _ready: http://linaro-alip:48172/
[xmlrpc][INFO] 2012-12-18 21:02:35,228: xml rpc node: starting XML-RPC server
[rospy.registration][INFO] 2012-12-18 21:02:35,233: Registering with master node http://localhost:11311
[rospy.init][INFO] 2012-12-18 21:02:35,326: registered with master
[rospy.rosout][INFO] 2012-12-18 21:02:35,327: initializing /rosout core topic
[rospy.rosout][INFO] 2012-12-18 21:02:35,345: connected to core topic /rosout
[rospy.simtime][INFO] 2012-12-18 21:02:35,356: /use_sim_time is not set, will not subscribe to simulated time [/clock] topic
[rospy.internal][INFO] 2012-12-18 21:02:35,584: topic[/rosout] adding connection to [/rosout], count 0
[rosout][ERROR] 2012-12-18 21:18:08,249: incoming connection failed: unable to receive data from sender, check sender's logs for details
[rosout][ERROR] 2012-12-18 21:21:05,647: incoming connection failed: unable to receive data from sender, check sender's logs for details
[rospy.core][INFO] 2012-12-18 21:21:28,635: signal_shutdown [signal-2]
[rospy.internal][INFO] 2012-12-18 21:21:28,848: topic[/rosout] removing connection to /rosout
[rospy.impl.masterslave][INFO] 2012-12-18 21:21:28,852: signal-2
[rospy.core][INFO] 2012-12-18 21:21:30,330: signal_shutdown [atexit]
[rospy.client][INFO] 2012-12-18 21:21:35,853: init_node, name[/create], pid[13719]
[xmlrpc][INFO] 2012-12-18 21:21:35,857: XML-RPC server binding to 0.0.0.0
[rospy.init][INFO] 2012-12-18 21:21:35,861: ROS Slave URI: [http://linaro-alip:47416/]
[xmlrpc][INFO] 2012-12-18 21:21:35,863: Started XML-RPC server [http://linaro-alip:47416/]
[rospy.impl.masterslave][INFO] 2012-12-18 21:21:35,863: _ready: http://linaro-alip:47416/
[xmlrpc][INFO] 2012-12-18 21:21:35,865: xml rpc node: starting XML-RPC server
[rospy.registration][INFO] 2012-12-18 21:21:35,870: Registering with master node http://localhost:11311
[rospy.init][INFO] 2012-12-18 21:21:35,963: registered with master
[rospy.rosout][INFO] 2012-12-18 21:21:35,964: initializing /rosout core topic
[rospy.rosout][INFO] 2012-12-18 21:21:35,981: connected to core topic /rosout
[rospy.simtime][INFO] 2012-12-18 21:21:35,993: /use_sim_time is not set, will not subscribe to simulated time [/clock] topic
[rospy.internal][INFO] 2012-12-18 21:21:36,265: topic[/rosout] adding connection to [/rosout], count 0
[rospy.core][INFO] 2012-12-18 21:23:08,939: signal_shutdown [signal-2]
[rospy.internal][INFO] 2012-12-18 21:23:09,163: topic[/rosout] removing connection to /rosout
[rospy.impl.masterslave][INFO] 2012-12-18 21:23:09,167: signal-2
[rospy.core][INFO] 2012-12-18 21:23:10,604: signal_shutdown [atexit]
[rospy.client][INFO] 2012-12-18 21:23:14,973: init_node, name[/create], pid[13754]
[xmlrpc][INFO] 2012-12-18 21:23:14,976: XML-RPC server binding to 0.0.0.0
[rospy.init][INFO] 2012-12-18 21:23:14,980: ROS Slave URI: [http://linaro-alip:46510/]
[xmlrpc][INFO] 2012-12-18 21:23:14,980: Started XML-RPC server [http://linaro-alip:46510/]
[rospy.impl.masterslave][INFO] 2012-12-18 21:23:14,982: _ready: http://linaro-alip:46510/
[xmlrpc][INFO] 2012-12-18 21:23:14,984: xml rpc node: starting XML-RPC server
[rospy.registration][INFO] 2012-12-18 21:23:14,988: Registering with master node http://localhost:11311
[rospy.init][INFO] 2012-12-18 21:23:15,082: registered with master
[rospy.rosout][INFO] 2012-12-18 21:23:15,083: initializing /rosout core topic
[rospy.rosout][INFO] 2012-12-18 21:23:15,100: connected to core topic /rosout
[rospy.simtime][INFO] 2012-12-18 21:23:15,125: /use_sim_time is not set, will not subscribe to simulated time [/clock] topic
[rospy.internal][INFO] 2012-12-18 21:23:15,328: topic[/rosout] adding connection to [/rosout], count 0
[rospy.core][INFO] 2012-12-18 21:28:37,090: signal_shutdown [signal-2]
[rospy.internal][INFO] 2012-12-18 21:28:37,308: topic[/rosout] removing connection to /rosout
[rospy.impl.masterslave][INFO] 2012-12-18 21:28:37,312: signal-2
[rospy.core][INFO] 2012-12-18 21:28:38,738: signal_shutdown [atexit]
[rospy.client][INFO] 2012-12-18 21:30:03,195: init_node, name[/create], pid[13813]
[xmlrpc][INFO] 2012-12-18 21:30:03,198: XML-RPC server binding to 0.0.0.0
[rospy.init][INFO] 2012-12-18 21:30:03,202: ROS Slave URI: [http://linaro-alip:33627/]
[xmlrpc][INFO] 2012-12-18 21:30:03,202: Started XML-RPC server [http://linaro-alip:33627/]
[rospy.impl.masterslave][INFO] 2012-12-18 21:30:03,204: _ready: http://linaro-alip:33627/
[xmlrpc][INFO] 2012-12-18 21:30:03,206: xml rpc node: starting XML-RPC server
[rospy.registration][INFO] 2012-12-18 21:30:03,210: Registering with master node http://localhost:11311
[rospy.init][INFO] 2012-12-18 21:30:03,304: registered with master
[rospy.rosout][INFO] 2012-12-18 21:30:03,305: initializing /rosout core topic
[rospy.rosout][INFO] 2012-12-18 21:30:03,323: connected to core topic /rosout
[rospy.simtime][INFO] 2012-12-18 21:30:03,335: /use_sim_time is not set, will not subscribe to simulated time [/clock] topic
[rospy.internal][INFO] 2012-12-18 21:30:03,593: topic[/rosout] adding connection to [/rosout], count 0
