This file contains any messages produced by compilers while
running configure, to aid debugging if configure makes a mistake.

It was created by gc configure 7.2alpha4, which was
generated by GNU Autoconf 2.64.  Invocation command line was

  $ ./configure --enable-option-checking --enable-large-config --enable-threads=pthreads

## --------- ##
## Platform. ##
## --------- ##

hostname = vader-rover
uname -m = armv7l
uname -r = 3.5.0-2-linaro-omap
uname -s = Linux
uname -v = #2~ci+121210190143 PREEMPT Mon Dec 10 11:03:27 PST 2012

/usr/bin/uname -p = unknown
/bin/uname -X     = unknown

/bin/arch              = unknown
/usr/bin/arch -k       = unknown
/usr/convex/getsysinfo = unknown
/usr/bin/hostinfo      = unknown
/bin/machine           = unknown
/usr/bin/oslevel       = unknown
/bin/universe          = unknown

PATH: /usr/local/sbin
PATH: /usr/local/bin
PATH: /usr/sbin
PATH: /usr/bin
PATH: /sbin
PATH: /bin
PATH: /usr/games


## ----------- ##
## Core tests. ##
## ----------- ##

configure:2612: checking build system type
configure:2626: result: armv7l-unknown-linux-gnueabi
configure:2646: checking host system type
configure:2659: result: armv7l-unknown-linux-gnueabi
configure:2679: checking target system type
configure:2692: result: armv7l-unknown-linux-gnueabi
configure:2721: checking GC version numbers
configure:2760: result: major=7 minor=2 alpha=4
configure:2780: checking for a BSD-compatible install
configure:2848: result: /usr/bin/install -c
configure:2859: checking whether build environment is sane
configure:2896: result: yes
configure:2921: checking for a thread-safe mkdir -p
configure:2960: result: /bin/mkdir -p
configure:2973: checking for gawk
configure:3003: result: no
configure:2973: checking for mawk
configure:2989: found /usr/bin/mawk
configure:3000: result: mawk
configure:3011: checking whether make sets $(MAKE)
configure:3033: result: yes
configure:3217: checking whether to enable maintainer-specific portions of Makefiles
configure:3226: result: no
configure:3255: checking for style of include used by make
configure:3283: result: GNU
configure:3353: checking for gcc
configure:3369: found /usr/bin/gcc
configure:3380: result: gcc
configure:3609: checking for C compiler version
configure:3618: gcc --version >&5
gcc (Ubuntu/Linaro 4.6.3-1ubuntu5) 4.6.3
Copyright (C) 2011 Free Software Foundation, Inc.
This is free software; see the source for copying conditions.  There is NO
warranty; not even for MERCHANTABILITY or FITNESS FOR A PARTICULAR PURPOSE.

configure:3629: $? = 0
configure:3618: gcc -v >&5
Using built-in specs.
COLLECT_GCC=gcc
COLLECT_LTO_WRAPPER=/usr/lib/gcc/arm-linux-gnueabihf/4.6/lto-wrapper
Target: arm-linux-gnueabihf
Configured with: ../src/configure -v --with-pkgversion='Ubuntu/Linaro 4.6.3-1ubuntu5' --with-bugurl=file:///usr/share/doc/gcc-4.6/README.Bugs --enable-languages=c,c++,fortran,objc,obj-c++ --prefix=/usr --program-suffix=-4.6 --enable-shared --enable-linker-build-id --with-system-zlib --libexecdir=/usr/lib --without-included-gettext --enable-threads=posix --with-gxx-include-dir=/usr/include/c++/4.6 --libdir=/usr/lib --enable-nls --with-sysroot=/ --enable-clocale=gnu --enable-libstdcxx-debug --enable-libstdcxx-time=yes --enable-gnu-unique-object --enable-plugin --enable-objc-gc --enable-multilib --disable-sjlj-exceptions --with-arch=armv7-a --with-float=hard --with-fpu=vfpv3-d16 --with-mode=thumb --disable-werror --enable-checking=release --build=arm-linux-gnueabihf --host=arm-linux-gnueabihf --target=arm-linux-gnueabihf
Thread model: posix
gcc version 4.6.3 (Ubuntu/Linaro 4.6.3-1ubuntu5) 
configure:3629: $? = 0
configure:3618: gcc -V >&5
gcc: fatal error: no input files
compilation terminated.
configure:3629: $? = 4
configure:3618: gcc -qversion >&5
gcc: fatal error: no input files
compilation terminated.
configure:3629: $? = 4
configure:3651: checking for C compiler default output file name
configure:3673: gcc    conftest.c  >&5
configure:3677: $? = 0
configure:3714: result: a.out
configure:3730: checking whether the C compiler works
configure:3739: ./a.out
configure:3743: $? = 0
configure:3758: result: yes
configure:3765: checking whether we are cross compiling
configure:3767: result: no
configure:3770: checking for suffix of executables
configure:3777: gcc -o conftest    conftest.c  >&5
configure:3781: $? = 0
configure:3803: result: 
configure:3809: checking for suffix of object files
configure:3831: gcc -c   conftest.c >&5
configure:3835: $? = 0
configure:3856: result: o
configure:3860: checking whether we are using the GNU C compiler
configure:3879: gcc -c   conftest.c >&5
configure:3879: $? = 0
configure:3888: result: yes
configure:3897: checking whether gcc accepts -g
configure:3917: gcc -c -g  conftest.c >&5
configure:3917: $? = 0
configure:3958: result: yes
configure:3975: checking for gcc option to accept ISO C89
configure:4039: gcc  -c -g -O2  conftest.c >&5
configure:4039: $? = 0
configure:4052: result: none needed
configure:4074: checking dependency style of gcc
configure:4165: result: gcc3
configure:4181: checking whether gcc and cc understand -c and -o together
configure:4212: gcc -c conftest.c -o conftest2.o >&5
configure:4216: $? = 0
configure:4222: gcc -c conftest.c -o conftest2.o >&5
configure:4226: $? = 0
configure:4237: cc -c conftest.c >&5
configure:4241: $? = 0
configure:4249: cc -c conftest.c -o conftest2.o >&5
configure:4253: $? = 0
configure:4259: cc -c conftest.c -o conftest2.o >&5
configure:4263: $? = 0
configure:4281: result: yes
configure:4364: checking for g++
configure:4380: found /usr/bin/g++
configure:4391: result: g++
configure:4418: checking for C++ compiler version
configure:4427: g++ --version >&5
g++ (Ubuntu/Linaro 4.6.3-1ubuntu5) 4.6.3
Copyright (C) 2011 Free Software Foundation, Inc.
This is free software; see the source for copying conditions.  There is NO
warranty; not even for MERCHANTABILITY or FITNESS FOR A PARTICULAR PURPOSE.

configure:4438: $? = 0
configure:4427: g++ -v >&5
Using built-in specs.
COLLECT_GCC=g++
COLLECT_LTO_WRAPPER=/usr/lib/gcc/arm-linux-gnueabihf/4.6/lto-wrapper
Target: arm-linux-gnueabihf
Configured with: ../src/configure -v --with-pkgversion='Ubuntu/Linaro 4.6.3-1ubuntu5' --with-bugurl=file:///usr/share/doc/gcc-4.6/README.Bugs --enable-languages=c,c++,fortran,objc,obj-c++ --prefix=/usr --program-suffix=-4.6 --enable-shared --enable-linker-build-id --with-system-zlib --libexecdir=/usr/lib --without-included-gettext --enable-threads=posix --with-gxx-include-dir=/usr/include/c++/4.6 --libdir=/usr/lib --enable-nls --with-sysroot=/ --enable-clocale=gnu --enable-libstdcxx-debug --enable-libstdcxx-time=yes --enable-gnu-unique-object --enable-plugin --enable-objc-gc --enable-multilib --disable-sjlj-exceptions --with-arch=armv7-a --with-float=hard --with-fpu=vfpv3-d16 --with-mode=thumb --disable-werror --enable-checking=release --build=arm-linux-gnueabihf --host=arm-linux-gnueabihf --target=arm-linux-gnueabihf
Thread model: posix
gcc version 4.6.3 (Ubuntu/Linaro 4.6.3-1ubuntu5) 
configure:4438: $? = 0
configure:4427: g++ -V >&5
g++: fatal error: no input files
compilation terminated.
configure:4438: $? = 4
configure:4427: g++ -qversion >&5
g++: fatal error: no input files
compilation terminated.
configure:4438: $? = 4
configure:4442: checking whether we are using the GNU C++ compiler
configure:4461: g++ -c   conftest.cpp >&5
configure:4461: $? = 0
configure:4470: result: yes
configure:4479: checking whether g++ accepts -g
configure:4499: g++ -c -g  conftest.cpp >&5
configure:4499: $? = 0
configure:4540: result: yes
configure:4565: checking dependency style of g++
configure:4656: result: gcc3
configure:4681: checking dependency style of gcc
configure:4772: result: gcc3
configure:4831: checking for ar
configure:4847: found /usr/bin/ar
configure:4858: result: ar
configure:4923: checking for ranlib
configure:4939: found /usr/bin/ranlib
configure:4950: result: ranlib
configure:5388: checking for xlc
configure:5405: gcc -c -g -O2  conftest.c >&5
conftest.c: In function 'main':
conftest.c:22:4: error: #error 
configure:5405: $? = 1
configure: failed program was:
| /* confdefs.h */
| #define PACKAGE_NAME "gc"
| #define PACKAGE_TARNAME "gc"
| #define PACKAGE_VERSION "7.2alpha4"
| #define PACKAGE_STRING "gc 7.2alpha4"
| #define PACKAGE_BUGREPORT "Hans.Boehm@hp.com"
| #define PACKAGE_URL ""
| #define GC_VERSION_MAJOR 7
| #define GC_VERSION_MINOR 2
| #define GC_ALPHA_VERSION 4
| #define PACKAGE "gc"
| #define VERSION "7.2alpha4"
| #define GC_LINUX_THREADS 1
| #define _REENTRANT 1
| /* end confdefs.h.  */
| 
| int
| main ()
| {
| 
|  #ifndef __xlC__
|  # error
|  #endif
| 
|   ;
|   return 0;
| }
configure:5411: result: no
configure:5434: checking for dlopen in -ldl
configure:5459: gcc -o conftest -g -O2   conftest.c -ldl   >&5
configure:5459: $? = 0
configure:5468: result: yes
configure:5546: checking whether to build shared libraries
configure:5588: result: yes
configure:5593: checking which machine-dependent code should be used
configure:5651: result: 
configure:5684: checking for a sed that does not truncate output
configure:5748: result: /bin/sed
configure:5766: checking for grep that handles long lines and -e
configure:5824: result: /bin/grep
configure:5829: checking for egrep
configure:5891: result: /bin/grep -E
configure:5896: checking for fgrep
configure:5958: result: /bin/grep -F
configure:5993: checking for ld used by gcc
configure:6060: result: /usr/bin/ld
configure:6067: checking if the linker (/usr/bin/ld) is GNU ld
configure:6082: result: yes
configure:6095: checking for BSD- or MS-compatible name lister (nm)
configure:6144: result: /usr/bin/nm -B
configure:6262: checking the name lister (/usr/bin/nm -B) interface
configure:6269: gcc -c -g -O2  conftest.c >&5
configure:6272: /usr/bin/nm -B "conftest.o"
configure:6275: output
00000000 B some_variable
configure:6282: result: BSD nm
configure:6285: checking whether ln -s works
configure:6289: result: yes
configure:6297: checking the maximum length of command line arguments
configure:6417: result: 1572864
configure:6435: checking whether the shell understands some XSI constructs
configure:6443: result: yes
configure:6447: checking whether the shell understands "+="
configure:6453: result: yes
configure:6488: checking for /usr/bin/ld option to reload object files
configure:6495: result: -r
configure:6522: checking how to recognize dependent libraries
configure:6712: result: pass_all
configure:6772: checking for ar
configure:6799: result: ar
configure:6877: checking for strip
configure:6893: found /usr/bin/strip
configure:6904: result: strip
configure:6976: checking for ranlib
configure:7003: result: ranlib
configure:7093: checking command to parse /usr/bin/nm -B output from gcc object
configure:7211: gcc -c -g -O2  conftest.c >&5
configure:7214: $? = 0
configure:7218: /usr/bin/nm -B conftest.o \| sed -n -e 's/^.*[	 ]\([ABCDGIRSTW][ABCDGIRSTW]*\)[	 ][	 ]*\([_A-Za-z][_A-Za-z0-9]*\)$/\1 \2 \2/p' \> conftest.nm
configure:7221: $? = 0
configure:7275: gcc -o conftest -g -O2   conftest.c conftstm.o >&5
configure:7278: $? = 0
configure:7316: result: ok
configure:7827: checking how to run the C preprocessor
configure:7858: gcc -E  conftest.c
configure:7858: $? = 0
configure:7872: gcc -E  conftest.c
conftest.c:16:28: fatal error: ac_nonexistent.h: No such file or directory
compilation terminated.
configure:7872: $? = 1
configure: failed program was:
| /* confdefs.h */
| #define PACKAGE_NAME "gc"
| #define PACKAGE_TARNAME "gc"
| #define PACKAGE_VERSION "7.2alpha4"
| #define PACKAGE_STRING "gc 7.2alpha4"
| #define PACKAGE_BUGREPORT "Hans.Boehm@hp.com"
| #define PACKAGE_URL ""
| #define GC_VERSION_MAJOR 7
| #define GC_VERSION_MINOR 2
| #define GC_ALPHA_VERSION 4
| #define PACKAGE "gc"
| #define VERSION "7.2alpha4"
| #define GC_LINUX_THREADS 1
| #define _REENTRANT 1
| /* end confdefs.h.  */
| #include <ac_nonexistent.h>
configure:7897: result: gcc -E
configure:7917: gcc -E  conftest.c
configure:7917: $? = 0
configure:7931: gcc -E  conftest.c
conftest.c:16:28: fatal error: ac_nonexistent.h: No such file or directory
compilation terminated.
configure:7931: $? = 1
configure: failed program was:
| /* confdefs.h */
| #define PACKAGE_NAME "gc"
| #define PACKAGE_TARNAME "gc"
| #define PACKAGE_VERSION "7.2alpha4"
| #define PACKAGE_STRING "gc 7.2alpha4"
| #define PACKAGE_BUGREPORT "Hans.Boehm@hp.com"
| #define PACKAGE_URL ""
| #define GC_VERSION_MAJOR 7
| #define GC_VERSION_MINOR 2
| #define GC_ALPHA_VERSION 4
| #define PACKAGE "gc"
| #define VERSION "7.2alpha4"
| #define GC_LINUX_THREADS 1
| #define _REENTRANT 1
| /* end confdefs.h.  */
| #include <ac_nonexistent.h>
configure:7960: checking for ANSI C header files
configure:7980: gcc -c -g -O2  conftest.c >&5
configure:7980: $? = 0
configure:8053: gcc -o conftest -g -O2   conftest.c  >&5
configure:8053: $? = 0
configure:8053: ./conftest
configure:8053: $? = 0
configure:8064: result: yes
configure:8077: checking for sys/types.h
configure:8077: gcc -c -g -O2  conftest.c >&5
configure:8077: $? = 0
configure:8077: result: yes
configure:8077: checking for sys/stat.h
configure:8077: gcc -c -g -O2  conftest.c >&5
configure:8077: $? = 0
configure:8077: result: yes
configure:8077: checking for stdlib.h
configure:8077: gcc -c -g -O2  conftest.c >&5
configure:8077: $? = 0
configure:8077: result: yes
configure:8077: checking for string.h
configure:8077: gcc -c -g -O2  conftest.c >&5
configure:8077: $? = 0
configure:8077: result: yes
configure:8077: checking for memory.h
configure:8077: gcc -c -g -O2  conftest.c >&5
configure:8077: $? = 0
configure:8077: result: yes
configure:8077: checking for strings.h
configure:8077: gcc -c -g -O2  conftest.c >&5
configure:8077: $? = 0
configure:8077: result: yes
configure:8077: checking for inttypes.h
configure:8077: gcc -c -g -O2  conftest.c >&5
configure:8077: $? = 0
configure:8077: result: yes
configure:8077: checking for stdint.h
configure:8077: gcc -c -g -O2  conftest.c >&5
configure:8077: $? = 0
configure:8077: result: yes
configure:8077: checking for unistd.h
configure:8077: gcc -c -g -O2  conftest.c >&5
configure:8077: $? = 0
configure:8077: result: yes
configure:8092: checking for dlfcn.h
configure:8092: gcc -c -g -O2  conftest.c >&5
configure:8092: $? = 0
configure:8092: result: yes
configure:8217: checking for C++ compiler version
configure:8226: g++ --version >&5
g++ (Ubuntu/Linaro 4.6.3-1ubuntu5) 4.6.3
Copyright (C) 2011 Free Software Foundation, Inc.
This is free software; see the source for copying conditions.  There is NO
warranty; not even for MERCHANTABILITY or FITNESS FOR A PARTICULAR PURPOSE.

configure:8237: $? = 0
configure:8226: g++ -v >&5
Using built-in specs.
COLLECT_GCC=g++
COLLECT_LTO_WRAPPER=/usr/lib/gcc/arm-linux-gnueabihf/4.6/lto-wrapper
Target: arm-linux-gnueabihf
Configured with: ../src/configure -v --with-pkgversion='Ubuntu/Linaro 4.6.3-1ubuntu5' --with-bugurl=file:///usr/share/doc/gcc-4.6/README.Bugs --enable-languages=c,c++,fortran,objc,obj-c++ --prefix=/usr --program-suffix=-4.6 --enable-shared --enable-linker-build-id --with-system-zlib --libexecdir=/usr/lib --without-included-gettext --enable-threads=posix --with-gxx-include-dir=/usr/include/c++/4.6 --libdir=/usr/lib --enable-nls --with-sysroot=/ --enable-clocale=gnu --enable-libstdcxx-debug --enable-libstdcxx-time=yes --enable-gnu-unique-object --enable-plugin --enable-objc-gc --enable-multilib --disable-sjlj-exceptions --with-arch=armv7-a --with-float=hard --with-fpu=vfpv3-d16 --with-mode=thumb --disable-werror --enable-checking=release --build=arm-linux-gnueabihf --host=arm-linux-gnueabihf --target=arm-linux-gnueabihf
Thread model: posix
gcc version 4.6.3 (Ubuntu/Linaro 4.6.3-1ubuntu5) 
configure:8237: $? = 0
configure:8226: g++ -V >&5
g++: fatal error: no input files
compilation terminated.
configure:8237: $? = 4
configure:8226: g++ -qversion >&5
g++: fatal error: no input files
compilation terminated.
configure:8237: $? = 4
configure:8241: checking whether we are using the GNU C++ compiler
configure:8269: result: yes
configure:8278: checking whether g++ accepts -g
configure:8339: result: yes
configure:8364: checking dependency style of g++
configure:8455: result: gcc3
configure:8478: checking how to run the C++ preprocessor
configure:8505: g++ -E  conftest.cpp
configure:8505: $? = 0
configure:8519: g++ -E  conftest.cpp
conftest.cpp:27:28: fatal error: ac_nonexistent.h: No such file or directory
compilation terminated.
configure:8519: $? = 1
configure: failed program was:
| /* confdefs.h */
| #define PACKAGE_NAME "gc"
| #define PACKAGE_TARNAME "gc"
| #define PACKAGE_VERSION "7.2alpha4"
| #define PACKAGE_STRING "gc 7.2alpha4"
| #define PACKAGE_BUGREPORT "Hans.Boehm@hp.com"
| #define PACKAGE_URL ""
| #define GC_VERSION_MAJOR 7
| #define GC_VERSION_MINOR 2
| #define GC_ALPHA_VERSION 4
| #define PACKAGE "gc"
| #define VERSION "7.2alpha4"
| #define GC_LINUX_THREADS 1
| #define _REENTRANT 1
| #define STDC_HEADERS 1
| #define HAVE_SYS_TYPES_H 1
| #define HAVE_SYS_STAT_H 1
| #define HAVE_STDLIB_H 1
| #define HAVE_STRING_H 1
| #define HAVE_MEMORY_H 1
| #define HAVE_STRINGS_H 1
| #define HAVE_INTTYPES_H 1
| #define HAVE_STDINT_H 1
| #define HAVE_UNISTD_H 1
| #define HAVE_DLFCN_H 1
| /* end confdefs.h.  */
| #include <ac_nonexistent.h>
configure:8544: result: g++ -E
configure:8564: g++ -E  conftest.cpp
configure:8564: $? = 0
configure:8578: g++ -E  conftest.cpp
conftest.cpp:27:28: fatal error: ac_nonexistent.h: No such file or directory
compilation terminated.
configure:8578: $? = 1
configure: failed program was:
| /* confdefs.h */
| #define PACKAGE_NAME "gc"
| #define PACKAGE_TARNAME "gc"
| #define PACKAGE_VERSION "7.2alpha4"
| #define PACKAGE_STRING "gc 7.2alpha4"
| #define PACKAGE_BUGREPORT "Hans.Boehm@hp.com"
| #define PACKAGE_URL ""
| #define GC_VERSION_MAJOR 7
| #define GC_VERSION_MINOR 2
| #define GC_ALPHA_VERSION 4
| #define PACKAGE "gc"
| #define VERSION "7.2alpha4"
| #define GC_LINUX_THREADS 1
| #define _REENTRANT 1
| #define STDC_HEADERS 1
| #define HAVE_SYS_TYPES_H 1
| #define HAVE_SYS_STAT_H 1
| #define HAVE_STDLIB_H 1
| #define HAVE_STRING_H 1
| #define HAVE_MEMORY_H 1
| #define HAVE_STRINGS_H 1
| #define HAVE_INTTYPES_H 1
| #define HAVE_STDINT_H 1
| #define HAVE_UNISTD_H 1
| #define HAVE_DLFCN_H 1
| /* end confdefs.h.  */
| #include <ac_nonexistent.h>
configure:8754: checking for objdir
configure:8769: result: .libs
configure:9065: checking if gcc supports -fno-rtti -fno-exceptions
configure:9083: gcc -c -g -O2  -fno-rtti -fno-exceptions conftest.c >&5
cc1: warning: command line option '-fno-rtti' is valid for C++/ObjC++ but not for C [enabled by default]
configure:9087: $? = 0
configure:9100: result: no
configure:9120: checking for gcc option to produce PIC
configure:9371: result: -fPIC -DPIC
configure:9383: checking if gcc PIC flag -fPIC -DPIC works
configure:9401: gcc -c -g -O2  -fPIC -DPIC -DPIC conftest.c >&5
configure:9405: $? = 0
configure:9418: result: yes
configure:9442: checking if gcc static flag -static works
configure:9470: result: yes
configure:9485: checking if gcc supports -c -o file.o
configure:9506: gcc -c -g -O2  -o out/conftest2.o conftest.c >&5
configure:9510: $? = 0
configure:9532: result: yes
configure:9540: checking if gcc supports -c -o file.o
configure:9587: result: yes
configure:9620: checking whether the gcc linker (/usr/bin/ld) supports shared libraries
configure:10594: result: yes
configure:10631: checking whether -lc should be explicitly linked in
configure:10636: gcc -c -g -O2  conftest.c >&5
configure:10639: $? = 0
configure:10654: gcc -shared conftest.o  -v -Wl,-soname -Wl,conftest -o conftest 2\>\&1 \| /bin/grep  -lc  \>/dev/null 2\>\&1
configure:10657: $? = 0
configure:10669: result: no
configure:10833: checking dynamic linker characteristics
configure:11261: gcc -o conftest -g -O2   -Wl,-rpath -Wl,/foo conftest.c  >&5
configure:11261: $? = 0
configure:11479: result: GNU/Linux ld.so
configure:11581: checking how to hardcode library paths into programs
configure:11606: result: immediate
configure:12134: checking whether stripping libraries is possible
configure:12139: result: yes
configure:12174: checking if libtool supports shared libraries
configure:12176: result: yes
configure:12179: checking whether to build shared libraries
configure:12200: result: yes
configure:12203: checking whether to build static libraries
configure:12207: result: yes
configure:12357: checking for ld used by g++
configure:12424: result: /usr/bin/ld
configure:12431: checking if the linker (/usr/bin/ld) is GNU ld
configure:12446: result: yes
configure:12501: checking whether the g++ linker (/usr/bin/ld) supports shared libraries
configure:13409: result: yes
configure:13437: g++ -c -g -O2  conftest.cpp >&5
configure:13440: $? = 0
configure:13622: checking for g++ option to produce PIC
configure:13923: result: -fPIC -DPIC
configure:13932: checking if g++ PIC flag -fPIC -DPIC works
configure:13950: g++ -c -g -O2  -fPIC -DPIC -DPIC conftest.cpp >&5
configure:13954: $? = 0
configure:13967: result: yes
configure:13988: checking if g++ static flag -static works
configure:14016: result: yes
configure:14028: checking if g++ supports -c -o file.o
configure:14049: g++ -c -g -O2  -o out/conftest2.o conftest.cpp >&5
configure:14053: $? = 0
configure:14075: result: yes
configure:14080: checking if g++ supports -c -o file.o
configure:14127: result: yes
configure:14157: checking whether the g++ linker (/usr/bin/ld) supports shared libraries
configure:14183: result: yes
configure:14320: checking dynamic linker characteristics
configure:14696: g++ -o conftest -g -O2   -Wl,-rpath -Wl,/foo conftest.cpp  >&5
configure:14696: $? = 0
configure:14914: result: GNU/Linux ld.so
configure:14965: checking how to hardcode library paths into programs
configure:14990: result: immediate
configure:15054: checking sys/dg_sys_info.h usability
configure:15054: gcc -c -g -O2  conftest.c >&5
conftest.c:61:29: fatal error: sys/dg_sys_info.h: No such file or directory
compilation terminated.
configure:15054: $? = 1
configure: failed program was:
| /* confdefs.h */
| #define PACKAGE_NAME "gc"
| #define PACKAGE_TARNAME "gc"
| #define PACKAGE_VERSION "7.2alpha4"
| #define PACKAGE_STRING "gc 7.2alpha4"
| #define PACKAGE_BUGREPORT "Hans.Boehm@hp.com"
| #define PACKAGE_URL ""
| #define GC_VERSION_MAJOR 7
| #define GC_VERSION_MINOR 2
| #define GC_ALPHA_VERSION 4
| #define PACKAGE "gc"
| #define VERSION "7.2alpha4"
| #define GC_LINUX_THREADS 1
| #define _REENTRANT 1
| #define STDC_HEADERS 1
| #define HAVE_SYS_TYPES_H 1
| #define HAVE_SYS_STAT_H 1
| #define HAVE_STDLIB_H 1
| #define HAVE_STRING_H 1
| #define HAVE_MEMORY_H 1
| #define HAVE_STRINGS_H 1
| #define HAVE_INTTYPES_H 1
| #define HAVE_STDINT_H 1
| #define HAVE_UNISTD_H 1
| #define HAVE_DLFCN_H 1
| #define LT_OBJDIR ".libs/"
| /* end confdefs.h.  */
| #include <stdio.h>
| #ifdef HAVE_SYS_TYPES_H
| # include <sys/types.h>
| #endif
| #ifdef HAVE_SYS_STAT_H
| # include <sys/stat.h>
| #endif
| #ifdef STDC_HEADERS
| # include <stdlib.h>
| # include <stddef.h>
| #else
| # ifdef HAVE_STDLIB_H
| #  include <stdlib.h>
| # endif
| #endif
| #ifdef HAVE_STRING_H
| # if !defined STDC_HEADERS && defined HAVE_MEMORY_H
| #  include <memory.h>
| # endif
| # include <string.h>
| #endif
| #ifdef HAVE_STRINGS_H
| # include <strings.h>
| #endif
| #ifdef HAVE_INTTYPES_H
| # include <inttypes.h>
| #endif
| #ifdef HAVE_STDINT_H
| # include <stdint.h>
| #endif
| #ifdef HAVE_UNISTD_H
| # include <unistd.h>
| #endif
| #include <sys/dg_sys_info.h>
configure:15054: result: no
configure:15054: checking sys/dg_sys_info.h presence
configure:15054: gcc -E  conftest.c
conftest.c:28:29: fatal error: sys/dg_sys_info.h: No such file or directory
compilation terminated.
configure:15054: $? = 1
configure: failed program was:
| /* confdefs.h */
| #define PACKAGE_NAME "gc"
| #define PACKAGE_TARNAME "gc"
| #define PACKAGE_VERSION "7.2alpha4"
| #define PACKAGE_STRING "gc 7.2alpha4"
| #define PACKAGE_BUGREPORT "Hans.Boehm@hp.com"
| #define PACKAGE_URL ""
| #define GC_VERSION_MAJOR 7
| #define GC_VERSION_MINOR 2
| #define GC_ALPHA_VERSION 4
| #define PACKAGE "gc"
| #define VERSION "7.2alpha4"
| #define GC_LINUX_THREADS 1
| #define _REENTRANT 1
| #define STDC_HEADERS 1
| #define HAVE_SYS_TYPES_H 1
| #define HAVE_SYS_STAT_H 1
| #define HAVE_STDLIB_H 1
| #define HAVE_STRING_H 1
| #define HAVE_MEMORY_H 1
| #define HAVE_STRINGS_H 1
| #define HAVE_INTTYPES_H 1
| #define HAVE_STDINT_H 1
| #define HAVE_UNISTD_H 1
| #define HAVE_DLFCN_H 1
| #define LT_OBJDIR ".libs/"
| /* end confdefs.h.  */
| #include <sys/dg_sys_info.h>
configure:15054: result: no
configure:15054: checking for sys/dg_sys_info.h
configure:15054: result: no
configure:15098: checking whether Solaris gcc optimization fix is necessary
configure:15121: result: no
configure:15388: checking atomic_ops.h usability
configure:15388: gcc -c -g -O2  conftest.c >&5
conftest.c:67:24: fatal error: atomic_ops.h: No such file or directory
compilation terminated.
configure:15388: $? = 1
configure: failed program was:
| /* confdefs.h */
| #define PACKAGE_NAME "gc"
| #define PACKAGE_TARNAME "gc"
| #define PACKAGE_VERSION "7.2alpha4"
| #define PACKAGE_STRING "gc 7.2alpha4"
| #define PACKAGE_BUGREPORT "Hans.Boehm@hp.com"
| #define PACKAGE_URL ""
| #define GC_VERSION_MAJOR 7
| #define GC_VERSION_MINOR 2
| #define GC_ALPHA_VERSION 4
| #define PACKAGE "gc"
| #define VERSION "7.2alpha4"
| #define GC_LINUX_THREADS 1
| #define _REENTRANT 1
| #define STDC_HEADERS 1
| #define HAVE_SYS_TYPES_H 1
| #define HAVE_SYS_STAT_H 1
| #define HAVE_STDLIB_H 1
| #define HAVE_STRING_H 1
| #define HAVE_MEMORY_H 1
| #define HAVE_STRINGS_H 1
| #define HAVE_INTTYPES_H 1
| #define HAVE_STDINT_H 1
| #define HAVE_UNISTD_H 1
| #define HAVE_DLFCN_H 1
| #define LT_OBJDIR ".libs/"
| #define NO_EXECUTE_PERMISSION 1
| #define ALL_INTERIOR_POINTERS 1
| #define GC_GCJ_SUPPORT 1
| #define JAVA_FINALIZATION 1
| #define ATOMIC_UNCOLLECTABLE 1
| #define LARGE_CONFIG 1
| /* end confdefs.h.  */
| #include <stdio.h>
| #ifdef HAVE_SYS_TYPES_H
| # include <sys/types.h>
| #endif
| #ifdef HAVE_SYS_STAT_H
| # include <sys/stat.h>
| #endif
| #ifdef STDC_HEADERS
| # include <stdlib.h>
| # include <stddef.h>
| #else
| # ifdef HAVE_STDLIB_H
| #  include <stdlib.h>
| # endif
| #endif
| #ifdef HAVE_STRING_H
| # if !defined STDC_HEADERS && defined HAVE_MEMORY_H
| #  include <memory.h>
| # endif
| # include <string.h>
| #endif
| #ifdef HAVE_STRINGS_H
| # include <strings.h>
| #endif
| #ifdef HAVE_INTTYPES_H
| # include <inttypes.h>
| #endif
| #ifdef HAVE_STDINT_H
| # include <stdint.h>
| #endif
| #ifdef HAVE_UNISTD_H
| # include <unistd.h>
| #endif
| #include <atomic_ops.h>
configure:15388: result: no
configure:15388: checking atomic_ops.h presence
configure:15388: gcc -E  conftest.c
conftest.c:34:24: fatal error: atomic_ops.h: No such file or directory
compilation terminated.
configure:15388: $? = 1
configure: failed program was:
| /* confdefs.h */
| #define PACKAGE_NAME "gc"
| #define PACKAGE_TARNAME "gc"
| #define PACKAGE_VERSION "7.2alpha4"
| #define PACKAGE_STRING "gc 7.2alpha4"
| #define PACKAGE_BUGREPORT "Hans.Boehm@hp.com"
| #define PACKAGE_URL ""
| #define GC_VERSION_MAJOR 7
| #define GC_VERSION_MINOR 2
| #define GC_ALPHA_VERSION 4
| #define PACKAGE "gc"
| #define VERSION "7.2alpha4"
| #define GC_LINUX_THREADS 1
| #define _REENTRANT 1
| #define STDC_HEADERS 1
| #define HAVE_SYS_TYPES_H 1
| #define HAVE_SYS_STAT_H 1
| #define HAVE_STDLIB_H 1
| #define HAVE_STRING_H 1
| #define HAVE_MEMORY_H 1
| #define HAVE_STRINGS_H 1
| #define HAVE_INTTYPES_H 1
| #define HAVE_STDINT_H 1
| #define HAVE_UNISTD_H 1
| #define HAVE_DLFCN_H 1
| #define LT_OBJDIR ".libs/"
| #define NO_EXECUTE_PERMISSION 1
| #define ALL_INTERIOR_POINTERS 1
| #define GC_GCJ_SUPPORT 1
| #define JAVA_FINALIZATION 1
| #define ATOMIC_UNCOLLECTABLE 1
| #define LARGE_CONFIG 1
| /* end confdefs.h.  */
| #include <atomic_ops.h>
configure:15388: result: no
configure:15388: checking for atomic_ops.h
configure:15388: result: no
configure:15402: checking which libatomic_ops to use
configure:15412: result: bundled
configure:15620: creating ./config.status

## ---------------------- ##
## Running config.status. ##
## ---------------------- ##

This file was extended by gc config.status 7.2alpha4, which was
generated by GNU Autoconf 2.64.  Invocation command line was

  CONFIG_FILES    = 
  CONFIG_HEADERS  = 
  CONFIG_LINKS    = 
  CONFIG_COMMANDS = 
  $ ./config.status 

on vader-rover

config.status:1179: creating Makefile
config.status:1179: creating bdw-gc.pc
config.status:1179: creating include/private/config.h
config.status:1399: executing depfiles commands
config.status:1399: executing libtool commands
config.status:1399: executing default commands
configure:18113: === configuring in libatomic_ops (/root/pkg/gc-7.2alpha4/libatomic_ops)
configure:18176: running /bin/bash ./configure --disable-option-checking '--prefix=/usr/local'  '--enable-option-checking' '--enable-large-config' '--enable-threads=pthreads' --cache-file=/dev/null --srcdir=.

## ---------------- ##
## Cache variables. ##
## ---------------- ##

ac_cv_build=armv7l-unknown-linux-gnueabi
ac_cv_c_compiler_gnu=yes
ac_cv_cxx_compiler_gnu=yes
ac_cv_env_CCASFLAGS_set=
ac_cv_env_CCASFLAGS_value=
ac_cv_env_CCAS_set=
ac_cv_env_CCAS_value=
ac_cv_env_CCC_set=
ac_cv_env_CCC_value=
ac_cv_env_CC_set=
ac_cv_env_CC_value=
ac_cv_env_CFLAGS_set=
ac_cv_env_CFLAGS_value=
ac_cv_env_CPPFLAGS_set=
ac_cv_env_CPPFLAGS_value=
ac_cv_env_CPP_set=
ac_cv_env_CPP_value=
ac_cv_env_CXXCPP_set=
ac_cv_env_CXXCPP_value=
ac_cv_env_CXXFLAGS_set=
ac_cv_env_CXXFLAGS_value=
ac_cv_env_CXX_set=
ac_cv_env_CXX_value=
ac_cv_env_LDFLAGS_set=
ac_cv_env_LDFLAGS_value=
ac_cv_env_LIBS_set=
ac_cv_env_LIBS_value=
ac_cv_env_build_alias_set=
ac_cv_env_build_alias_value=
ac_cv_env_host_alias_set=
ac_cv_env_host_alias_value=
ac_cv_env_target_alias_set=
ac_cv_env_target_alias_value=
ac_cv_header_atomic_ops_h=no
ac_cv_header_dlfcn_h=yes
ac_cv_header_inttypes_h=yes
ac_cv_header_memory_h=yes
ac_cv_header_stdc=yes
ac_cv_header_stdint_h=yes
ac_cv_header_stdlib_h=yes
ac_cv_header_string_h=yes
ac_cv_header_strings_h=yes
ac_cv_header_sys_dg_sys_info_h=no
ac_cv_header_sys_stat_h=yes
ac_cv_header_sys_types_h=yes
ac_cv_header_unistd_h=yes
ac_cv_host=armv7l-unknown-linux-gnueabi
ac_cv_lib_dl_dlopen=yes
ac_cv_objext=o
ac_cv_path_EGREP='/bin/grep -E'
ac_cv_path_FGREP='/bin/grep -F'
ac_cv_path_GREP=/bin/grep
ac_cv_path_SED=/bin/sed
ac_cv_path_install='/usr/bin/install -c'
ac_cv_path_mkdir=/bin/mkdir
ac_cv_prog_AWK=mawk
ac_cv_prog_CPP='gcc -E'
ac_cv_prog_CXXCPP='g++ -E'
ac_cv_prog_ac_ct_AR=ar
ac_cv_prog_ac_ct_CC=gcc
ac_cv_prog_ac_ct_CXX=g++
ac_cv_prog_ac_ct_RANLIB=ranlib
ac_cv_prog_ac_ct_STRIP=strip
ac_cv_prog_cc_c89=
ac_cv_prog_cc_g=yes
ac_cv_prog_cc_gcc_c_o=yes
ac_cv_prog_cxx_g=yes
ac_cv_prog_make_make_set=yes
ac_cv_target=armv7l-unknown-linux-gnueabi
am_cv_CCAS_dependencies_compiler_type=gcc3
am_cv_CC_dependencies_compiler_type=gcc3
am_cv_CXX_dependencies_compiler_type=gcc3
lt_cv_deplibs_check_method=pass_all
lt_cv_file_magic_cmd='$MAGIC_CMD'
lt_cv_file_magic_test_file=
lt_cv_ld_reload_flag=-r
lt_cv_nm_interface='BSD nm'
lt_cv_objdir=.libs
lt_cv_path_LD=/usr/bin/ld
lt_cv_path_LDCXX=/usr/bin/ld
lt_cv_path_NM='/usr/bin/nm -B'
lt_cv_prog_compiler_c_o=yes
lt_cv_prog_compiler_c_o_CXX=yes
lt_cv_prog_compiler_pic_works=yes
lt_cv_prog_compiler_pic_works_CXX=yes
lt_cv_prog_compiler_rtti_exceptions=no
lt_cv_prog_compiler_static_works=yes
lt_cv_prog_compiler_static_works_CXX=yes
lt_cv_prog_gnu_ld=yes
lt_cv_prog_gnu_ldcxx=yes
lt_cv_sys_global_symbol_pipe='sed -n -e '\''s/^.*[	 ]\([ABCDGIRSTW][ABCDGIRSTW]*\)[	 ][	 ]*\([_A-Za-z][_A-Za-z0-9]*\)$/\1 \2 \2/p'\'''
lt_cv_sys_global_symbol_to_c_name_address='sed -n -e '\''s/^: \([^ ]*\) $/  {\"\1\", (void *) 0},/p'\'' -e '\''s/^[ABCDGIRSTW]* \([^ ]*\) \([^ ]*\)$/  {"\2", (void *) \&\2},/p'\'''
lt_cv_sys_global_symbol_to_c_name_address_lib_prefix='sed -n -e '\''s/^: \([^ ]*\) $/  {\"\1\", (void *) 0},/p'\'' -e '\''s/^[ABCDGIRSTW]* \([^ ]*\) \(lib[^ ]*\)$/  {"\2", (void *) \&\2},/p'\'' -e '\''s/^[ABCDGIRSTW]* \([^ ]*\) \([^ ]*\)$/  {"lib\2", (void *) \&\2},/p'\'''
lt_cv_sys_global_symbol_to_cdecl='sed -n -e '\''s/^T .* \(.*\)$/extern int \1();/p'\'' -e '\''s/^[ABCDGIRSTW]* .* \(.*\)$/extern char \1;/p'\'''
lt_cv_sys_max_cmd_len=1572864

## ----------------- ##
## Output variables. ##
## ----------------- ##

ACLOCAL='${SHELL} /root/pkg/gc-7.2alpha4/missing --run aclocal-1.10'
AMDEPBACKSLASH='\'
AMDEP_FALSE='#'
AMDEP_TRUE=''
AMTAR='${SHELL} /root/pkg/gc-7.2alpha4/missing --run tar'
AR='ar'
ATOMIC_OPS_LIBS=''
AUTOCONF='${SHELL} /root/pkg/gc-7.2alpha4/missing --run autoconf'
AUTOHEADER='${SHELL} /root/pkg/gc-7.2alpha4/missing --run autoheader'
AUTOMAKE='${SHELL} /root/pkg/gc-7.2alpha4/missing --run automake-1.10'
AVOID_CPP_LIB_FALSE=''
AVOID_CPP_LIB_TRUE='#'
AWK='mawk'
CC='gcc'
CCAS='gcc'
CCASDEPMODE='depmode=gcc3'
CCASFLAGS='-g -O2'
CCDEPMODE='depmode=gcc3'
CFLAGS='-g -O2'
COMPILER_XLC_FALSE=''
COMPILER_XLC_TRUE='#'
CPLUSPLUS_FALSE=''
CPLUSPLUS_TRUE='#'
CPP='gcc -E'
CPPFLAGS=''
CXX='g++'
CXXCPP='g++ -E'
CXXDEPMODE='depmode=gcc3'
CXXFLAGS='-g -O2'
CXXINCLUDES=''
CYGPATH_W='echo'
DARWIN_THREADS_FALSE=''
DARWIN_THREADS_TRUE='#'
DEFS='-DHAVE_CONFIG_H'
DEPDIR='.deps'
DSYMUTIL=''
DUMPBIN=''
ECHO_C=''
ECHO_N='-n'
ECHO_T=''
EGREP='/bin/grep -E'
ENABLE_GCJ_SUPPORT_FALSE='#'
ENABLE_GCJ_SUPPORT_TRUE=''
EXEEXT=''
EXTRA_TEST_LIBS=''
FGREP='/bin/grep -F'
GC_CFLAGS=' -fexceptions'
GC_VERSION=''
GREP='/bin/grep'
INCLUDES=''
INSTALL_DATA='${INSTALL} -m 644'
INSTALL_PROGRAM='${INSTALL}'
INSTALL_SCRIPT='${INSTALL}'
INSTALL_STRIP_PROGRAM='$(install_sh) -c -s'
KEEP_BACK_PTRS_FALSE=''
KEEP_BACK_PTRS_TRUE='#'
LD='/usr/bin/ld'
LDFLAGS=''
LIBOBJS=''
LIBS=''
LIBTOOL='$(SHELL) $(top_builddir)/libtool'
LN_S='ln -s'
LTLIBOBJS=''
MAINT='#'
MAINTAINER_MODE_FALSE=''
MAINTAINER_MODE_TRUE='#'
MAKEINFO='${SHELL} /root/pkg/gc-7.2alpha4/missing --run makeinfo'
MKDIR_P='/bin/mkdir -p'
NEED_ATOMIC_OPS_ASM_FALSE=''
NEED_ATOMIC_OPS_ASM_TRUE='#'
NM='/usr/bin/nm -B'
NMEDIT=''
OBJEXT='o'
OPENBSD_THREADS_FALSE=''
OPENBSD_THREADS_TRUE='#'
PACKAGE='gc'
PACKAGE_BUGREPORT='Hans.Boehm@hp.com'
PACKAGE_NAME='gc'
PACKAGE_STRING='gc 7.2alpha4'
PACKAGE_TARNAME='gc'
PACKAGE_URL=''
PACKAGE_VERSION='7.2alpha4'
PATH_SEPARATOR=':'
PTHREADS_FALSE='#'
PTHREADS_TRUE=''
RANLIB='ranlib'
SED='/bin/sed'
SET_MAKE=''
SHELL='/bin/bash'
STRIP='strip'
THREADDLLIBS='-lpthread -ldl'
THREADS_FALSE='#'
THREADS_TRUE=''
UNWINDLIBS=''
USE_INTERNAL_LIBATOMIC_OPS_FALSE='#'
USE_INTERNAL_LIBATOMIC_OPS_TRUE=''
USE_LIBDIR_FALSE='#'
USE_LIBDIR_TRUE=''
VERSION='7.2alpha4'
WIN32_THREADS_FALSE=''
WIN32_THREADS_TRUE='#'
ac_ct_CC='gcc'
ac_ct_CXX='g++'
ac_ct_DUMPBIN=''
addlibs=''
addobjs=' mach_dep.lo'
am__fastdepCCAS_FALSE='#'
am__fastdepCCAS_TRUE=''
am__fastdepCC_FALSE='#'
am__fastdepCC_TRUE=''
am__fastdepCXX_FALSE='#'
am__fastdepCXX_TRUE=''
am__include='include'
am__isrc=''
am__leading_dot='.'
am__quote=''
am__tar='${AMTAR} chof - "$$tardir"'
am__untar='${AMTAR} xf -'
bindir='${exec_prefix}/bin'
build='armv7l-unknown-linux-gnueabi'
build_alias=''
build_cpu='armv7l'
build_os='linux-gnueabi'
build_vendor='unknown'
datadir='${datarootdir}'
datarootdir='${prefix}/share'
docdir='${datarootdir}/doc/${PACKAGE_TARNAME}'
dvidir='${docdir}'
exec_prefix='${prefix}'
extra_ldflags_libgc=''
host='armv7l-unknown-linux-gnueabi'
host_alias=''
host_cpu='armv7l'
host_os='linux-gnueabi'
host_vendor='unknown'
htmldir='${docdir}'
includedir='${prefix}/include'
infodir='${datarootdir}/info'
install_sh='$(SHELL) /root/pkg/gc-7.2alpha4/install-sh'
libdir='${exec_prefix}/lib'
libexecdir='${exec_prefix}/libexec'
localedir='${datarootdir}/locale'
localstatedir='${prefix}/var'
lt_ECHO='echo'
mandir='${datarootdir}/man'
mkdir_p='/bin/mkdir -p'
oldincludedir='/usr/include'
pdfdir='${docdir}'
prefix='/usr/local'
program_transform_name='s,x,x,'
psdir='${docdir}'
sbindir='${exec_prefix}/sbin'
sharedstatedir='${prefix}/com'
subdirs=' libatomic_ops'
sysconfdir='${prefix}/etc'
target='armv7l-unknown-linux-gnueabi'
target_alias=''
target_all='libgc.la'
target_cpu='armv7l'
target_os='linux-gnueabi'
target_vendor='unknown'

## ----------- ##
## confdefs.h. ##
## ----------- ##

/* confdefs.h */
#define PACKAGE_NAME "gc"
#define PACKAGE_TARNAME "gc"
#define PACKAGE_VERSION "7.2alpha4"
#define PACKAGE_STRING "gc 7.2alpha4"
#define PACKAGE_BUGREPORT "Hans.Boehm@hp.com"
#define PACKAGE_URL ""
#define GC_VERSION_MAJOR 7
#define GC_VERSION_MINOR 2
#define GC_ALPHA_VERSION 4
#define PACKAGE "gc"
#define VERSION "7.2alpha4"
#define GC_LINUX_THREADS 1
#define _REENTRANT 1
#define STDC_HEADERS 1
#define HAVE_SYS_TYPES_H 1
#define HAVE_SYS_STAT_H 1
#define HAVE_STDLIB_H 1
#define HAVE_STRING_H 1
#define HAVE_MEMORY_H 1
#define HAVE_STRINGS_H 1
#define HAVE_INTTYPES_H 1
#define HAVE_STDINT_H 1
#define HAVE_UNISTD_H 1
#define HAVE_DLFCN_H 1
#define LT_OBJDIR ".libs/"
#define NO_EXECUTE_PERMISSION 1
#define ALL_INTERIOR_POINTERS 1
#define GC_GCJ_SUPPORT 1
#define JAVA_FINALIZATION 1
#define ATOMIC_UNCOLLECTABLE 1
#define LARGE_CONFIG 1

configure: exit 0
