rm -f config.status
creating cache ./config.cache
checking whether make sets ${MAKE}... yes
checking for a BSD compatible install... /usr/bin/install -c
checking for emacs... /usr/bin/emacs
checking where .elc files should go... $(prefix)/share/emacs/site-lisp
checking for makeinfo... no
updating cache ./config.cache
creating ./config.status
creating Makefile
rm -f core `find . \( -name '*.orig' -o -name '*.rej' -o -name '*~' \
	       -o -name '*.bak' -o -name '#*#' -o -name '.*.orig' \
	       -o -name '.*.rej' -o -name '.SUMS' -o -size 0 \) -print` TAGS
rm -f *.elc ;
emacs23 -batch -q -no-site-file -l ./psgml-maint.el -f psgml-compile-files

In toplevel form:
psgml.el:729:1:Warning: !! The file uses old-style backquotes !!
This functionality has been obsolete for more than 10 years already
and will be removed soon.  See (elisp)Backquote in the manual.
psgml.el:1046:1:Warning: !! The file uses old-style backquotes !!
This functionality has been obsolete for more than 10 years already
and will be removed soon.  See (elisp)Backquote in the manual.
psgml.el:1052:1:Warning: !! The file uses old-style backquotes !!
This functionality has been obsolete for more than 10 years already
and will be removed soon.  See (elisp)Backquote in the manual.

In sgml-mode:
psgml.el:1226:52:Warning: assignment to free variable `which-func-format'
psgml.el:1238:4:Warning: `make-local-hook' is an obsolete function (as of
    Emacs 21.1); not necessary any more.
psgml.el:1240:11:Warning: `make-local-hook' is an obsolete function (as of
    Emacs 21.1); not necessary any more.
Wrote /usr/share/emacs/site-lisp/psgml/psgml.elc
Loading `psgml-parse': old-style backquotes detected!

In toplevel form:
psgml-parse.el:333:1:Warning: !! The file uses old-style backquotes !!
This functionality has been obsolete for more than 10 years already
and will be removed soon.  See (elisp)Backquote in the manual.
psgml-parse.el:343:1:Warning: !! The file uses old-style backquotes !!
This functionality has been obsolete for more than 10 years already
and will be removed soon.  See (elisp)Backquote in the manual.
psgml-parse.el:435:1:Warning: !! The file uses old-style backquotes !!
This functionality has been obsolete for more than 10 years already
and will be removed soon.  See (elisp)Backquote in the manual.
psgml-parse.el:438:1:Warning: !! The file uses old-style backquotes !!
This functionality has been obsolete for more than 10 years already
and will be removed soon.  See (elisp)Backquote in the manual.
psgml-parse.el:441:1:Warning: !! The file uses old-style backquotes !!
This functionality has been obsolete for more than 10 years already
and will be removed soon.  See (elisp)Backquote in the manual.
psgml-parse.el:446:1:Warning: !! The file uses old-style backquotes !!
This functionality has been obsolete for more than 10 years already
and will be removed soon.  See (elisp)Backquote in the manual.
psgml-parse.el:449:1:Warning: !! The file uses old-style backquotes !!
This functionality has been obsolete for more than 10 years already
and will be removed soon.  See (elisp)Backquote in the manual.
psgml-parse.el:457:1:Warning: !! The file uses old-style backquotes !!
This functionality has been obsolete for more than 10 years already
and will be removed soon.  See (elisp)Backquote in the manual.
psgml-parse.el:460:1:Warning: !! The file uses old-style backquotes !!
This functionality has been obsolete for more than 10 years already
and will be removed soon.  See (elisp)Backquote in the manual.
psgml-parse.el:463:1:Warning: !! The file uses old-style backquotes !!
This functionality has been obsolete for more than 10 years already
and will be removed soon.  See (elisp)Backquote in the manual.
psgml-parse.el:466:1:Warning: !! The file uses old-style backquotes !!
This functionality has been obsolete for more than 10 years already
and will be removed soon.  See (elisp)Backquote in the manual.
psgml-parse.el:514:1:Warning: !! The file uses old-style backquotes !!
This functionality has been obsolete for more than 10 years already
and will be removed soon.  See (elisp)Backquote in the manual.
psgml-parse.el:517:1:Warning: !! The file uses old-style backquotes !!
This functionality has been obsolete for more than 10 years already
and will be removed soon.  See (elisp)Backquote in the manual.
psgml-parse.el:907:1:Warning: !! The file uses old-style backquotes !!
This functionality has been obsolete for more than 10 years already
and will be removed soon.  See (elisp)Backquote in the manual.
psgml-parse.el:926:1:Warning: !! The file uses old-style backquotes !!
This functionality has been obsolete for more than 10 years already
and will be removed soon.  See (elisp)Backquote in the manual.
psgml-parse.el:970:1:Warning: !! The file uses old-style backquotes !!
This functionality has been obsolete for more than 10 years already
and will be removed soon.  See (elisp)Backquote in the manual.
psgml-parse.el:1065:1:Warning: !! The file uses old-style backquotes !!
This functionality has been obsolete for more than 10 years already
and will be removed soon.  See (elisp)Backquote in the manual.
psgml-parse.el:1412:1:Warning: !! The file uses old-style backquotes !!
This functionality has been obsolete for more than 10 years already
and will be removed soon.  See (elisp)Backquote in the manual.
psgml-parse.el:1473:1:Warning: !! The file uses old-style backquotes !!
This functionality has been obsolete for more than 10 years already
and will be removed soon.  See (elisp)Backquote in the manual.
psgml-parse.el:1482:1:Warning: !! The file uses old-style backquotes !!
This functionality has been obsolete for more than 10 years already
and will be removed soon.  See (elisp)Backquote in the manual.
psgml-parse.el:1485:1:Warning: !! The file uses old-style backquotes !!
This functionality has been obsolete for more than 10 years already
and will be removed soon.  See (elisp)Backquote in the manual.
psgml-parse.el:1488:1:Warning: !! The file uses old-style backquotes !!
This functionality has been obsolete for more than 10 years already
and will be removed soon.  See (elisp)Backquote in the manual.
psgml-parse.el:1527:1:Warning: !! The file uses old-style backquotes !!
This functionality has been obsolete for more than 10 years already
and will be removed soon.  See (elisp)Backquote in the manual.
psgml-parse.el:1532:1:Warning: !! The file uses old-style backquotes !!
This functionality has been obsolete for more than 10 years already
and will be removed soon.  See (elisp)Backquote in the manual.
psgml-parse.el:1553:1:Warning: !! The file uses old-style backquotes !!
This functionality has been obsolete for more than 10 years already
and will be removed soon.  See (elisp)Backquote in the manual.
psgml-parse.el:1698:1:Warning: !! The file uses old-style backquotes !!
This functionality has been obsolete for more than 10 years already
and will be removed soon.  See (elisp)Backquote in the manual.
psgml-parse.el:1830:1:Warning: !! The file uses old-style backquotes !!
This functionality has been obsolete for more than 10 years already
and will be removed soon.  See (elisp)Backquote in the manual.
psgml-parse.el:2737:1:Warning: !! The file uses old-style backquotes !!
This functionality has been obsolete for more than 10 years already
and will be removed soon.  See (elisp)Backquote in the manual.
psgml-parse.el:2781:1:Warning: !! The file uses old-style backquotes !!
This functionality has been obsolete for more than 10 years already
and will be removed soon.  See (elisp)Backquote in the manual.
psgml-parse.el:3509:1:Warning: !! The file uses old-style backquotes !!
This functionality has been obsolete for more than 10 years already
and will be removed soon.  See (elisp)Backquote in the manual.
Wrote /usr/share/emacs/site-lisp/psgml/psgml-parse.elc

In sgml-kill-markup:
psgml-edit.el:247:4:Warning: value returned from (/= 0 (skip-chars-forward " 	
")) is unused
psgml-edit.el:247:4:Warning: value returned from (= 0 (skip-chars-forward " 	
")) is unused
psgml-edit.el:247:4:Warning: value returned from (= (skip-chars-forward " 	
") 0) is unused

In sgml-make-character-reference:
psgml-edit.el:1873:15:Warning: `string-to-int' is an obsolete function (as of
    Emacs 22.1); use `string-to-number' instead.

In sgml-edit-external-entity:
psgml-edit.el:1978:64:Warning: `save-excursion' defeated by `set-buffer'
psgml-edit.el:1977:24:Warning: `process-kill-without-query' is an obsolete
    function (as of Emacs 22.1); use `process-query-on-exit-flag' or
    `set-process-query-on-exit-flag'.

In sgml-append-to-help-buffer:
psgml-edit.el:2177:36:Warning: `save-excursion' defeated by `set-buffer'

In sgml-show-structure:
psgml-edit.el:2412:6:Warning: `save-excursion' defeated by `set-buffer'
Wrote /usr/share/emacs/site-lisp/psgml/psgml-edit.elc

In toplevel form:
psgml-dtd.el:93:1:Warning: !! The file uses old-style backquotes !!
This functionality has been obsolete for more than 10 years already
and will be removed soon.  See (elisp)Backquote in the manual.

In sgml-parse-character-reference:
psgml-dtd.el:282:19:Warning: `string-to-int' is an obsolete function (as of
    Emacs 22.1); use `string-to-number' instead.

In sgml-parse-entity-type:
psgml-dtd.el:646:8:Warning: value returned from (/= 0 (skip-chars-forward " 	
")) is unused
psgml-dtd.el:646:8:Warning: value returned from (= 0 (skip-chars-forward " 	
")) is unused
psgml-dtd.el:646:8:Warning: value returned from (= (skip-chars-forward " 	
") 0) is unused
psgml-dtd.el:646:8:Warning: value returned from (= (skip-chars-forward " 	
") 0) is unused
psgml-dtd.el:646:8:Warning: value returned from (= (skip-chars-forward " 	
") 0) is unused
psgml-dtd.el:881:1:Warning: !! The file uses old-style backquotes !!
This functionality has been obsolete for more than 10 years already
and will be removed soon.  See (elisp)Backquote in the manual.
Wrote /usr/share/emacs/site-lisp/psgml/psgml-dtd.elc

In html-mode:
psgml-html.el:251:56:Warning: reference to free variable `sgml-data-directory'
psgml-html.el:256:9:Warning: assignment to free variable
    `sgml-inhibit-indent-tags'
psgml-html.el:280:35:Warning: reference to free variable
    `html-font-lock-keywords'
psgml-html.el:280:35:Warning: assignment to free variable
    `font-lock-no-comments'
psgml-html.el:299:46:Warning: reference to free variable
    `psgml-html-completion-finder'
psgml-html.el:306:9:Warning: assignment to free variable `sgml-menu-name'
psgml-html.el:307:18:Warning: reference to free variable `sgml-html-menu'

In psgml-html-add-type-to-alist:
psgml-html.el:345:42:Warning: variable assignment to constant
    `psgml-html-type-alist'
psgml-html.el:348:2:Warning: `mapcar' called for effect; use `mapc' or
    `dolist' instead

In psgml-html-install-type:
psgml-html.el:373:47:Warning: variable assignment to constant
    `psgml-html-installed-types'
psgml-html.el:388:2:Warning: `mapcar' called for effect; use `mapc' or
    `dolist' instead
psgml-html.el:452:2:Warning: `mapcar' called for effect; use `mapc' or
    `dolist' instead

In psgml-html-expert-menu:
psgml-html.el:646:6:Warning: `mapcar' called for effect; use `mapc' or
    `dolist' instead

In mail-address-at-point:
psgml-html.el:906:15:Warning: `save-excursion' defeated by `set-buffer'

In end of data:
psgml-html.el:989:1:Warning: the following functions are not known to be
    defined: delete-menu-item, tempo-template-html-definition-item,
    tempo-template-html-list-item, hilit-set-mode-patterns,
    next-command-event, event-closest-point, event-buffer,
    tempo-template-html-skeleton, highlight-headers-follow-url-netscape,
    highlight-headers-follow-url-kfm
Wrote /usr/share/emacs/site-lisp/psgml/psgml-html.elc
Wrote /usr/share/emacs/site-lisp/psgml/psgml-info.elc
Wrote /usr/share/emacs/site-lisp/psgml/psgml-charent.elc
Wrote /usr/share/emacs/site-lisp/psgml/psgml-api.elc
Wrote /usr/share/emacs/site-lisp/psgml/psgml-sysdep.elc
Wrote /usr/share/emacs/site-lisp/psgml/psgml-ids.elc
Wrote /usr/share/emacs/site-lisp/psgml/psgml-other.elc
Done compiling
install -m 644 psgml-api.elc /usr/share/emacs23/site-lisp/psgml
install -m 644 psgml-charent.elc /usr/share/emacs23/site-lisp/psgml
install -m 644 psgml-dtd.elc /usr/share/emacs23/site-lisp/psgml
install -m 644 psgml-edit.elc /usr/share/emacs23/site-lisp/psgml
install -m 644 psgml-html.elc /usr/share/emacs23/site-lisp/psgml
install -m 644 psgml-ids.elc /usr/share/emacs23/site-lisp/psgml
install -m 644 psgml-info.elc /usr/share/emacs23/site-lisp/psgml
install -m 644 psgml-other.elc /usr/share/emacs23/site-lisp/psgml
install -m 644 psgml-parse.elc /usr/share/emacs23/site-lisp/psgml
install -m 644 psgml-sysdep.elc /usr/share/emacs23/site-lisp/psgml
install -m 644 psgml.elc /usr/share/emacs23/site-lisp/psgml
rm -f core `find . \( -name '*.orig' -o -name '*.rej' -o -name '*~' \
	       -o -name '*.bak' -o -name '#*#' -o -name '.*.orig' \
	       -o -name '.*.rej' -o -name '.SUMS' -o -size 0 \) -print` TAGS
rm -f *.elc ;
