mkdir -p bin
cd build && cmake -Wdev -DCMAKE_TOOLCHAIN_FILE=/root/ros_core_ws/install/share/ros/core/rosbuild/rostoolchain.cmake  ..
-- The C compiler identification is GNU
-- The CXX compiler identification is GNU
-- Check for working C compiler: /usr/bin/gcc
-- Check for working C compiler: /usr/bin/gcc -- works
-- Detecting C compiler ABI info
-- Detecting C compiler ABI info - done
-- Check for working CXX compiler: /usr/bin/c++
-- Check for working CXX compiler: /usr/bin/c++ -- works
-- Detecting CXX compiler ABI info
-- Detecting CXX compiler ABI info - done
-- Found PythonInterp: /usr/bin/python (found version "2.7.3")
[rosbuild] Building package angles
[rosbuild] Cached build flags older than manifests; calling rospack to get flags
-- Using CATKIN_DEVEL_PREFIX: /root/ros/geometry/angles/build/devel
-- Using CMAKE_PREFIX_PATH: /root/ros_core_ws/install
-- This workspace overlays: /root/ros_core_ws/install
-- Looking for include files CMAKE_HAVE_PTHREAD_H
-- Looking for include files CMAKE_HAVE_PTHREAD_H - found
-- Looking for pthread_create in pthreads
-- Looking for pthread_create in pthreads - not found
-- Looking for pthread_create in pthread
-- Looking for pthread_create in pthread - found
-- Found Threads: TRUE 
-- Found gtest sources under '/usr/src/gtest': gtests will be built
-- catkin 0.5.52
[rosbuild] Including /root/ros_core_ws/install/share/roscpp/rosbuild/roscpp.cmake
[rosbuild] Including /root/ros_core_ws/install/share/rospy/rosbuild/rospy.cmake
-- Configuring done
-- Generating done
-- Build files have been written to: /root/ros/geometry/angles/build
cd build && make -j -l1
make[1]: Entering directory `/root/ros/geometry/angles/build'
make[1]: Leaving directory `/root/ros/geometry/angles/build'
