mkdir -p bin
cd build && cmake -Wdev -DCMAKE_TOOLCHAIN_FILE=/root/ros_core_ws/install/share/ros/core/rosbuild/rostoolchain.cmake  ..
-- The C compiler identification is GNU
-- The CXX compiler identification is GNU
-- Check for working C compiler: /usr/bin/gcc
-- Check for working C compiler: /usr/bin/gcc -- works
-- Detecting C compiler ABI info
-- Detecting C compiler ABI info - done
-- Check for working CXX compiler: /usr/bin/c++
-- Check for working CXX compiler: /usr/bin/c++ -- works
-- Detecting CXX compiler ABI info
-- Detecting CXX compiler ABI info - done
-- Found PythonInterp: /usr/bin/python (found version "2.7.3")
[rosbuild] Building package tf_conversions
[rosbuild] Cached build flags older than manifests; calling rospack to get flags
-- Using CATKIN_DEVEL_PREFIX: /root/ros/geometry/tf_conversions/build/devel
-- Using CMAKE_PREFIX_PATH: /root/ros_core_ws/install
-- This workspace overlays: /root/ros_core_ws/install
-- Looking for include files CMAKE_HAVE_PTHREAD_H
-- Looking for include files CMAKE_HAVE_PTHREAD_H - found
-- Looking for pthread_create in pthreads
-- Looking for pthread_create in pthreads - not found
-- Looking for pthread_create in pthread
-- Looking for pthread_create in pthread - found
-- Found Threads: TRUE 
-- Found gtest sources under '/usr/src/gtest': gtests will be built
-- catkin 0.5.52
[rosbuild] Including /root/ros_core_ws/install/share/roscpp/rosbuild/roscpp.cmake
[rosbuild] Including /root/ros_core_ws/install/share/rospy/rosbuild/rospy.cmake
[rosbuild] WARNING: rosbuild_genmsg() was called, but no .msg files were found
[rosbuild] WARNING: rosbuild_gensrv() was called, but no .srv files were found
-- Configuring done
-- Generating done
-- Build files have been written to: /root/ros/geometry/tf_conversions/build
cd build && make -j -l1
make[1]: Entering directory `/root/ros/geometry/tf_conversions/build'
make[2]: Entering directory `/root/ros/geometry/tf_conversions/build'
make[3]: Entering directory `/root/ros/geometry/tf_conversions/build'
Scanning dependencies of target rosbuild_premsgsrvgen
make[3]: Leaving directory `/root/ros/geometry/tf_conversions/build'
[  0%] Built target rosbuild_premsgsrvgen
make[3]: Entering directory `/root/ros/geometry/tf_conversions/build'
Scanning dependencies of target rospack_genmsg_libexe
make[3]: Leaving directory `/root/ros/geometry/tf_conversions/build'
[  0%] Built target rospack_genmsg_libexe
make[3]: Entering directory `/root/ros/geometry/tf_conversions/build'
Scanning dependencies of target ROSBUILD_gensrv_cpp
make[3]: Leaving directory `/root/ros/geometry/tf_conversions/build'
[  0%] Built target ROSBUILD_gensrv_cpp
make[3]: Entering directory `/root/ros/geometry/tf_conversions/build'
Scanning dependencies of target ROSBUILD_genmsg_cpp
make[3]: Leaving directory `/root/ros/geometry/tf_conversions/build'
[  0%] Built target ROSBUILD_genmsg_cpp
make[3]: Entering directory `/root/ros/geometry/tf_conversions/build'
Scanning dependencies of target rospack_gensrv
make[3]: Leaving directory `/root/ros/geometry/tf_conversions/build'
[  0%] Built target rospack_gensrv
make[3]: Entering directory `/root/ros/geometry/tf_conversions/build'
Scanning dependencies of target rospack_genmsg
make[3]: Leaving directory `/root/ros/geometry/tf_conversions/build'
[  0%] Built target rospack_genmsg
make[3]: Entering directory `/root/ros/geometry/tf_conversions/build'
Scanning dependencies of target rospack_gensrv_all
make[3]: Leaving directory `/root/ros/geometry/tf_conversions/build'
[  0%] Built target rospack_gensrv_all
make[3]: Entering directory `/root/ros/geometry/tf_conversions/build'
Scanning dependencies of target rosbuild_precompile
make[3]: Leaving directory `/root/ros/geometry/tf_conversions/build'
[  0%] Built target rosbuild_precompile
make[3]: Entering directory `/root/ros/geometry/tf_conversions/build'
Scanning dependencies of target rospack_genmsg_all
make[3]: Leaving directory `/root/ros/geometry/tf_conversions/build'
[  0%] Built target rospack_genmsg_all
make[3]: Entering directory `/root/ros/geometry/tf_conversions/build'
Scanning dependencies of target tf_conversions
make[3]: Leaving directory `/root/ros/geometry/tf_conversions/build'
make[3]: Entering directory `/root/ros/geometry/tf_conversions/build'
[ 50%] Building CXX object CMakeFiles/tf_conversions.dir/src/tf_kdl.cpp.o
[100%] Building CXX object CMakeFiles/tf_conversions.dir/src/tf_eigen.cpp.o
Linking CXX shared library ../lib/libtf_conversions.so
make[3]: Leaving directory `/root/ros/geometry/tf_conversions/build'
[100%] Built target tf_conversions
make[2]: Leaving directory `/root/ros/geometry/tf_conversions/build'
make[1]: Leaving directory `/root/ros/geometry/tf_conversions/build'
