mkdir -p bin
cd build && cmake -Wdev -DCMAKE_TOOLCHAIN_FILE=/root/ros_core_ws/install/share/ros/core/rosbuild/rostoolchain.cmake  ..
-- The C compiler identification is GNU
-- The CXX compiler identification is GNU
-- Check for working C compiler: /usr/bin/gcc
-- Check for working C compiler: /usr/bin/gcc -- works
-- Detecting C compiler ABI info
-- Detecting C compiler ABI info - done
-- Check for working CXX compiler: /usr/bin/c++
-- Check for working CXX compiler: /usr/bin/c++ -- works
-- Detecting CXX compiler ABI info
-- Detecting CXX compiler ABI info - done
-- Found PythonInterp: /usr/bin/python (found version "2.7.3")
[rosbuild] Building package tf
[rosbuild] Cached build flags older than manifests; calling rospack to get flags
-- Using CATKIN_DEVEL_PREFIX: /root/ros/geometry/tf/build/devel
-- Using CMAKE_PREFIX_PATH: /root/ros_core_ws/install
-- This workspace overlays: /root/ros_core_ws/install
-- Looking for include files CMAKE_HAVE_PTHREAD_H
-- Looking for include files CMAKE_HAVE_PTHREAD_H - found
-- Looking for pthread_create in pthreads
-- Looking for pthread_create in pthreads - not found
-- Looking for pthread_create in pthread
-- Looking for pthread_create in pthread - found
-- Found Threads: TRUE 
-- Found gtest sources under '/usr/src/gtest': gtests will be built
-- catkin 0.5.52
[rosbuild] Including /root/ros_core_ws/install/share/roscpp/rosbuild/roscpp.cmake
[rosbuild] Including /root/ros_core_ws/install/share/rospy/rosbuild/rospy.cmake
[rosbuild] WARNING: The *_future() macros are deprecated.
-- Found PythonLibs: /usr/lib/libpython2.7.so 
-- Performing Test HAS_SSE3_EXTENSIONS
-- Performing Test HAS_SSE3_EXTENSIONS - Failed
-- Performing Test HAS_SSE2_EXTENSIONS
-- Performing Test HAS_SSE2_EXTENSIONS - Failed
-- Performing Test HAS_SSE_EXTENSIONS
-- Performing Test HAS_SSE_EXTENSIONS - Failed
-- Configuring done
-- Generating done
-- Build files have been written to: /root/ros/geometry/tf/build
cd build && make -j -l1
make[1]: Entering directory `/root/ros/geometry/tf/build'
make[2]: Entering directory `/root/ros/geometry/tf/build'
make[3]: Entering directory `/root/ros/geometry/tf/build'
Scanning dependencies of target rospack_genmsg_libexe
make[3]: Leaving directory `/root/ros/geometry/tf/build'
[  0%] Built target rospack_genmsg_libexe
make[3]: Entering directory `/root/ros/geometry/tf/build'
Scanning dependencies of target rosbuild_premsgsrvgen
make[3]: Leaving directory `/root/ros/geometry/tf/build'
[  0%] Built target rosbuild_premsgsrvgen
make[3]: Entering directory `/root/ros/geometry/tf/build'
Scanning dependencies of target ROSBUILD_genmsg_cpp
make[3]: Leaving directory `/root/ros/geometry/tf/build'
make[3]: Entering directory `/root/ros/geometry/tf/build'
[  4%] Generating ../msg_gen/cpp/include/tf/tfMessage.h
make[3]: Leaving directory `/root/ros/geometry/tf/build'
[  4%] Built target ROSBUILD_genmsg_cpp
make[3]: Entering directory `/root/ros/geometry/tf/build'
Scanning dependencies of target ROSBUILD_gensrv_py
make[3]: Leaving directory `/root/ros/geometry/tf/build'
make[3]: Entering directory `/root/ros/geometry/tf/build'
[  9%] Generating ../src/tf/srv/_FrameGraph.py
[ 14%] Generating ../src/tf/srv/__init__.py
make[3]: Leaving directory `/root/ros/geometry/tf/build'
[ 14%] Built target ROSBUILD_gensrv_py
make[3]: Entering directory `/root/ros/geometry/tf/build'
Scanning dependencies of target ROSBUILD_gensrv_cpp
make[3]: Leaving directory `/root/ros/geometry/tf/build'
make[3]: Entering directory `/root/ros/geometry/tf/build'
[ 19%] Generating ../srv_gen/cpp/include/tf/FrameGraph.h
make[3]: Leaving directory `/root/ros/geometry/tf/build'
[ 19%] Built target ROSBUILD_gensrv_cpp
make[3]: Entering directory `/root/ros/geometry/tf/build'
Scanning dependencies of target ROSBUILD_genmsg_py
make[3]: Leaving directory `/root/ros/geometry/tf/build'
make[3]: Entering directory `/root/ros/geometry/tf/build'
[ 23%] Generating ../src/tf/msg/_tfMessage.py
[ 28%] Generating ../src/tf/msg/__init__.py
make[3]: Leaving directory `/root/ros/geometry/tf/build'
[ 28%] Built target ROSBUILD_genmsg_py
make[3]: Entering directory `/root/ros/geometry/tf/build'
Scanning dependencies of target rospack_gensrv
make[3]: Leaving directory `/root/ros/geometry/tf/build'
[ 28%] Built target rospack_gensrv
make[3]: Entering directory `/root/ros/geometry/tf/build'
Scanning dependencies of target rospack_genmsg
make[3]: Leaving directory `/root/ros/geometry/tf/build'
[ 28%] Built target rospack_genmsg
make[3]: Entering directory `/root/ros/geometry/tf/build'
Scanning dependencies of target rospack_gensrv_all
make[3]: Leaving directory `/root/ros/geometry/tf/build'
[ 28%] Built target rospack_gensrv_all
make[3]: Entering directory `/root/ros/geometry/tf/build'
Scanning dependencies of target rospack_genmsg_all
make[3]: Leaving directory `/root/ros/geometry/tf/build'
[ 28%] Built target rospack_genmsg_all
make[3]: Entering directory `/root/ros/geometry/tf/build'
Scanning dependencies of target rosbuild_precompile
make[3]: Leaving directory `/root/ros/geometry/tf/build'
[ 28%] Built target rosbuild_precompile
make[3]: Entering directory `/root/ros/geometry/tf/build'
Scanning dependencies of target btTest
make[3]: Leaving directory `/root/ros/geometry/tf/build'
make[3]: Entering directory `/root/ros/geometry/tf/build'
[ 33%] Building CXX object CMakeFiles/bin/btTest.dir/test/quaternion.cpp.o
Linking CXX executable ../bin/btTest
make[3]: Leaving directory `/root/ros/geometry/tf/build'
[ 33%] Built target bin/btTest
make[3]: Entering directory `/root/ros/geometry/tf/build'
Scanning dependencies of target pytf_py
make[3]: Leaving directory `/root/ros/geometry/tf/build'
make[3]: Entering directory `/root/ros/geometry/tf/build'
[ 38%] Building CXX object CMakeFiles/pytf_py.dir/src/pytf.cpp.o
/root/ros/geometry/tf/src/pytf.cpp:444:1: warning: converting to non-pointer type ‘int’ from NULL [-Wconversion-null]
[ 42%] Building CXX object CMakeFiles/pytf_py.dir/src/cache.cpp.o
[ 47%] Building CXX object CMakeFiles/pytf_py.dir/src/transform_listener.cpp.o
[ 52%] Building CXX object CMakeFiles/pytf_py.dir/src/tf.cpp.o
Linking CXX shared library ../lib/_tf.so
make[3]: Leaving directory `/root/ros/geometry/tf/build'
[ 52%] Built target pytf_py
make[3]: Entering directory `/root/ros/geometry/tf/build'
Scanning dependencies of target tf
make[3]: Leaving directory `/root/ros/geometry/tf/build'
make[3]: Entering directory `/root/ros/geometry/tf/build'
[ 57%] Building CXX object CMakeFiles/tf.dir/src/tf.cpp.o
[ 61%] Building CXX object CMakeFiles/tf.dir/src/transform_broadcaster.cpp.o
[ 66%] Building CXX object CMakeFiles/tf.dir/src/cache.cpp.o
[ 71%] Building CXX object CMakeFiles/tf.dir/src/transform_listener.cpp.o
Linking CXX shared library ../lib/libtf.so
make[3]: Leaving directory `/root/ros/geometry/tf/build'
[ 71%] Built target tf
make[3]: Entering directory `/root/ros/geometry/tf/build'
Scanning dependencies of target change_notifier
make[3]: Leaving directory `/root/ros/geometry/tf/build'
make[3]: Entering directory `/root/ros/geometry/tf/build'
[ 76%] Building CXX object CMakeFiles/bin/change_notifier.dir/src/change_notifier.cpp.o
Linking CXX executable ../bin/change_notifier
make[3]: Leaving directory `/root/ros/geometry/tf/build'
[ 76%] Built target bin/change_notifier
make[3]: Entering directory `/root/ros/geometry/tf/build'
Scanning dependencies of target tf_monitor
make[3]: Leaving directory `/root/ros/geometry/tf/build'
make[3]: Entering directory `/root/ros/geometry/tf/build'
[ 80%] Building CXX object CMakeFiles/bin/tf_monitor.dir/src/tf_monitor.cpp.o
Linking CXX executable ../bin/tf_monitor
make[3]: Leaving directory `/root/ros/geometry/tf/build'
[ 80%] Built target bin/tf_monitor
make[3]: Entering directory `/root/ros/geometry/tf/build'
Scanning dependencies of target tf_echo
make[3]: Leaving directory `/root/ros/geometry/tf/build'
make[3]: Entering directory `/root/ros/geometry/tf/build'
[ 85%] Building CXX object CMakeFiles/bin/tf_echo.dir/src/tf_echo.cpp.o
Linking CXX executable ../bin/tf_echo
make[3]: Leaving directory `/root/ros/geometry/tf/build'
[ 85%] Built target bin/tf_echo
make[3]: Entering directory `/root/ros/geometry/tf/build'
Scanning dependencies of target testBroadcaster
make[3]: Leaving directory `/root/ros/geometry/tf/build'
make[3]: Entering directory `/root/ros/geometry/tf/build'
[ 90%] Building CXX object CMakeFiles/bin/testBroadcaster.dir/test/testBroadcaster.cpp.o
Linking CXX executable ../bin/testBroadcaster
make[3]: Leaving directory `/root/ros/geometry/tf/build'
[ 90%] Built target bin/testBroadcaster
make[3]: Entering directory `/root/ros/geometry/tf/build'
Scanning dependencies of target static_transform_publisher
make[3]: Leaving directory `/root/ros/geometry/tf/build'
make[3]: Entering directory `/root/ros/geometry/tf/build'
[ 95%] Building CXX object CMakeFiles/bin/static_transform_publisher.dir/src/static_transform_publisher.cpp.o
Linking CXX executable ../bin/static_transform_publisher
make[3]: Leaving directory `/root/ros/geometry/tf/build'
[ 95%] Built target bin/static_transform_publisher
make[3]: Entering directory `/root/ros/geometry/tf/build'
Scanning dependencies of target empty_listener
make[3]: Leaving directory `/root/ros/geometry/tf/build'
make[3]: Entering directory `/root/ros/geometry/tf/build'
[100%] Building CXX object CMakeFiles/bin/empty_listener.dir/src/empty_listener.cpp.o
Linking CXX executable ../bin/empty_listener
make[3]: Leaving directory `/root/ros/geometry/tf/build'
[100%] Built target bin/empty_listener
make[2]: Leaving directory `/root/ros/geometry/tf/build'
make[1]: Leaving directory `/root/ros/geometry/tf/build'
