mkdir -p bin
cd build && cmake -Wdev -DCMAKE_TOOLCHAIN_FILE=/root/ros_core_ws/install/share/ros/core/rosbuild/rostoolchain.cmake  ..
[rosbuild] Building package tf
-- Using CATKIN_DEVEL_PREFIX: /root/ros/geometry/tf/build/devel
-- Using CMAKE_PREFIX_PATH: /root/ros_core_ws/install
-- This workspace overlays: /root/ros_core_ws/install
-- Found gtest sources under '/usr/src/gtest': gtests will be built
-- catkin 0.5.52
[rosbuild] Including /root/ros_core_ws/install/share/roscpp/rosbuild/roscpp.cmake
[rosbuild] Including /root/ros_core_ws/install/share/rospy/rosbuild/rospy.cmake
[rosbuild] WARNING: The *_future() macros are deprecated.
-- Configuring done
-- Generating done
CMake Warning:
  Manually-specified variables were not used by the project:

    CMAKE_TOOLCHAIN_FILE


-- Build files have been written to: /root/ros/geometry/tf/build
cd build && make -j -l1
make[1]: Entering directory `/root/ros/geometry/tf/build'
make[2]: Entering directory `/root/ros/geometry/tf/build'
make[3]: Entering directory `/root/ros/geometry/tf/build'
make[3]: Leaving directory `/root/ros/geometry/tf/build'
[  0%] Built target rosbuild_premsgsrvgen
make[3]: Entering directory `/root/ros/geometry/tf/build'
make[3]: Leaving directory `/root/ros/geometry/tf/build'
[  0%] Built target rospack_genmsg_libexe
make[3]: Entering directory `/root/ros/geometry/tf/build'
make[3]: Leaving directory `/root/ros/geometry/tf/build'
[  9%] Built target ROSBUILD_genmsg_py
make[3]: Entering directory `/root/ros/geometry/tf/build'
make[3]: Leaving directory `/root/ros/geometry/tf/build'
[ 14%] Built target ROSBUILD_genmsg_cpp
make[3]: Entering directory `/root/ros/geometry/tf/build'
make[3]: Leaving directory `/root/ros/geometry/tf/build'
[ 19%] Built target ROSBUILD_gensrv_cpp
make[3]: Entering directory `/root/ros/geometry/tf/build'
make[3]: Leaving directory `/root/ros/geometry/tf/build'
[ 19%] Built target rospack_genmsg
make[3]: Entering directory `/root/ros/geometry/tf/build'
make[3]: Leaving directory `/root/ros/geometry/tf/build'
[ 28%] Built target ROSBUILD_gensrv_py
make[3]: Entering directory `/root/ros/geometry/tf/build'
make[3]: Leaving directory `/root/ros/geometry/tf/build'
[ 28%] Built target rospack_genmsg_all
make[3]: Entering directory `/root/ros/geometry/tf/build'
make[3]: Leaving directory `/root/ros/geometry/tf/build'
[ 28%] Built target rospack_gensrv
make[3]: Entering directory `/root/ros/geometry/tf/build'
make[3]: Leaving directory `/root/ros/geometry/tf/build'
[ 28%] Built target rosbuild_precompile
make[3]: Entering directory `/root/ros/geometry/tf/build'
make[3]: Leaving directory `/root/ros/geometry/tf/build'
[ 28%] Built target rospack_gensrv_all
make[3]: Entering directory `/root/ros/geometry/tf/build'
make[3]: Leaving directory `/root/ros/geometry/tf/build'
[ 47%] Built target pytf_py
make[3]: Entering directory `/root/ros/geometry/tf/build'
make[3]: Leaving directory `/root/ros/geometry/tf/build'
[ 66%] Built target tf
make[3]: Entering directory `/root/ros/geometry/tf/build'
make[3]: Leaving directory `/root/ros/geometry/tf/build'
[ 71%] Built target bin/btTest
make[3]: Entering directory `/root/ros/geometry/tf/build'
make[3]: Leaving directory `/root/ros/geometry/tf/build'
[ 76%] Built target bin/tf_monitor
make[3]: Entering directory `/root/ros/geometry/tf/build'
make[3]: Leaving directory `/root/ros/geometry/tf/build'
[ 80%] Built target bin/tf_echo
make[3]: Entering directory `/root/ros/geometry/tf/build'
make[3]: Leaving directory `/root/ros/geometry/tf/build'
[ 85%] Built target bin/testBroadcaster
make[3]: Entering directory `/root/ros/geometry/tf/build'
make[3]: Leaving directory `/root/ros/geometry/tf/build'
[ 90%] Built target bin/static_transform_publisher
make[3]: Entering directory `/root/ros/geometry/tf/build'
make[3]: Leaving directory `/root/ros/geometry/tf/build'
[ 95%] Built target bin/empty_listener
make[3]: Entering directory `/root/ros/geometry/tf/build'
make[3]: Leaving directory `/root/ros/geometry/tf/build'
[100%] Built target bin/change_notifier
make[2]: Leaving directory `/root/ros/geometry/tf/build'
make[1]: Leaving directory `/root/ros/geometry/tf/build'
